[0.026s] Invoking command in '/home/ubuntu/robot-simulation/src/build/yaskawa_mh5_bringup': CMAKE_PREFIX_PATH=${CMAKE_PREFIX_PATH}:/opt/ros/humble /usr/bin/cmake /home/ubuntu/robot-simulation/src/yaskawa_mh5_bringup -DCMAKE_INSTALL_PREFIX=/home/ubuntu/robot-simulation/src/install/yaskawa_mh5_bringup
[0.144s] -- The C compiler identification is GNU 11.4.0
[0.255s] -- The CXX compiler identification is GNU 11.4.0
[0.269s] -- Detecting C compiler ABI info
[0.399s] -- Detecting C compiler ABI info - done
[0.420s] -- Check for working C compiler: /usr/bin/cc - skipped
[0.420s] -- Detecting C compile features
[0.421s] -- Detecting C compile features - done
[0.428s] -- Detecting CXX compiler ABI info
[0.583s] -- Detecting CXX compiler ABI info - done
[0.597s] -- Check for working CXX compiler: /usr/bin/c++ - skipped
[0.597s] -- Detecting CXX compile features
[0.598s] -- Detecting CXX compile features - done
[0.603s] -- Found ament_cmake: 1.3.9 (/opt/ros/humble/share/ament_cmake/cmake)
[0.881s] -- Found Python3: /usr/bin/python3 (found version "3.10.12") found components: Interpreter 
[1.046s] -- Found ament_lint_auto: 0.12.11 (/opt/ros/humble/share/ament_lint_auto/cmake)
[1.243s] -- Added test 'flake8' to check Python code syntax and style conventions
[1.243s] -- Added test 'lint_cmake' to check CMake code style
[1.244s] -- Added test 'pep257' to check Python code against some of the docstring style conventions in PEP 257
[1.244s] -- Added test 'xmllint' to check XML markup files
[1.244s] -- Configuring done
[1.248s] -- Generating done
[1.251s] -- Build files have been written to: /home/ubuntu/robot-simulation/src/build/yaskawa_mh5_bringup
[1.263s] Invoked command in '/home/ubuntu/robot-simulation/src/build/yaskawa_mh5_bringup' returned '0': CMAKE_PREFIX_PATH=${CMAKE_PREFIX_PATH}:/opt/ros/humble /usr/bin/cmake /home/ubuntu/robot-simulation/src/yaskawa_mh5_bringup -DCMAKE_INSTALL_PREFIX=/home/ubuntu/robot-simulation/src/install/yaskawa_mh5_bringup
[1.263s] Invoking command in '/home/ubuntu/robot-simulation/src/build/yaskawa_mh5_bringup': CMAKE_PREFIX_PATH=${CMAKE_PREFIX_PATH}:/opt/ros/humble /usr/bin/cmake --build /home/ubuntu/robot-simulation/src/build/yaskawa_mh5_bringup -- -j8 -l8
[1.322s] Invoked command in '/home/ubuntu/robot-simulation/src/build/yaskawa_mh5_bringup' returned '0': CMAKE_PREFIX_PATH=${CMAKE_PREFIX_PATH}:/opt/ros/humble /usr/bin/cmake --build /home/ubuntu/robot-simulation/src/build/yaskawa_mh5_bringup -- -j8 -l8
[1.372s] Invoking command in '/home/ubuntu/robot-simulation/src/build/yaskawa_mh5_bringup': CMAKE_PREFIX_PATH=${CMAKE_PREFIX_PATH}:/opt/ros/humble /usr/bin/cmake --install /home/ubuntu/robot-simulation/src/build/yaskawa_mh5_bringup
[1.384s] -- Install configuration: ""
[1.384s] -- Installing: /home/ubuntu/robot-simulation/src/install/yaskawa_mh5_bringup/share/yaskawa_mh5_bringup/launch
[1.384s] -- Installing: /home/ubuntu/robot-simulation/src/install/yaskawa_mh5_bringup/share/yaskawa_mh5_bringup/launch/yaskawa_simulation.launch.py
[1.385s] -- Installing: /home/ubuntu/robot-simulation/src/install/yaskawa_mh5_bringup/share/ament_index/resource_index/package_run_dependencies/yaskawa_mh5_bringup
[1.385s] -- Installing: /home/ubuntu/robot-simulation/src/install/yaskawa_mh5_bringup/share/ament_index/resource_index/parent_prefix_path/yaskawa_mh5_bringup
[1.385s] -- Installing: /home/ubuntu/robot-simulation/src/install/yaskawa_mh5_bringup/share/yaskawa_mh5_bringup/environment/ament_prefix_path.sh
[1.385s] -- Installing: /home/ubuntu/robot-simulation/src/install/yaskawa_mh5_bringup/share/yaskawa_mh5_bringup/environment/ament_prefix_path.dsv
[1.386s] -- Installing: /home/ubuntu/robot-simulation/src/install/yaskawa_mh5_bringup/share/yaskawa_mh5_bringup/environment/path.sh
[1.387s] -- Installing: /home/ubuntu/robot-simulation/src/install/yaskawa_mh5_bringup/share/yaskawa_mh5_bringup/environment/path.dsv
[1.387s] -- Installing: /home/ubuntu/robot-simulation/src/install/yaskawa_mh5_bringup/share/yaskawa_mh5_bringup/local_setup.bash
[1.388s] -- Installing: /home/ubuntu/robot-simulation/src/install/yaskawa_mh5_bringup/share/yaskawa_mh5_bringup/local_setup.sh
[1.388s] -- Installing: /home/ubuntu/robot-simulation/src/install/yaskawa_mh5_bringup/share/yaskawa_mh5_bringup/local_setup.zsh
[1.388s] -- Installing: /home/ubuntu/robot-simulation/src/install/yaskawa_mh5_bringup/share/yaskawa_mh5_bringup/local_setup.dsv
[1.388s] -- Installing: /home/ubuntu/robot-simulation/src/install/yaskawa_mh5_bringup/share/yaskawa_mh5_bringup/package.dsv
[1.388s] -- Installing: /home/ubuntu/robot-simulation/src/install/yaskawa_mh5_bringup/share/ament_index/resource_index/packages/yaskawa_mh5_bringup
[1.388s] -- Installing: /home/ubuntu/robot-simulation/src/install/yaskawa_mh5_bringup/share/yaskawa_mh5_bringup/cmake/yaskawa_mh5_bringupConfig.cmake
[1.389s] -- Installing: /home/ubuntu/robot-simulation/src/install/yaskawa_mh5_bringup/share/yaskawa_mh5_bringup/cmake/yaskawa_mh5_bringupConfig-version.cmake
[1.389s] -- Installing: /home/ubuntu/robot-simulation/src/install/yaskawa_mh5_bringup/share/yaskawa_mh5_bringup/package.xml
[1.393s] Invoked command in '/home/ubuntu/robot-simulation/src/build/yaskawa_mh5_bringup' returned '0': CMAKE_PREFIX_PATH=${CMAKE_PREFIX_PATH}:/opt/ros/humble /usr/bin/cmake --install /home/ubuntu/robot-simulation/src/build/yaskawa_mh5_bringup
