[0.025s] Invoking command in '/home/ubuntu/robot-simulation/src/build/point_cloud_processing': CMAKE_PREFIX_PATH=${CMAKE_PREFIX_PATH}:/opt/ros/humble /usr/bin/cmake /home/ubuntu/robot-simulation/src/point_cloud_processing -DCMAKE_INSTALL_PREFIX=/home/ubuntu/robot-simulation/src/install/point_cloud_processing
[0.158s] -- The C compiler identification is GNU 11.4.0
[0.248s] -- The CXX compiler identification is GNU 11.4.0
[0.268s] -- Detecting C compiler ABI info
[0.403s] -- Detecting C compiler ABI info - done
[0.426s] -- Check for working C compiler: /usr/bin/cc - skipped
[0.426s] -- Detecting C compile features
[0.427s] -- Detecting C compile features - done
[0.433s] -- Detecting CXX compiler ABI info
[0.572s] -- Detecting CXX compiler ABI info - done
[0.591s] -- Check for working CXX compiler: /usr/bin/c++ - skipped
[0.592s] -- Detecting CXX compile features
[0.593s] -- Detecting CXX compile features - done
[0.598s] -- Found ament_cmake: 1.3.9 (/opt/ros/humble/share/ament_cmake/cmake)
[0.845s] -- Found Python3: /usr/bin/python3 (found version "3.10.12") found components: Interpreter 
[1.066s] -- Checking for module 'eigen3'
[1.090s] --   Found eigen3, version 3.4.0
[1.142s] -- Found Eigen: /usr/include/eigen3 (Required is at least version "3.1") 
[1.142s] -- Eigen found (include: /usr/include/eigen3, version: 3.4.0)
[1.247s] -- Found Boost: /usr/lib/x86_64-linux-gnu/cmake/Boost-1.74.0/BoostConfig.cmake (found suitable version "1.74.0", minimum required is "1.65.0") found components: system filesystem date_time iostreams serialization 
[1.292s] -- Checking for module 'flann'
[1.312s] --   Found flann, version 1.9.1
[1.392s] -- Found FLANN: /usr/lib/x86_64-linux-gnu/libflann_cpp.so  
[1.392s] -- FLANN found (include: /usr/include, lib: /usr/lib/x86_64-linux-gnu/libflann_cpp.so)
[1.467s] -- Looking for pthread.h
[1.573s] -- Looking for pthread.h - found
[1.573s] -- Performing Test CMAKE_HAVE_LIBC_PTHREAD
[1.665s] -- Performing Test CMAKE_HAVE_LIBC_PTHREAD - Success
[1.667s] -- Found Threads: TRUE  
[1.671s] -- Found GLEW: /usr/lib/x86_64-linux-gnu/libGLEW.so  
[1.679s] -- Found OpenGL: /usr/lib/x86_64-linux-gnu/libOpenGL.so  found components: OpenGL GLX 
[1.864s] -- Found MPI_C: /usr/lib/x86_64-linux-gnu/libmpi.so (found version "3.1") 
[1.865s] -- Found MPI: TRUE (found version "3.1") found components: C 
[1.869s] -- Found JsonCpp: /usr/lib/x86_64-linux-gnu/libjsoncpp.so (found suitable version "1.9.5", minimum required is "0.7.0") 
[1.880s] -- Found ZLIB: /usr/lib/x86_64-linux-gnu/libz.so (found version "1.2.11") 
[1.903s] -- Found PNG: /usr/lib/x86_64-linux-gnu/libpng.so (found version "1.6.37") 
[1.940s] -- Found Eigen3: /usr/include/eigen3 (found version "3.4.0") 
[2.099s] -- Found X11: /usr/include   
[2.100s] -- Looking for XOpenDisplay in /usr/lib/x86_64-linux-gnu/libX11.so;/usr/lib/x86_64-linux-gnu/libXext.so
[2.186s] -- Looking for XOpenDisplay in /usr/lib/x86_64-linux-gnu/libX11.so;/usr/lib/x86_64-linux-gnu/libXext.so - found
[2.186s] -- Looking for gethostbyname
[2.270s] -- Looking for gethostbyname - found
[2.270s] -- Looking for connect
[2.357s] -- Looking for connect - found
[2.358s] -- Looking for remove
[2.449s] -- Looking for remove - found
[2.449s] -- Looking for shmat
[2.534s] -- Looking for shmat - found
[2.534s] -- Looking for IceConnectionNumber in ICE
[2.617s] -- Looking for IceConnectionNumber in ICE - found
[2.722s] -- Found EXPAT: /usr/lib/x86_64-linux-gnu/libexpat.so (found version "2.4.7") 
[2.726s] -- Found double-conversion: /usr/lib/x86_64-linux-gnu/libdouble-conversion.so  
[2.732s] -- Found LZ4: /usr/lib/x86_64-linux-gnu/liblz4.so (found version "1.9.3") 
[2.736s] -- Found LZMA: /usr/lib/x86_64-linux-gnu/liblzma.so (found version "5.2.5") 
[2.797s] -- Found JPEG: /usr/lib/x86_64-linux-gnu/libjpeg.so (found version "80") 
[2.802s] -- Found TIFF: /usr/lib/x86_64-linux-gnu/libtiff.so (found version "4.3.0")  
[2.807s] -- Found Freetype: /usr/lib/x86_64-linux-gnu/libfreetype.so (found version "2.11.1") 
[2.816s] -- Found utf8cpp: /usr/include/utf8cpp  
[2.932s] -- Checking for module 'libusb-1.0'
[2.958s] --   Found libusb-1.0, version 1.0.25
[3.026s] -- Found libusb: /usr/lib/x86_64-linux-gnu/libusb-1.0.so  
[3.029s] -- Found OpenNI: /usr/lib/libOpenNI.so;libusb::libusb (found version "1.5.4.0") 
[3.029s] -- OpenNI found (version: 1.5.4.0, include: /usr/include/ni, lib: /usr/lib/libOpenNI.so;libusb::libusb)
[3.134s] -- Found OpenNI2: /usr/lib/x86_64-linux-gnu/libOpenNI2.so;libusb::libusb (found version "2.2.0.33") 
[3.134s] -- OpenNI2 found (version: 2.2.0.33, include: /usr/include/openni2, lib: /usr/lib/x86_64-linux-gnu/libOpenNI2.so;libusb::libusb)
[3.134s] [0m** WARNING ** io features related to pcap will be disabled[0m
[3.359s] -- Eigen found (include: /usr/include/eigen3, version: 3.4.0)
[3.365s] -- OpenNI found (version: 1.5.4.0, include: /usr/include/ni, lib: /usr/lib/libOpenNI.so;libusb::libusb)
[3.372s] -- OpenNI2 found (version: 2.2.0.33, include: /usr/include/openni2, lib: /usr/lib/x86_64-linux-gnu/libOpenNI2.so;libusb::libusb)
[3.626s] -- Found Qhull version 8.0.2
[3.931s] -- OpenNI found (version: 1.5.4.0, include: /usr/include/ni, lib: /usr/lib/libOpenNI.so;libusb::libusb)
[4.222s] -- looking for PCL_COMMON
[4.224s] -- Found PCL_COMMON: /usr/lib/x86_64-linux-gnu/libpcl_common.so  
[4.233s] -- looking for PCL_KDTREE
[4.234s] -- Found PCL_KDTREE: /usr/lib/x86_64-linux-gnu/libpcl_kdtree.so  
[4.235s] -- looking for PCL_OCTREE
[4.237s] -- Found PCL_OCTREE: /usr/lib/x86_64-linux-gnu/libpcl_octree.so  
[4.237s] -- looking for PCL_SEARCH
[4.240s] -- Found PCL_SEARCH: /usr/lib/x86_64-linux-gnu/libpcl_search.so  
[4.241s] -- looking for PCL_SAMPLE_CONSENSUS
[4.244s] -- Found PCL_SAMPLE_CONSENSUS: /usr/lib/x86_64-linux-gnu/libpcl_sample_consensus.so  
[4.244s] -- looking for PCL_FILTERS
[4.247s] -- Found PCL_FILTERS: /usr/lib/x86_64-linux-gnu/libpcl_filters.so  
[4.248s] -- looking for PCL_2D
[4.249s] -- Found PCL_2D: /usr/include/pcl-1.12  
[4.250s] -- looking for PCL_GEOMETRY
[4.251s] -- Found PCL_GEOMETRY: /usr/include/pcl-1.12  
[4.252s] -- looking for PCL_IO
[4.255s] -- Found PCL_IO: /usr/lib/x86_64-linux-gnu/libpcl_io.so  
[4.256s] -- looking for PCL_FEATURES
[4.259s] -- Found PCL_FEATURES: /usr/lib/x86_64-linux-gnu/libpcl_features.so  
[4.260s] -- looking for PCL_ML
[4.263s] -- Found PCL_ML: /usr/lib/x86_64-linux-gnu/libpcl_ml.so  
[4.263s] -- looking for PCL_SEGMENTATION
[4.266s] -- Found PCL_SEGMENTATION: /usr/lib/x86_64-linux-gnu/libpcl_segmentation.so  
[4.268s] -- looking for PCL_VISUALIZATION
[4.271s] -- Found PCL_VISUALIZATION: /usr/lib/x86_64-linux-gnu/libpcl_visualization.so  
[4.272s] -- looking for PCL_SURFACE
[4.274s] -- Found PCL_SURFACE: /usr/lib/x86_64-linux-gnu/libpcl_surface.so  
[4.275s] -- looking for PCL_REGISTRATION
[4.278s] -- Found PCL_REGISTRATION: /usr/lib/x86_64-linux-gnu/libpcl_registration.so  
[4.279s] -- looking for PCL_KEYPOINTS
[4.281s] -- Found PCL_KEYPOINTS: /usr/lib/x86_64-linux-gnu/libpcl_keypoints.so  
[4.282s] -- looking for PCL_TRACKING
[4.285s] -- Found PCL_TRACKING: /usr/lib/x86_64-linux-gnu/libpcl_tracking.so  
[4.286s] -- looking for PCL_RECOGNITION
[4.288s] -- Found PCL_RECOGNITION: /usr/lib/x86_64-linux-gnu/libpcl_recognition.so  
[4.289s] -- looking for PCL_STEREO
[4.292s] -- Found PCL_STEREO: /usr/lib/x86_64-linux-gnu/libpcl_stereo.so  
[4.292s] -- looking for PCL_APPS
[4.294s] -- Found PCL_APPS: /usr/lib/x86_64-linux-gnu/libpcl_apps.so  
[4.295s] -- looking for PCL_IN_HAND_SCANNER
[4.296s] -- Found PCL_IN_HAND_SCANNER: /usr/include/pcl-1.12  
[4.296s] -- looking for PCL_MODELER
[4.296s] -- Found PCL_MODELER: /usr/include/pcl-1.12  
[4.297s] -- looking for PCL_POINT_CLOUD_EDITOR
[4.298s] -- Found PCL_POINT_CLOUD_EDITOR: /usr/include/pcl-1.12  
[4.298s] -- looking for PCL_OUTOFCORE
[4.300s] -- Found PCL_OUTOFCORE: /usr/lib/x86_64-linux-gnu/libpcl_outofcore.so  
[4.300s] -- looking for PCL_PEOPLE
[4.303s] -- Found PCL_PEOPLE: /usr/lib/x86_64-linux-gnu/libpcl_people.so  
[4.305s] -- Found PCL: pcl_common;pcl_kdtree;pcl_octree;pcl_search;pcl_sample_consensus;pcl_filters;pcl_io;pcl_features;pcl_ml;pcl_segmentation;pcl_visualization;pcl_surface;pcl_registration;pcl_keypoints;pcl_tracking;pcl_recognition;pcl_stereo;pcl_apps;pcl_outofcore;pcl_people;Boost::system;Boost::filesystem;Boost::date_time;Boost::iostreams;Boost::serialization;/usr/lib/libOpenNI.so;libusb::libusb;/usr/lib/x86_64-linux-gnu/libOpenNI2.so;libusb::libusb;VTK::ChartsCore;VTK::CommonColor;VTK::CommonComputationalGeometry;VTK::CommonCore;VTK::CommonDataModel;VTK::CommonExecutionModel;VTK::CommonMath;VTK::CommonMisc;VTK::CommonTransforms;VTK::FiltersCore;VTK::FiltersExtraction;VTK::FiltersGeneral;VTK::FiltersGeometry;VTK::FiltersModeling;VTK::FiltersSources;VTK::ImagingCore;VTK::ImagingSources;VTK::InteractionImage;VTK::InteractionStyle;VTK::InteractionWidgets;VTK::IOCore;VTK::IOGeometry;VTK::IOImage;VTK::IOLegacy;VTK::IOPLY;VTK::RenderingAnnotation;VTK::RenderingCore;VTK::RenderingContext2D;VTK::RenderingLOD;VTK::RenderingFreeType;VTK::ViewsCore;VTK::ViewsContext2D;VTK::RenderingOpenGL2;VTK::GUISupportQt;FLANN::FLANN;QHULL::QHULL  
[4.474s] -- Configuring done
[4.638s] -- Generating done
[4.641s] -- Build files have been written to: /home/ubuntu/robot-simulation/src/build/point_cloud_processing
[4.665s] Invoked command in '/home/ubuntu/robot-simulation/src/build/point_cloud_processing' returned '0': CMAKE_PREFIX_PATH=${CMAKE_PREFIX_PATH}:/opt/ros/humble /usr/bin/cmake /home/ubuntu/robot-simulation/src/point_cloud_processing -DCMAKE_INSTALL_PREFIX=/home/ubuntu/robot-simulation/src/install/point_cloud_processing
[4.670s] Invoking command in '/home/ubuntu/robot-simulation/src/build/point_cloud_processing': CMAKE_PREFIX_PATH=${CMAKE_PREFIX_PATH}:/opt/ros/humble /usr/bin/cmake --build /home/ubuntu/robot-simulation/src/build/point_cloud_processing -- -j8 -l8
[4.757s] [ 12%] [32mBuilding CXX object CMakeFiles/filtering.dir/src/filtering_segmentation.cpp.o[0m
[4.760s] [ 25%] [32mBuilding CXX object CMakeFiles/circular_cloud.dir/src/circular_point.cpp.o[0m
[4.771s] [ 37%] [32mBuilding CXX object CMakeFiles/pass_through.dir/src/pass_through.cpp.o[0m
[4.779s] [ 50%] [32mBuilding CXX object CMakeFiles/correspondence_grouping.dir/src/correspondence_grouping.cpp.o[0m
[10.477s] [ 62%] [32m[1mLinking CXX executable circular_cloud[0m
[11.267s] [ 75%] [32m[1mLinking CXX executable pass_through[0m
[11.398s] [ 75%] Built target circular_cloud
[12.193s] [ 87%] [32m[1mLinking CXX executable filtering[0m
[12.276s] [ 87%] Built target pass_through
[13.356s] [ 87%] Built target filtering
[22.180s] [100%] [32m[1mLinking CXX executable correspondence_grouping[0m
[24.617s] [100%] Built target correspondence_grouping
[24.634s] Invoked command in '/home/ubuntu/robot-simulation/src/build/point_cloud_processing' returned '0': CMAKE_PREFIX_PATH=${CMAKE_PREFIX_PATH}:/opt/ros/humble /usr/bin/cmake --build /home/ubuntu/robot-simulation/src/build/point_cloud_processing -- -j8 -l8
[24.688s] Invoking command in '/home/ubuntu/robot-simulation/src/build/point_cloud_processing': CMAKE_PREFIX_PATH=${CMAKE_PREFIX_PATH}:/opt/ros/humble /usr/bin/cmake --install /home/ubuntu/robot-simulation/src/build/point_cloud_processing
[24.698s] -- Install configuration: ""
[24.698s] -- Installing: /home/ubuntu/robot-simulation/src/install/point_cloud_processing/lib/point_cloud_processing/circular_cloud
[24.698s] -- Installing: /home/ubuntu/robot-simulation/src/install/point_cloud_processing/lib/point_cloud_processing/filtering
[24.699s] -- Installing: /home/ubuntu/robot-simulation/src/install/point_cloud_processing/lib/point_cloud_processing/pass_through
[24.700s] -- Installing: /home/ubuntu/robot-simulation/src/install/point_cloud_processing/lib/point_cloud_processing/correspondence_grouping
[24.703s] -- Installing: /home/ubuntu/robot-simulation/src/install/point_cloud_processing/share/ament_index/resource_index/package_run_dependencies/point_cloud_processing
[24.703s] -- Installing: /home/ubuntu/robot-simulation/src/install/point_cloud_processing/share/ament_index/resource_index/parent_prefix_path/point_cloud_processing
[24.704s] -- Installing: /home/ubuntu/robot-simulation/src/install/point_cloud_processing/share/point_cloud_processing/environment/ament_prefix_path.sh
[24.704s] -- Installing: /home/ubuntu/robot-simulation/src/install/point_cloud_processing/share/point_cloud_processing/environment/ament_prefix_path.dsv
[24.704s] -- Installing: /home/ubuntu/robot-simulation/src/install/point_cloud_processing/share/point_cloud_processing/environment/path.sh
[24.704s] -- Installing: /home/ubuntu/robot-simulation/src/install/point_cloud_processing/share/point_cloud_processing/environment/path.dsv
[24.705s] -- Installing: /home/ubuntu/robot-simulation/src/install/point_cloud_processing/share/point_cloud_processing/local_setup.bash
[24.705s] -- Installing: /home/ubuntu/robot-simulation/src/install/point_cloud_processing/share/point_cloud_processing/local_setup.sh
[24.705s] -- Installing: /home/ubuntu/robot-simulation/src/install/point_cloud_processing/share/point_cloud_processing/local_setup.zsh
[24.705s] -- Installing: /home/ubuntu/robot-simulation/src/install/point_cloud_processing/share/point_cloud_processing/local_setup.dsv
[24.705s] -- Installing: /home/ubuntu/robot-simulation/src/install/point_cloud_processing/share/point_cloud_processing/package.dsv
[24.706s] -- Installing: /home/ubuntu/robot-simulation/src/install/point_cloud_processing/share/ament_index/resource_index/packages/point_cloud_processing
[24.706s] -- Installing: /home/ubuntu/robot-simulation/src/install/point_cloud_processing/share/point_cloud_processing/cmake/point_cloud_processingConfig.cmake
[24.706s] -- Installing: /home/ubuntu/robot-simulation/src/install/point_cloud_processing/share/point_cloud_processing/cmake/point_cloud_processingConfig-version.cmake
[24.706s] -- Installing: /home/ubuntu/robot-simulation/src/install/point_cloud_processing/share/point_cloud_processing/package.xml
[24.710s] Invoked command in '/home/ubuntu/robot-simulation/src/build/point_cloud_processing' returned '0': CMAKE_PREFIX_PATH=${CMAKE_PREFIX_PATH}:/opt/ros/humble /usr/bin/cmake --install /home/ubuntu/robot-simulation/src/build/point_cloud_processing
