[0.026s] Invoking command in '/home/ubuntu/robot-simulation/src/build/yaskawa_mh5_controller': CMAKE_PREFIX_PATH=${CMAKE_PREFIX_PATH}:/opt/ros/humble /usr/bin/cmake /home/ubuntu/robot-simulation/src/yaskawa_mh5_controller -DCMAKE_INSTALL_PREFIX=/home/ubuntu/robot-simulation/src/install/yaskawa_mh5_controller
[0.140s] -- The C compiler identification is GNU 11.4.0
[0.242s] -- The CXX compiler identification is GNU 11.4.0
[0.259s] -- Detecting C compiler ABI info
[0.393s] -- Detecting C compiler ABI info - done
[0.415s] -- Check for working C compiler: /usr/bin/cc - skipped
[0.415s] -- Detecting C compile features
[0.416s] -- Detecting C compile features - done
[0.423s] -- Detecting CXX compiler ABI info
[0.550s] -- Detecting CXX compiler ABI info - done
[0.567s] -- Check for working CXX compiler: /usr/bin/c++ - skipped
[0.568s] -- Detecting CXX compile features
[0.568s] -- Detecting CXX compile features - done
[0.585s] -- Found ament_cmake: 1.3.9 (/opt/ros/humble/share/ament_cmake/cmake)
[0.840s] -- Found Python3: /usr/bin/python3 (found version "3.10.12") found components: Interpreter 
[1.041s] -- Found ament_lint_auto: 0.12.11 (/opt/ros/humble/share/ament_lint_auto/cmake)
[1.229s] -- Added test 'flake8' to check Python code syntax and style conventions
[1.230s] -- Added test 'lint_cmake' to check CMake code style
[1.233s] -- Added test 'pep257' to check Python code against some of the docstring style conventions in PEP 257
[1.239s] -- Added test 'xmllint' to check XML markup files
[1.239s] -- Configuring done
[1.244s] -- Generating done
[1.246s] -- Build files have been written to: /home/ubuntu/robot-simulation/src/build/yaskawa_mh5_controller
[1.275s] Invoked command in '/home/ubuntu/robot-simulation/src/build/yaskawa_mh5_controller' returned '0': CMAKE_PREFIX_PATH=${CMAKE_PREFIX_PATH}:/opt/ros/humble /usr/bin/cmake /home/ubuntu/robot-simulation/src/yaskawa_mh5_controller -DCMAKE_INSTALL_PREFIX=/home/ubuntu/robot-simulation/src/install/yaskawa_mh5_controller
[1.276s] Invoking command in '/home/ubuntu/robot-simulation/src/build/yaskawa_mh5_controller': CMAKE_PREFIX_PATH=${CMAKE_PREFIX_PATH}:/opt/ros/humble /usr/bin/cmake --build /home/ubuntu/robot-simulation/src/build/yaskawa_mh5_controller -- -j8 -l8
[1.338s] Invoked command in '/home/ubuntu/robot-simulation/src/build/yaskawa_mh5_controller' returned '0': CMAKE_PREFIX_PATH=${CMAKE_PREFIX_PATH}:/opt/ros/humble /usr/bin/cmake --build /home/ubuntu/robot-simulation/src/build/yaskawa_mh5_controller -- -j8 -l8
[1.374s] Invoking command in '/home/ubuntu/robot-simulation/src/build/yaskawa_mh5_controller': CMAKE_PREFIX_PATH=${CMAKE_PREFIX_PATH}:/opt/ros/humble /usr/bin/cmake --install /home/ubuntu/robot-simulation/src/build/yaskawa_mh5_controller
[1.387s] -- Install configuration: ""
[1.388s] -- Installing: /home/ubuntu/robot-simulation/src/install/yaskawa_mh5_controller/share/yaskawa_mh5_controller/config
[1.389s] -- Installing: /home/ubuntu/robot-simulation/src/install/yaskawa_mh5_controller/share/yaskawa_mh5_controller/config/mh5_ros2_controller.yaml
[1.390s] -- Installing: /home/ubuntu/robot-simulation/src/install/yaskawa_mh5_controller/share/yaskawa_mh5_controller/launch
[1.390s] -- Installing: /home/ubuntu/robot-simulation/src/install/yaskawa_mh5_controller/share/yaskawa_mh5_controller/launch/controller.launch.py
[1.390s] -- Installing: /home/ubuntu/robot-simulation/src/install/yaskawa_mh5_controller/share/ament_index/resource_index/package_run_dependencies/yaskawa_mh5_controller
[1.390s] -- Installing: /home/ubuntu/robot-simulation/src/install/yaskawa_mh5_controller/share/ament_index/resource_index/parent_prefix_path/yaskawa_mh5_controller
[1.391s] -- Installing: /home/ubuntu/robot-simulation/src/install/yaskawa_mh5_controller/share/yaskawa_mh5_controller/environment/ament_prefix_path.sh
[1.391s] -- Installing: /home/ubuntu/robot-simulation/src/install/yaskawa_mh5_controller/share/yaskawa_mh5_controller/environment/ament_prefix_path.dsv
[1.391s] -- Installing: /home/ubuntu/robot-simulation/src/install/yaskawa_mh5_controller/share/yaskawa_mh5_controller/environment/path.sh
[1.392s] -- Installing: /home/ubuntu/robot-simulation/src/install/yaskawa_mh5_controller/share/yaskawa_mh5_controller/environment/path.dsv
[1.392s] -- Installing: /home/ubuntu/robot-simulation/src/install/yaskawa_mh5_controller/share/yaskawa_mh5_controller/local_setup.bash
[1.392s] -- Installing: /home/ubuntu/robot-simulation/src/install/yaskawa_mh5_controller/share/yaskawa_mh5_controller/local_setup.sh
[1.392s] -- Installing: /home/ubuntu/robot-simulation/src/install/yaskawa_mh5_controller/share/yaskawa_mh5_controller/local_setup.zsh
[1.393s] -- Installing: /home/ubuntu/robot-simulation/src/install/yaskawa_mh5_controller/share/yaskawa_mh5_controller/local_setup.dsv
[1.393s] -- Installing: /home/ubuntu/robot-simulation/src/install/yaskawa_mh5_controller/share/yaskawa_mh5_controller/package.dsv
[1.393s] -- Installing: /home/ubuntu/robot-simulation/src/install/yaskawa_mh5_controller/share/ament_index/resource_index/packages/yaskawa_mh5_controller
[1.394s] -- Installing: /home/ubuntu/robot-simulation/src/install/yaskawa_mh5_controller/share/yaskawa_mh5_controller/cmake/yaskawa_mh5_controllerConfig.cmake
[1.394s] -- Installing: /home/ubuntu/robot-simulation/src/install/yaskawa_mh5_controller/share/yaskawa_mh5_controller/cmake/yaskawa_mh5_controllerConfig-version.cmake
[1.394s] -- Installing: /home/ubuntu/robot-simulation/src/install/yaskawa_mh5_controller/share/yaskawa_mh5_controller/package.xml
[1.411s] Invoked command in '/home/ubuntu/robot-simulation/src/build/yaskawa_mh5_controller' returned '0': CMAKE_PREFIX_PATH=${CMAKE_PREFIX_PATH}:/opt/ros/humble /usr/bin/cmake --install /home/ubuntu/robot-simulation/src/build/yaskawa_mh5_controller
