[35m[1mConsolidate compiler generated dependencies of target yaskawa_msgs__rosidl_generator_c[0m
[  3%] Built target yaskawa_msgs__cpp
[ 12%] Built target yaskawa_msgs__rosidl_generator_c
[ 12%] Built target ament_cmake_python_copy_yaskawa_msgs
[35m[1mConsolidate compiler generated dependencies of target yaskawa_msgs__rosidl_typesupport_cpp[0m
[35m[1mConsolidate compiler generated dependencies of target yaskawa_msgs__rosidl_typesupport_fastrtps_cpp[0m
[35m[1mConsolidate compiler generated dependencies of target yaskawa_msgs__rosidl_typesupport_introspection_cpp[0m
[35m[1mConsolidate compiler generated dependencies of target yaskawa_msgs__rosidl_typesupport_c[0m
[35m[1mConsolidate compiler generated dependencies of target yaskawa_msgs__rosidl_typesupport_fastrtps_c[0m
[35m[1mConsolidate compiler generated dependencies of target yaskawa_msgs__rosidl_typesupport_introspection_c[0m
[ 22%] Built target yaskawa_msgs__rosidl_typesupport_cpp
[ 32%] Built target yaskawa_msgs__rosidl_typesupport_c
[ 41%] Built target yaskawa_msgs__rosidl_typesupport_introspection_cpp
[ 51%] Built target yaskawa_msgs__rosidl_typesupport_fastrtps_cpp
[ 61%] Built target yaskawa_msgs__rosidl_typesupport_fastrtps_c
[ 70%] Built target yaskawa_msgs__rosidl_typesupport_introspection_c
[ 70%] Built target yaskawa_msgs
[ 74%] Built target yaskawa_msgs__py
[35m[1mConsolidate compiler generated dependencies of target yaskawa_msgs__rosidl_generator_py[0m
[ 80%] Built target yaskawa_msgs__rosidl_generator_py
[35m[1mConsolidate compiler generated dependencies of target yaskawa_msgs__rosidl_typesupport_fastrtps_c__pyext[0m
[35m[1mConsolidate compiler generated dependencies of target yaskawa_msgs__rosidl_typesupport_c__pyext[0m
[35m[1mConsolidate compiler generated dependencies of target yaskawa_msgs__rosidl_typesupport_introspection_c__pyext[0m
[ 87%] Built target yaskawa_msgs__rosidl_typesupport_fastrtps_c__pyext
[ 93%] Built target yaskawa_msgs__rosidl_typesupport_c__pyext
[100%] Built target yaskawa_msgs__rosidl_typesupport_introspection_c__pyext
running egg_info
writing yaskawa_msgs.egg-info/PKG-INFO
writing dependency_links to yaskawa_msgs.egg-info/dependency_links.txt
writing top-level names to yaskawa_msgs.egg-info/top_level.txt
reading manifest file 'yaskawa_msgs.egg-info/SOURCES.txt'
writing manifest file 'yaskawa_msgs.egg-info/SOURCES.txt'
[100%] Built target ament_cmake_python_build_yaskawa_msgs_egg
-- Install configuration: ""
-- Up-to-date: /home/ubuntu/robot-simulation/src/install/yaskawa_msgs/share/ament_index/resource_index/rosidl_interfaces/yaskawa_msgs
-- Up-to-date: /home/ubuntu/robot-simulation/src/install/yaskawa_msgs/include/yaskawa_msgs/yaskawa_msgs
-- Up-to-date: /home/ubuntu/robot-simulation/src/install/yaskawa_msgs/include/yaskawa_msgs/yaskawa_msgs/action
-- Up-to-date: /home/ubuntu/robot-simulation/src/install/yaskawa_msgs/include/yaskawa_msgs/yaskawa_msgs/action/detail
-- Up-to-date: /home/ubuntu/robot-simulation/src/install/yaskawa_msgs/include/yaskawa_msgs/yaskawa_msgs/action/detail/yaskawa_tasks__functions.c
-- Up-to-date: /home/ubuntu/robot-simulation/src/install/yaskawa_msgs/include/yaskawa_msgs/yaskawa_msgs/action/detail/yaskawa_tasks__struct.h
-- Up-to-date: /home/ubuntu/robot-simulation/src/install/yaskawa_msgs/include/yaskawa_msgs/yaskawa_msgs/action/detail/yaskawa_tasks__type_support.h
-- Up-to-date: /home/ubuntu/robot-simulation/src/install/yaskawa_msgs/include/yaskawa_msgs/yaskawa_msgs/action/detail/yaskawa_tasks__functions.h
-- Up-to-date: /home/ubuntu/robot-simulation/src/install/yaskawa_msgs/include/yaskawa_msgs/yaskawa_msgs/action/yaskawa_tasks.h
-- Up-to-date: /home/ubuntu/robot-simulation/src/install/yaskawa_msgs/include/yaskawa_msgs/yaskawa_msgs/msg
-- Up-to-date: /home/ubuntu/robot-simulation/src/install/yaskawa_msgs/include/yaskawa_msgs/yaskawa_msgs/msg/rosidl_generator_c__visibility_control.h
-- Up-to-date: /home/ubuntu/robot-simulation/src/install/yaskawa_msgs/share/yaskawa_msgs/environment/library_path.sh
-- Up-to-date: /home/ubuntu/robot-simulation/src/install/yaskawa_msgs/share/yaskawa_msgs/environment/library_path.dsv
-- Up-to-date: /home/ubuntu/robot-simulation/src/install/yaskawa_msgs/lib/libyaskawa_msgs__rosidl_generator_c.so
-- Up-to-date: /home/ubuntu/robot-simulation/src/install/yaskawa_msgs/include/yaskawa_msgs/yaskawa_msgs
-- Up-to-date: /home/ubuntu/robot-simulation/src/install/yaskawa_msgs/include/yaskawa_msgs/yaskawa_msgs/action
-- Up-to-date: /home/ubuntu/robot-simulation/src/install/yaskawa_msgs/include/yaskawa_msgs/yaskawa_msgs/action/detail
-- Up-to-date: /home/ubuntu/robot-simulation/src/install/yaskawa_msgs/include/yaskawa_msgs/yaskawa_msgs/action/detail/yaskawa_tasks__rosidl_typesupport_fastrtps_c.h
-- Up-to-date: /home/ubuntu/robot-simulation/src/install/yaskawa_msgs/include/yaskawa_msgs/yaskawa_msgs/msg
-- Up-to-date: /home/ubuntu/robot-simulation/src/install/yaskawa_msgs/include/yaskawa_msgs/yaskawa_msgs/msg/rosidl_typesupport_fastrtps_c__visibility_control.h
-- Up-to-date: /home/ubuntu/robot-simulation/src/install/yaskawa_msgs/lib/libyaskawa_msgs__rosidl_typesupport_fastrtps_c.so
-- Up-to-date: /home/ubuntu/robot-simulation/src/install/yaskawa_msgs/include/yaskawa_msgs/yaskawa_msgs
-- Up-to-date: /home/ubuntu/robot-simulation/src/install/yaskawa_msgs/include/yaskawa_msgs/yaskawa_msgs/action
-- Up-to-date: /home/ubuntu/robot-simulation/src/install/yaskawa_msgs/include/yaskawa_msgs/yaskawa_msgs/action/detail
-- Up-to-date: /home/ubuntu/robot-simulation/src/install/yaskawa_msgs/include/yaskawa_msgs/yaskawa_msgs/action/detail/yaskawa_tasks__builder.hpp
-- Up-to-date: /home/ubuntu/robot-simulation/src/install/yaskawa_msgs/include/yaskawa_msgs/yaskawa_msgs/action/detail/yaskawa_tasks__struct.hpp
-- Up-to-date: /home/ubuntu/robot-simulation/src/install/yaskawa_msgs/include/yaskawa_msgs/yaskawa_msgs/action/detail/yaskawa_tasks__traits.hpp
-- Up-to-date: /home/ubuntu/robot-simulation/src/install/yaskawa_msgs/include/yaskawa_msgs/yaskawa_msgs/action/yaskawa_tasks.hpp
-- Up-to-date: /home/ubuntu/robot-simulation/src/install/yaskawa_msgs/include/yaskawa_msgs/yaskawa_msgs
-- Up-to-date: /home/ubuntu/robot-simulation/src/install/yaskawa_msgs/include/yaskawa_msgs/yaskawa_msgs/action
-- Up-to-date: /home/ubuntu/robot-simulation/src/install/yaskawa_msgs/include/yaskawa_msgs/yaskawa_msgs/action/detail
-- Up-to-date: /home/ubuntu/robot-simulation/src/install/yaskawa_msgs/include/yaskawa_msgs/yaskawa_msgs/action/detail/dds_fastrtps
-- Up-to-date: /home/ubuntu/robot-simulation/src/install/yaskawa_msgs/include/yaskawa_msgs/yaskawa_msgs/action/detail/yaskawa_tasks__rosidl_typesupport_fastrtps_cpp.hpp
-- Up-to-date: /home/ubuntu/robot-simulation/src/install/yaskawa_msgs/include/yaskawa_msgs/yaskawa_msgs/msg
-- Up-to-date: /home/ubuntu/robot-simulation/src/install/yaskawa_msgs/include/yaskawa_msgs/yaskawa_msgs/msg/rosidl_typesupport_fastrtps_cpp__visibility_control.h
-- Up-to-date: /home/ubuntu/robot-simulation/src/install/yaskawa_msgs/lib/libyaskawa_msgs__rosidl_typesupport_fastrtps_cpp.so
-- Up-to-date: /home/ubuntu/robot-simulation/src/install/yaskawa_msgs/include/yaskawa_msgs/yaskawa_msgs
-- Up-to-date: /home/ubuntu/robot-simulation/src/install/yaskawa_msgs/include/yaskawa_msgs/yaskawa_msgs/action
-- Up-to-date: /home/ubuntu/robot-simulation/src/install/yaskawa_msgs/include/yaskawa_msgs/yaskawa_msgs/action/detail
-- Up-to-date: /home/ubuntu/robot-simulation/src/install/yaskawa_msgs/include/yaskawa_msgs/yaskawa_msgs/action/detail/yaskawa_tasks__rosidl_typesupport_introspection_c.h
-- Up-to-date: /home/ubuntu/robot-simulation/src/install/yaskawa_msgs/include/yaskawa_msgs/yaskawa_msgs/action/detail/yaskawa_tasks__type_support.c
-- Up-to-date: /home/ubuntu/robot-simulation/src/install/yaskawa_msgs/include/yaskawa_msgs/yaskawa_msgs/msg
-- Up-to-date: /home/ubuntu/robot-simulation/src/install/yaskawa_msgs/include/yaskawa_msgs/yaskawa_msgs/msg/rosidl_typesupport_introspection_c__visibility_control.h
-- Up-to-date: /home/ubuntu/robot-simulation/src/install/yaskawa_msgs/lib/libyaskawa_msgs__rosidl_typesupport_introspection_c.so
-- Up-to-date: /home/ubuntu/robot-simulation/src/install/yaskawa_msgs/lib/libyaskawa_msgs__rosidl_typesupport_c.so
-- Up-to-date: /home/ubuntu/robot-simulation/src/install/yaskawa_msgs/include/yaskawa_msgs/yaskawa_msgs
-- Up-to-date: /home/ubuntu/robot-simulation/src/install/yaskawa_msgs/include/yaskawa_msgs/yaskawa_msgs/action
-- Up-to-date: /home/ubuntu/robot-simulation/src/install/yaskawa_msgs/include/yaskawa_msgs/yaskawa_msgs/action/detail
-- Up-to-date: /home/ubuntu/robot-simulation/src/install/yaskawa_msgs/include/yaskawa_msgs/yaskawa_msgs/action/detail/yaskawa_tasks__rosidl_typesupport_introspection_cpp.hpp
-- Up-to-date: /home/ubuntu/robot-simulation/src/install/yaskawa_msgs/include/yaskawa_msgs/yaskawa_msgs/action/detail/yaskawa_tasks__type_support.cpp
-- Up-to-date: /home/ubuntu/robot-simulation/src/install/yaskawa_msgs/lib/libyaskawa_msgs__rosidl_typesupport_introspection_cpp.so
-- Up-to-date: /home/ubuntu/robot-simulation/src/install/yaskawa_msgs/lib/libyaskawa_msgs__rosidl_typesupport_cpp.so
-- Up-to-date: /home/ubuntu/robot-simulation/src/install/yaskawa_msgs/share/yaskawa_msgs/environment/pythonpath.sh
-- Up-to-date: /home/ubuntu/robot-simulation/src/install/yaskawa_msgs/share/yaskawa_msgs/environment/pythonpath.dsv
-- Up-to-date: /home/ubuntu/robot-simulation/src/install/yaskawa_msgs/local/lib/python3.10/dist-packages/yaskawa_msgs-0.0.0-py3.10.egg-info
-- Installing: /home/ubuntu/robot-simulation/src/install/yaskawa_msgs/local/lib/python3.10/dist-packages/yaskawa_msgs-0.0.0-py3.10.egg-info/top_level.txt
-- Installing: /home/ubuntu/robot-simulation/src/install/yaskawa_msgs/local/lib/python3.10/dist-packages/yaskawa_msgs-0.0.0-py3.10.egg-info/dependency_links.txt
-- Installing: /home/ubuntu/robot-simulation/src/install/yaskawa_msgs/local/lib/python3.10/dist-packages/yaskawa_msgs-0.0.0-py3.10.egg-info/PKG-INFO
-- Installing: /home/ubuntu/robot-simulation/src/install/yaskawa_msgs/local/lib/python3.10/dist-packages/yaskawa_msgs-0.0.0-py3.10.egg-info/SOURCES.txt
-- Up-to-date: /home/ubuntu/robot-simulation/src/install/yaskawa_msgs/local/lib/python3.10/dist-packages/yaskawa_msgs
-- Up-to-date: /home/ubuntu/robot-simulation/src/install/yaskawa_msgs/local/lib/python3.10/dist-packages/yaskawa_msgs/_yaskawa_msgs_s.ep.rosidl_typesupport_c.c
-- Up-to-date: /home/ubuntu/robot-simulation/src/install/yaskawa_msgs/local/lib/python3.10/dist-packages/yaskawa_msgs/action
-- Up-to-date: /home/ubuntu/robot-simulation/src/install/yaskawa_msgs/local/lib/python3.10/dist-packages/yaskawa_msgs/action/_yaskawa_tasks.py
-- Up-to-date: /home/ubuntu/robot-simulation/src/install/yaskawa_msgs/local/lib/python3.10/dist-packages/yaskawa_msgs/action/_yaskawa_tasks_s.c
-- Up-to-date: /home/ubuntu/robot-simulation/src/install/yaskawa_msgs/local/lib/python3.10/dist-packages/yaskawa_msgs/action/__init__.py
-- Up-to-date: /home/ubuntu/robot-simulation/src/install/yaskawa_msgs/local/lib/python3.10/dist-packages/yaskawa_msgs/yaskawa_msgs_s__rosidl_typesupport_introspection_c.cpython-310-x86_64-linux-gnu.so
-- Up-to-date: /home/ubuntu/robot-simulation/src/install/yaskawa_msgs/local/lib/python3.10/dist-packages/yaskawa_msgs/libyaskawa_msgs__rosidl_generator_py.so
-- Up-to-date: /home/ubuntu/robot-simulation/src/install/yaskawa_msgs/local/lib/python3.10/dist-packages/yaskawa_msgs/yaskawa_msgs_s__rosidl_typesupport_fastrtps_c.cpython-310-x86_64-linux-gnu.so
-- Up-to-date: /home/ubuntu/robot-simulation/src/install/yaskawa_msgs/local/lib/python3.10/dist-packages/yaskawa_msgs/_yaskawa_msgs_s.ep.rosidl_typesupport_introspection_c.c
-- Up-to-date: /home/ubuntu/robot-simulation/src/install/yaskawa_msgs/local/lib/python3.10/dist-packages/yaskawa_msgs/yaskawa_msgs_s__rosidl_typesupport_c.cpython-310-x86_64-linux-gnu.so
-- Up-to-date: /home/ubuntu/robot-simulation/src/install/yaskawa_msgs/local/lib/python3.10/dist-packages/yaskawa_msgs/__init__.py
-- Up-to-date: /home/ubuntu/robot-simulation/src/install/yaskawa_msgs/local/lib/python3.10/dist-packages/yaskawa_msgs/_yaskawa_msgs_s.ep.rosidl_typesupport_fastrtps_c.c
Listing '/home/ubuntu/robot-simulation/src/install/yaskawa_msgs/local/lib/python3.10/dist-packages/yaskawa_msgs'...
Listing '/home/ubuntu/robot-simulation/src/install/yaskawa_msgs/local/lib/python3.10/dist-packages/yaskawa_msgs/action'...
-- Up-to-date: /home/ubuntu/robot-simulation/src/install/yaskawa_msgs/local/lib/python3.10/dist-packages/yaskawa_msgs/yaskawa_msgs_s__rosidl_typesupport_fastrtps_c.cpython-310-x86_64-linux-gnu.so
-- Up-to-date: /home/ubuntu/robot-simulation/src/install/yaskawa_msgs/local/lib/python3.10/dist-packages/yaskawa_msgs/yaskawa_msgs_s__rosidl_typesupport_introspection_c.cpython-310-x86_64-linux-gnu.so
-- Up-to-date: /home/ubuntu/robot-simulation/src/install/yaskawa_msgs/local/lib/python3.10/dist-packages/yaskawa_msgs/yaskawa_msgs_s__rosidl_typesupport_c.cpython-310-x86_64-linux-gnu.so
-- Up-to-date: /home/ubuntu/robot-simulation/src/install/yaskawa_msgs/lib/libyaskawa_msgs__rosidl_generator_py.so
-- Up-to-date: /home/ubuntu/robot-simulation/src/install/yaskawa_msgs/share/yaskawa_msgs/action/YaskawaTasks.idl
-- Up-to-date: /home/ubuntu/robot-simulation/src/install/yaskawa_msgs/share/yaskawa_msgs/action/YaskawaTasks.action
-- Up-to-date: /home/ubuntu/robot-simulation/src/install/yaskawa_msgs/share/ament_index/resource_index/package_run_dependencies/yaskawa_msgs
-- Up-to-date: /home/ubuntu/robot-simulation/src/install/yaskawa_msgs/share/ament_index/resource_index/parent_prefix_path/yaskawa_msgs
-- Up-to-date: /home/ubuntu/robot-simulation/src/install/yaskawa_msgs/share/yaskawa_msgs/environment/ament_prefix_path.sh
-- Up-to-date: /home/ubuntu/robot-simulation/src/install/yaskawa_msgs/share/yaskawa_msgs/environment/ament_prefix_path.dsv
-- Up-to-date: /home/ubuntu/robot-simulation/src/install/yaskawa_msgs/share/yaskawa_msgs/environment/path.sh
-- Up-to-date: /home/ubuntu/robot-simulation/src/install/yaskawa_msgs/share/yaskawa_msgs/environment/path.dsv
-- Up-to-date: /home/ubuntu/robot-simulation/src/install/yaskawa_msgs/share/yaskawa_msgs/local_setup.bash
-- Up-to-date: /home/ubuntu/robot-simulation/src/install/yaskawa_msgs/share/yaskawa_msgs/local_setup.sh
-- Up-to-date: /home/ubuntu/robot-simulation/src/install/yaskawa_msgs/share/yaskawa_msgs/local_setup.zsh
-- Up-to-date: /home/ubuntu/robot-simulation/src/install/yaskawa_msgs/share/yaskawa_msgs/local_setup.dsv
-- Installing: /home/ubuntu/robot-simulation/src/install/yaskawa_msgs/share/yaskawa_msgs/package.dsv
-- Up-to-date: /home/ubuntu/robot-simulation/src/install/yaskawa_msgs/share/ament_index/resource_index/packages/yaskawa_msgs
-- Up-to-date: /home/ubuntu/robot-simulation/src/install/yaskawa_msgs/share/yaskawa_msgs/cmake/export_yaskawa_msgs__rosidl_generator_cExport.cmake
-- Up-to-date: /home/ubuntu/robot-simulation/src/install/yaskawa_msgs/share/yaskawa_msgs/cmake/export_yaskawa_msgs__rosidl_generator_cExport-noconfig.cmake
-- Up-to-date: /home/ubuntu/robot-simulation/src/install/yaskawa_msgs/share/yaskawa_msgs/cmake/export_yaskawa_msgs__rosidl_typesupport_fastrtps_cExport.cmake
-- Up-to-date: /home/ubuntu/robot-simulation/src/install/yaskawa_msgs/share/yaskawa_msgs/cmake/export_yaskawa_msgs__rosidl_typesupport_fastrtps_cExport-noconfig.cmake
-- Up-to-date: /home/ubuntu/robot-simulation/src/install/yaskawa_msgs/share/yaskawa_msgs/cmake/export_yaskawa_msgs__rosidl_generator_cppExport.cmake
-- Up-to-date: /home/ubuntu/robot-simulation/src/install/yaskawa_msgs/share/yaskawa_msgs/cmake/export_yaskawa_msgs__rosidl_typesupport_fastrtps_cppExport.cmake
-- Up-to-date: /home/ubuntu/robot-simulation/src/install/yaskawa_msgs/share/yaskawa_msgs/cmake/export_yaskawa_msgs__rosidl_typesupport_fastrtps_cppExport-noconfig.cmake
-- Up-to-date: /home/ubuntu/robot-simulation/src/install/yaskawa_msgs/share/yaskawa_msgs/cmake/yaskawa_msgs__rosidl_typesupport_introspection_cExport.cmake
-- Up-to-date: /home/ubuntu/robot-simulation/src/install/yaskawa_msgs/share/yaskawa_msgs/cmake/yaskawa_msgs__rosidl_typesupport_introspection_cExport-noconfig.cmake
-- Up-to-date: /home/ubuntu/robot-simulation/src/install/yaskawa_msgs/share/yaskawa_msgs/cmake/yaskawa_msgs__rosidl_typesupport_cExport.cmake
-- Up-to-date: /home/ubuntu/robot-simulation/src/install/yaskawa_msgs/share/yaskawa_msgs/cmake/yaskawa_msgs__rosidl_typesupport_cExport-noconfig.cmake
-- Up-to-date: /home/ubuntu/robot-simulation/src/install/yaskawa_msgs/share/yaskawa_msgs/cmake/yaskawa_msgs__rosidl_typesupport_introspection_cppExport.cmake
-- Up-to-date: /home/ubuntu/robot-simulation/src/install/yaskawa_msgs/share/yaskawa_msgs/cmake/yaskawa_msgs__rosidl_typesupport_introspection_cppExport-noconfig.cmake
-- Up-to-date: /home/ubuntu/robot-simulation/src/install/yaskawa_msgs/share/yaskawa_msgs/cmake/yaskawa_msgs__rosidl_typesupport_cppExport.cmake
-- Up-to-date: /home/ubuntu/robot-simulation/src/install/yaskawa_msgs/share/yaskawa_msgs/cmake/yaskawa_msgs__rosidl_typesupport_cppExport-noconfig.cmake
-- Up-to-date: /home/ubuntu/robot-simulation/src/install/yaskawa_msgs/share/yaskawa_msgs/cmake/export_yaskawa_msgs__rosidl_generator_pyExport.cmake
-- Up-to-date: /home/ubuntu/robot-simulation/src/install/yaskawa_msgs/share/yaskawa_msgs/cmake/export_yaskawa_msgs__rosidl_generator_pyExport-noconfig.cmake
-- Up-to-date: /home/ubuntu/robot-simulation/src/install/yaskawa_msgs/share/yaskawa_msgs/cmake/rosidl_cmake-extras.cmake
-- Up-to-date: /home/ubuntu/robot-simulation/src/install/yaskawa_msgs/share/yaskawa_msgs/cmake/ament_cmake_export_dependencies-extras.cmake
-- Up-to-date: /home/ubuntu/robot-simulation/src/install/yaskawa_msgs/share/yaskawa_msgs/cmake/ament_cmake_export_include_directories-extras.cmake
-- Up-to-date: /home/ubuntu/robot-simulation/src/install/yaskawa_msgs/share/yaskawa_msgs/cmake/ament_cmake_export_libraries-extras.cmake
-- Up-to-date: /home/ubuntu/robot-simulation/src/install/yaskawa_msgs/share/yaskawa_msgs/cmake/ament_cmake_export_targets-extras.cmake
-- Up-to-date: /home/ubuntu/robot-simulation/src/install/yaskawa_msgs/share/yaskawa_msgs/cmake/rosidl_cmake_export_typesupport_targets-extras.cmake
-- Up-to-date: /home/ubuntu/robot-simulation/src/install/yaskawa_msgs/share/yaskawa_msgs/cmake/rosidl_cmake_export_typesupport_libraries-extras.cmake
-- Up-to-date: /home/ubuntu/robot-simulation/src/install/yaskawa_msgs/share/yaskawa_msgs/cmake/yaskawa_msgsConfig.cmake
-- Up-to-date: /home/ubuntu/robot-simulation/src/install/yaskawa_msgs/share/yaskawa_msgs/cmake/yaskawa_msgsConfig-version.cmake
-- Up-to-date: /home/ubuntu/robot-simulation/src/install/yaskawa_msgs/share/yaskawa_msgs/package.xml
