[0.028s] Invoking command in '/home/ubuntu/robot-simulation/src/build/yaskawa_msgs': CMAKE_PREFIX_PATH=${CMAKE_PREFIX_PATH}:/opt/ros/humble /usr/bin/cmake --build /home/ubuntu/robot-simulation/src/build/yaskawa_msgs -- -j8 -l8
[0.077s] [35m[1mConsolidate compiler generated dependencies of target yaskawa_msgs__rosidl_generator_c[0m
[0.090s] [  3%] Built target yaskawa_msgs__cpp
[0.098s] [ 12%] Built target yaskawa_msgs__rosidl_generator_c
[0.106s] [ 12%] Built target ament_cmake_python_copy_yaskawa_msgs
[0.108s] [35m[1mConsolidate compiler generated dependencies of target yaskawa_msgs__rosidl_typesupport_cpp[0m
[0.112s] [35m[1mConsolidate compiler generated dependencies of target yaskawa_msgs__rosidl_typesupport_fastrtps_cpp[0m
[0.115s] [35m[1mConsolidate compiler generated dependencies of target yaskawa_msgs__rosidl_typesupport_introspection_cpp[0m
[0.122s] [35m[1mConsolidate compiler generated dependencies of target yaskawa_msgs__rosidl_typesupport_c[0m
[0.126s] [35m[1mConsolidate compiler generated dependencies of target yaskawa_msgs__rosidl_typesupport_fastrtps_c[0m
[0.132s] [35m[1mConsolidate compiler generated dependencies of target yaskawa_msgs__rosidl_typesupport_introspection_c[0m
[0.144s] [ 22%] Built target yaskawa_msgs__rosidl_typesupport_cpp
[0.148s] [ 32%] Built target yaskawa_msgs__rosidl_typesupport_c
[0.150s] [ 41%] Built target yaskawa_msgs__rosidl_typesupport_introspection_cpp
[0.158s] [ 51%] Built target yaskawa_msgs__rosidl_typesupport_fastrtps_cpp
[0.158s] [ 61%] Built target yaskawa_msgs__rosidl_typesupport_fastrtps_c
[0.171s] [ 70%] Built target yaskawa_msgs__rosidl_typesupport_introspection_c
[0.187s] [ 70%] Built target yaskawa_msgs
[0.210s] [ 74%] Built target yaskawa_msgs__py
[0.229s] [35m[1mConsolidate compiler generated dependencies of target yaskawa_msgs__rosidl_generator_py[0m
[0.252s] [ 80%] Built target yaskawa_msgs__rosidl_generator_py
[0.268s] [35m[1mConsolidate compiler generated dependencies of target yaskawa_msgs__rosidl_typesupport_fastrtps_c__pyext[0m
[0.271s] [35m[1mConsolidate compiler generated dependencies of target yaskawa_msgs__rosidl_typesupport_c__pyext[0m
[0.272s] [35m[1mConsolidate compiler generated dependencies of target yaskawa_msgs__rosidl_typesupport_introspection_c__pyext[0m
[0.296s] [ 87%] Built target yaskawa_msgs__rosidl_typesupport_fastrtps_c__pyext
[0.297s] [ 93%] Built target yaskawa_msgs__rosidl_typesupport_c__pyext
[0.302s] [100%] Built target yaskawa_msgs__rosidl_typesupport_introspection_c__pyext
[0.483s] running egg_info
[0.484s] writing yaskawa_msgs.egg-info/PKG-INFO
[0.484s] writing dependency_links to yaskawa_msgs.egg-info/dependency_links.txt
[0.484s] writing top-level names to yaskawa_msgs.egg-info/top_level.txt
[0.487s] reading manifest file 'yaskawa_msgs.egg-info/SOURCES.txt'
[0.487s] writing manifest file 'yaskawa_msgs.egg-info/SOURCES.txt'
[0.515s] [100%] Built target ament_cmake_python_build_yaskawa_msgs_egg
[0.529s] Invoked command in '/home/ubuntu/robot-simulation/src/build/yaskawa_msgs' returned '0': CMAKE_PREFIX_PATH=${CMAKE_PREFIX_PATH}:/opt/ros/humble /usr/bin/cmake --build /home/ubuntu/robot-simulation/src/build/yaskawa_msgs -- -j8 -l8
[0.598s] Invoking command in '/home/ubuntu/robot-simulation/src/build/yaskawa_msgs': CMAKE_PREFIX_PATH=${CMAKE_PREFIX_PATH}:/opt/ros/humble /usr/bin/cmake --install /home/ubuntu/robot-simulation/src/build/yaskawa_msgs
[0.606s] -- Install configuration: ""
[0.606s] -- Up-to-date: /home/ubuntu/robot-simulation/src/install/yaskawa_msgs/share/ament_index/resource_index/rosidl_interfaces/yaskawa_msgs
[0.607s] -- Up-to-date: /home/ubuntu/robot-simulation/src/install/yaskawa_msgs/include/yaskawa_msgs/yaskawa_msgs
[0.607s] -- Up-to-date: /home/ubuntu/robot-simulation/src/install/yaskawa_msgs/include/yaskawa_msgs/yaskawa_msgs/action
[0.607s] -- Up-to-date: /home/ubuntu/robot-simulation/src/install/yaskawa_msgs/include/yaskawa_msgs/yaskawa_msgs/action/detail
[0.607s] -- Up-to-date: /home/ubuntu/robot-simulation/src/install/yaskawa_msgs/include/yaskawa_msgs/yaskawa_msgs/action/detail/yaskawa_tasks__functions.c
[0.607s] -- Up-to-date: /home/ubuntu/robot-simulation/src/install/yaskawa_msgs/include/yaskawa_msgs/yaskawa_msgs/action/detail/yaskawa_tasks__struct.h
[0.607s] -- Up-to-date: /home/ubuntu/robot-simulation/src/install/yaskawa_msgs/include/yaskawa_msgs/yaskawa_msgs/action/detail/yaskawa_tasks__type_support.h
[0.607s] -- Up-to-date: /home/ubuntu/robot-simulation/src/install/yaskawa_msgs/include/yaskawa_msgs/yaskawa_msgs/action/detail/yaskawa_tasks__functions.h
[0.607s] -- Up-to-date: /home/ubuntu/robot-simulation/src/install/yaskawa_msgs/include/yaskawa_msgs/yaskawa_msgs/action/yaskawa_tasks.h
[0.608s] -- Up-to-date: /home/ubuntu/robot-simulation/src/install/yaskawa_msgs/include/yaskawa_msgs/yaskawa_msgs/msg
[0.608s] -- Up-to-date: /home/ubuntu/robot-simulation/src/install/yaskawa_msgs/include/yaskawa_msgs/yaskawa_msgs/msg/rosidl_generator_c__visibility_control.h
[0.608s] -- Up-to-date: /home/ubuntu/robot-simulation/src/install/yaskawa_msgs/share/yaskawa_msgs/environment/library_path.sh
[0.608s] -- Up-to-date: /home/ubuntu/robot-simulation/src/install/yaskawa_msgs/share/yaskawa_msgs/environment/library_path.dsv
[0.608s] -- Up-to-date: /home/ubuntu/robot-simulation/src/install/yaskawa_msgs/lib/libyaskawa_msgs__rosidl_generator_c.so
[0.608s] -- Up-to-date: /home/ubuntu/robot-simulation/src/install/yaskawa_msgs/include/yaskawa_msgs/yaskawa_msgs
[0.608s] -- Up-to-date: /home/ubuntu/robot-simulation/src/install/yaskawa_msgs/include/yaskawa_msgs/yaskawa_msgs/action
[0.609s] -- Up-to-date: /home/ubuntu/robot-simulation/src/install/yaskawa_msgs/include/yaskawa_msgs/yaskawa_msgs/action/detail
[0.609s] -- Up-to-date: /home/ubuntu/robot-simulation/src/install/yaskawa_msgs/include/yaskawa_msgs/yaskawa_msgs/action/detail/yaskawa_tasks__rosidl_typesupport_fastrtps_c.h
[0.609s] -- Up-to-date: /home/ubuntu/robot-simulation/src/install/yaskawa_msgs/include/yaskawa_msgs/yaskawa_msgs/msg
[0.609s] -- Up-to-date: /home/ubuntu/robot-simulation/src/install/yaskawa_msgs/include/yaskawa_msgs/yaskawa_msgs/msg/rosidl_typesupport_fastrtps_c__visibility_control.h
[0.609s] -- Up-to-date: /home/ubuntu/robot-simulation/src/install/yaskawa_msgs/lib/libyaskawa_msgs__rosidl_typesupport_fastrtps_c.so
[0.609s] -- Up-to-date: /home/ubuntu/robot-simulation/src/install/yaskawa_msgs/include/yaskawa_msgs/yaskawa_msgs
[0.609s] -- Up-to-date: /home/ubuntu/robot-simulation/src/install/yaskawa_msgs/include/yaskawa_msgs/yaskawa_msgs/action
[0.609s] -- Up-to-date: /home/ubuntu/robot-simulation/src/install/yaskawa_msgs/include/yaskawa_msgs/yaskawa_msgs/action/detail
[0.610s] -- Up-to-date: /home/ubuntu/robot-simulation/src/install/yaskawa_msgs/include/yaskawa_msgs/yaskawa_msgs/action/detail/yaskawa_tasks__builder.hpp
[0.610s] -- Up-to-date: /home/ubuntu/robot-simulation/src/install/yaskawa_msgs/include/yaskawa_msgs/yaskawa_msgs/action/detail/yaskawa_tasks__struct.hpp
[0.610s] -- Up-to-date: /home/ubuntu/robot-simulation/src/install/yaskawa_msgs/include/yaskawa_msgs/yaskawa_msgs/action/detail/yaskawa_tasks__traits.hpp
[0.610s] -- Up-to-date: /home/ubuntu/robot-simulation/src/install/yaskawa_msgs/include/yaskawa_msgs/yaskawa_msgs/action/yaskawa_tasks.hpp
[0.610s] -- Up-to-date: /home/ubuntu/robot-simulation/src/install/yaskawa_msgs/include/yaskawa_msgs/yaskawa_msgs
[0.610s] -- Up-to-date: /home/ubuntu/robot-simulation/src/install/yaskawa_msgs/include/yaskawa_msgs/yaskawa_msgs/action
[0.610s] -- Up-to-date: /home/ubuntu/robot-simulation/src/install/yaskawa_msgs/include/yaskawa_msgs/yaskawa_msgs/action/detail
[0.611s] -- Up-to-date: /home/ubuntu/robot-simulation/src/install/yaskawa_msgs/include/yaskawa_msgs/yaskawa_msgs/action/detail/dds_fastrtps
[0.611s] -- Up-to-date: /home/ubuntu/robot-simulation/src/install/yaskawa_msgs/include/yaskawa_msgs/yaskawa_msgs/action/detail/yaskawa_tasks__rosidl_typesupport_fastrtps_cpp.hpp
[0.611s] -- Up-to-date: /home/ubuntu/robot-simulation/src/install/yaskawa_msgs/include/yaskawa_msgs/yaskawa_msgs/msg
[0.611s] -- Up-to-date: /home/ubuntu/robot-simulation/src/install/yaskawa_msgs/include/yaskawa_msgs/yaskawa_msgs/msg/rosidl_typesupport_fastrtps_cpp__visibility_control.h
[0.611s] -- Up-to-date: /home/ubuntu/robot-simulation/src/install/yaskawa_msgs/lib/libyaskawa_msgs__rosidl_typesupport_fastrtps_cpp.so
[0.611s] -- Up-to-date: /home/ubuntu/robot-simulation/src/install/yaskawa_msgs/include/yaskawa_msgs/yaskawa_msgs
[0.611s] -- Up-to-date: /home/ubuntu/robot-simulation/src/install/yaskawa_msgs/include/yaskawa_msgs/yaskawa_msgs/action
[0.612s] -- Up-to-date: /home/ubuntu/robot-simulation/src/install/yaskawa_msgs/include/yaskawa_msgs/yaskawa_msgs/action/detail
[0.612s] -- Up-to-date: /home/ubuntu/robot-simulation/src/install/yaskawa_msgs/include/yaskawa_msgs/yaskawa_msgs/action/detail/yaskawa_tasks__rosidl_typesupport_introspection_c.h
[0.612s] -- Up-to-date: /home/ubuntu/robot-simulation/src/install/yaskawa_msgs/include/yaskawa_msgs/yaskawa_msgs/action/detail/yaskawa_tasks__type_support.c
[0.612s] -- Up-to-date: /home/ubuntu/robot-simulation/src/install/yaskawa_msgs/include/yaskawa_msgs/yaskawa_msgs/msg
[0.612s] -- Up-to-date: /home/ubuntu/robot-simulation/src/install/yaskawa_msgs/include/yaskawa_msgs/yaskawa_msgs/msg/rosidl_typesupport_introspection_c__visibility_control.h
[0.612s] -- Up-to-date: /home/ubuntu/robot-simulation/src/install/yaskawa_msgs/lib/libyaskawa_msgs__rosidl_typesupport_introspection_c.so
[0.612s] -- Up-to-date: /home/ubuntu/robot-simulation/src/install/yaskawa_msgs/lib/libyaskawa_msgs__rosidl_typesupport_c.so
[0.612s] -- Up-to-date: /home/ubuntu/robot-simulation/src/install/yaskawa_msgs/include/yaskawa_msgs/yaskawa_msgs
[0.612s] -- Up-to-date: /home/ubuntu/robot-simulation/src/install/yaskawa_msgs/include/yaskawa_msgs/yaskawa_msgs/action
[0.613s] -- Up-to-date: /home/ubuntu/robot-simulation/src/install/yaskawa_msgs/include/yaskawa_msgs/yaskawa_msgs/action/detail
[0.613s] -- Up-to-date: /home/ubuntu/robot-simulation/src/install/yaskawa_msgs/include/yaskawa_msgs/yaskawa_msgs/action/detail/yaskawa_tasks__rosidl_typesupport_introspection_cpp.hpp
[0.613s] -- Up-to-date: /home/ubuntu/robot-simulation/src/install/yaskawa_msgs/include/yaskawa_msgs/yaskawa_msgs/action/detail/yaskawa_tasks__type_support.cpp
[0.613s] -- Up-to-date: /home/ubuntu/robot-simulation/src/install/yaskawa_msgs/lib/libyaskawa_msgs__rosidl_typesupport_introspection_cpp.so
[0.613s] -- Up-to-date: /home/ubuntu/robot-simulation/src/install/yaskawa_msgs/lib/libyaskawa_msgs__rosidl_typesupport_cpp.so
[0.613s] -- Up-to-date: /home/ubuntu/robot-simulation/src/install/yaskawa_msgs/share/yaskawa_msgs/environment/pythonpath.sh
[0.613s] -- Up-to-date: /home/ubuntu/robot-simulation/src/install/yaskawa_msgs/share/yaskawa_msgs/environment/pythonpath.dsv
[0.613s] -- Up-to-date: /home/ubuntu/robot-simulation/src/install/yaskawa_msgs/local/lib/python3.10/dist-packages/yaskawa_msgs-0.0.0-py3.10.egg-info
[0.613s] -- Installing: /home/ubuntu/robot-simulation/src/install/yaskawa_msgs/local/lib/python3.10/dist-packages/yaskawa_msgs-0.0.0-py3.10.egg-info/top_level.txt
[0.614s] -- Installing: /home/ubuntu/robot-simulation/src/install/yaskawa_msgs/local/lib/python3.10/dist-packages/yaskawa_msgs-0.0.0-py3.10.egg-info/dependency_links.txt
[0.614s] -- Installing: /home/ubuntu/robot-simulation/src/install/yaskawa_msgs/local/lib/python3.10/dist-packages/yaskawa_msgs-0.0.0-py3.10.egg-info/PKG-INFO
[0.614s] -- Installing: /home/ubuntu/robot-simulation/src/install/yaskawa_msgs/local/lib/python3.10/dist-packages/yaskawa_msgs-0.0.0-py3.10.egg-info/SOURCES.txt
[0.614s] -- Up-to-date: /home/ubuntu/robot-simulation/src/install/yaskawa_msgs/local/lib/python3.10/dist-packages/yaskawa_msgs
[0.614s] -- Up-to-date: /home/ubuntu/robot-simulation/src/install/yaskawa_msgs/local/lib/python3.10/dist-packages/yaskawa_msgs/_yaskawa_msgs_s.ep.rosidl_typesupport_c.c
[0.614s] -- Up-to-date: /home/ubuntu/robot-simulation/src/install/yaskawa_msgs/local/lib/python3.10/dist-packages/yaskawa_msgs/action
[0.614s] -- Up-to-date: /home/ubuntu/robot-simulation/src/install/yaskawa_msgs/local/lib/python3.10/dist-packages/yaskawa_msgs/action/_yaskawa_tasks.py
[0.614s] -- Up-to-date: /home/ubuntu/robot-simulation/src/install/yaskawa_msgs/local/lib/python3.10/dist-packages/yaskawa_msgs/action/_yaskawa_tasks_s.c
[0.614s] -- Up-to-date: /home/ubuntu/robot-simulation/src/install/yaskawa_msgs/local/lib/python3.10/dist-packages/yaskawa_msgs/action/__init__.py
[0.615s] -- Up-to-date: /home/ubuntu/robot-simulation/src/install/yaskawa_msgs/local/lib/python3.10/dist-packages/yaskawa_msgs/yaskawa_msgs_s__rosidl_typesupport_introspection_c.cpython-310-x86_64-linux-gnu.so
[0.615s] -- Up-to-date: /home/ubuntu/robot-simulation/src/install/yaskawa_msgs/local/lib/python3.10/dist-packages/yaskawa_msgs/libyaskawa_msgs__rosidl_generator_py.so
[0.615s] -- Up-to-date: /home/ubuntu/robot-simulation/src/install/yaskawa_msgs/local/lib/python3.10/dist-packages/yaskawa_msgs/yaskawa_msgs_s__rosidl_typesupport_fastrtps_c.cpython-310-x86_64-linux-gnu.so
[0.615s] -- Up-to-date: /home/ubuntu/robot-simulation/src/install/yaskawa_msgs/local/lib/python3.10/dist-packages/yaskawa_msgs/_yaskawa_msgs_s.ep.rosidl_typesupport_introspection_c.c
[0.615s] -- Up-to-date: /home/ubuntu/robot-simulation/src/install/yaskawa_msgs/local/lib/python3.10/dist-packages/yaskawa_msgs/yaskawa_msgs_s__rosidl_typesupport_c.cpython-310-x86_64-linux-gnu.so
[0.615s] -- Up-to-date: /home/ubuntu/robot-simulation/src/install/yaskawa_msgs/local/lib/python3.10/dist-packages/yaskawa_msgs/__init__.py
[0.615s] -- Up-to-date: /home/ubuntu/robot-simulation/src/install/yaskawa_msgs/local/lib/python3.10/dist-packages/yaskawa_msgs/_yaskawa_msgs_s.ep.rosidl_typesupport_fastrtps_c.c
[0.647s] Listing '/home/ubuntu/robot-simulation/src/install/yaskawa_msgs/local/lib/python3.10/dist-packages/yaskawa_msgs'...
[0.647s] Listing '/home/ubuntu/robot-simulation/src/install/yaskawa_msgs/local/lib/python3.10/dist-packages/yaskawa_msgs/action'...
[0.651s] -- Up-to-date: /home/ubuntu/robot-simulation/src/install/yaskawa_msgs/local/lib/python3.10/dist-packages/yaskawa_msgs/yaskawa_msgs_s__rosidl_typesupport_fastrtps_c.cpython-310-x86_64-linux-gnu.so
[0.651s] -- Up-to-date: /home/ubuntu/robot-simulation/src/install/yaskawa_msgs/local/lib/python3.10/dist-packages/yaskawa_msgs/yaskawa_msgs_s__rosidl_typesupport_introspection_c.cpython-310-x86_64-linux-gnu.so
[0.652s] -- Up-to-date: /home/ubuntu/robot-simulation/src/install/yaskawa_msgs/local/lib/python3.10/dist-packages/yaskawa_msgs/yaskawa_msgs_s__rosidl_typesupport_c.cpython-310-x86_64-linux-gnu.so
[0.652s] -- Up-to-date: /home/ubuntu/robot-simulation/src/install/yaskawa_msgs/lib/libyaskawa_msgs__rosidl_generator_py.so
[0.652s] -- Up-to-date: /home/ubuntu/robot-simulation/src/install/yaskawa_msgs/share/yaskawa_msgs/action/YaskawaTasks.idl
[0.653s] -- Up-to-date: /home/ubuntu/robot-simulation/src/install/yaskawa_msgs/share/yaskawa_msgs/action/YaskawaTasks.action
[0.653s] -- Up-to-date: /home/ubuntu/robot-simulation/src/install/yaskawa_msgs/share/ament_index/resource_index/package_run_dependencies/yaskawa_msgs
[0.653s] -- Up-to-date: /home/ubuntu/robot-simulation/src/install/yaskawa_msgs/share/ament_index/resource_index/parent_prefix_path/yaskawa_msgs
[0.653s] -- Up-to-date: /home/ubuntu/robot-simulation/src/install/yaskawa_msgs/share/yaskawa_msgs/environment/ament_prefix_path.sh
[0.653s] -- Up-to-date: /home/ubuntu/robot-simulation/src/install/yaskawa_msgs/share/yaskawa_msgs/environment/ament_prefix_path.dsv
[0.653s] -- Up-to-date: /home/ubuntu/robot-simulation/src/install/yaskawa_msgs/share/yaskawa_msgs/environment/path.sh
[0.654s] -- Up-to-date: /home/ubuntu/robot-simulation/src/install/yaskawa_msgs/share/yaskawa_msgs/environment/path.dsv
[0.654s] -- Up-to-date: /home/ubuntu/robot-simulation/src/install/yaskawa_msgs/share/yaskawa_msgs/local_setup.bash
[0.654s] -- Up-to-date: /home/ubuntu/robot-simulation/src/install/yaskawa_msgs/share/yaskawa_msgs/local_setup.sh
[0.654s] -- Up-to-date: /home/ubuntu/robot-simulation/src/install/yaskawa_msgs/share/yaskawa_msgs/local_setup.zsh
[0.654s] -- Up-to-date: /home/ubuntu/robot-simulation/src/install/yaskawa_msgs/share/yaskawa_msgs/local_setup.dsv
[0.655s] -- Installing: /home/ubuntu/robot-simulation/src/install/yaskawa_msgs/share/yaskawa_msgs/package.dsv
[0.655s] -- Up-to-date: /home/ubuntu/robot-simulation/src/install/yaskawa_msgs/share/ament_index/resource_index/packages/yaskawa_msgs
[0.655s] -- Up-to-date: /home/ubuntu/robot-simulation/src/install/yaskawa_msgs/share/yaskawa_msgs/cmake/export_yaskawa_msgs__rosidl_generator_cExport.cmake
[0.655s] -- Up-to-date: /home/ubuntu/robot-simulation/src/install/yaskawa_msgs/share/yaskawa_msgs/cmake/export_yaskawa_msgs__rosidl_generator_cExport-noconfig.cmake
[0.655s] -- Up-to-date: /home/ubuntu/robot-simulation/src/install/yaskawa_msgs/share/yaskawa_msgs/cmake/export_yaskawa_msgs__rosidl_typesupport_fastrtps_cExport.cmake
[0.655s] -- Up-to-date: /home/ubuntu/robot-simulation/src/install/yaskawa_msgs/share/yaskawa_msgs/cmake/export_yaskawa_msgs__rosidl_typesupport_fastrtps_cExport-noconfig.cmake
[0.655s] -- Up-to-date: /home/ubuntu/robot-simulation/src/install/yaskawa_msgs/share/yaskawa_msgs/cmake/export_yaskawa_msgs__rosidl_generator_cppExport.cmake
[0.655s] -- Up-to-date: /home/ubuntu/robot-simulation/src/install/yaskawa_msgs/share/yaskawa_msgs/cmake/export_yaskawa_msgs__rosidl_typesupport_fastrtps_cppExport.cmake
[0.655s] -- Up-to-date: /home/ubuntu/robot-simulation/src/install/yaskawa_msgs/share/yaskawa_msgs/cmake/export_yaskawa_msgs__rosidl_typesupport_fastrtps_cppExport-noconfig.cmake
[0.656s] -- Up-to-date: /home/ubuntu/robot-simulation/src/install/yaskawa_msgs/share/yaskawa_msgs/cmake/yaskawa_msgs__rosidl_typesupport_introspection_cExport.cmake
[0.656s] -- Up-to-date: /home/ubuntu/robot-simulation/src/install/yaskawa_msgs/share/yaskawa_msgs/cmake/yaskawa_msgs__rosidl_typesupport_introspection_cExport-noconfig.cmake
[0.656s] -- Up-to-date: /home/ubuntu/robot-simulation/src/install/yaskawa_msgs/share/yaskawa_msgs/cmake/yaskawa_msgs__rosidl_typesupport_cExport.cmake
[0.656s] -- Up-to-date: /home/ubuntu/robot-simulation/src/install/yaskawa_msgs/share/yaskawa_msgs/cmake/yaskawa_msgs__rosidl_typesupport_cExport-noconfig.cmake
[0.656s] -- Up-to-date: /home/ubuntu/robot-simulation/src/install/yaskawa_msgs/share/yaskawa_msgs/cmake/yaskawa_msgs__rosidl_typesupport_introspection_cppExport.cmake
[0.656s] -- Up-to-date: /home/ubuntu/robot-simulation/src/install/yaskawa_msgs/share/yaskawa_msgs/cmake/yaskawa_msgs__rosidl_typesupport_introspection_cppExport-noconfig.cmake
[0.657s] -- Up-to-date: /home/ubuntu/robot-simulation/src/install/yaskawa_msgs/share/yaskawa_msgs/cmake/yaskawa_msgs__rosidl_typesupport_cppExport.cmake
[0.657s] -- Up-to-date: /home/ubuntu/robot-simulation/src/install/yaskawa_msgs/share/yaskawa_msgs/cmake/yaskawa_msgs__rosidl_typesupport_cppExport-noconfig.cmake
[0.658s] -- Up-to-date: /home/ubuntu/robot-simulation/src/install/yaskawa_msgs/share/yaskawa_msgs/cmake/export_yaskawa_msgs__rosidl_generator_pyExport.cmake
[0.658s] -- Up-to-date: /home/ubuntu/robot-simulation/src/install/yaskawa_msgs/share/yaskawa_msgs/cmake/export_yaskawa_msgs__rosidl_generator_pyExport-noconfig.cmake
[0.658s] -- Up-to-date: /home/ubuntu/robot-simulation/src/install/yaskawa_msgs/share/yaskawa_msgs/cmake/rosidl_cmake-extras.cmake
[0.658s] -- Up-to-date: /home/ubuntu/robot-simulation/src/install/yaskawa_msgs/share/yaskawa_msgs/cmake/ament_cmake_export_dependencies-extras.cmake
[0.658s] -- Up-to-date: /home/ubuntu/robot-simulation/src/install/yaskawa_msgs/share/yaskawa_msgs/cmake/ament_cmake_export_include_directories-extras.cmake
[0.659s] -- Up-to-date: /home/ubuntu/robot-simulation/src/install/yaskawa_msgs/share/yaskawa_msgs/cmake/ament_cmake_export_libraries-extras.cmake
[0.659s] -- Up-to-date: /home/ubuntu/robot-simulation/src/install/yaskawa_msgs/share/yaskawa_msgs/cmake/ament_cmake_export_targets-extras.cmake
[0.659s] -- Up-to-date: /home/ubuntu/robot-simulation/src/install/yaskawa_msgs/share/yaskawa_msgs/cmake/rosidl_cmake_export_typesupport_targets-extras.cmake
[0.659s] -- Up-to-date: /home/ubuntu/robot-simulation/src/install/yaskawa_msgs/share/yaskawa_msgs/cmake/rosidl_cmake_export_typesupport_libraries-extras.cmake
[0.659s] -- Up-to-date: /home/ubuntu/robot-simulation/src/install/yaskawa_msgs/share/yaskawa_msgs/cmake/yaskawa_msgsConfig.cmake
[0.660s] -- Up-to-date: /home/ubuntu/robot-simulation/src/install/yaskawa_msgs/share/yaskawa_msgs/cmake/yaskawa_msgsConfig-version.cmake
[0.660s] -- Up-to-date: /home/ubuntu/robot-simulation/src/install/yaskawa_msgs/share/yaskawa_msgs/package.xml
[0.660s] Invoked command in '/home/ubuntu/robot-simulation/src/build/yaskawa_msgs' returned '0': CMAKE_PREFIX_PATH=${CMAKE_PREFIX_PATH}:/opt/ros/humble /usr/bin/cmake --install /home/ubuntu/robot-simulation/src/build/yaskawa_msgs
