[35m[1mConsolidate compiler generated dependencies of target task_server_node[0m
[35m[1mConsolidate compiler generated dependencies of target task_server[0m
[  0%] Built target ament_cmake_python_copy_yaskawa_remote
[ 50%] Built target task_server_node
[100%] Built target task_server
running egg_info
writing yaskawa_remote.egg-info/PKG-INFO
writing dependency_links to yaskawa_remote.egg-info/dependency_links.txt
writing top-level names to yaskawa_remote.egg-info/top_level.txt
reading manifest file 'yaskawa_remote.egg-info/SOURCES.txt'
writing manifest file 'yaskawa_remote.egg-info/SOURCES.txt'
[100%] Built target ament_cmake_python_build_yaskawa_remote_egg
-- Install configuration: ""
-- Up-to-date: /home/ubuntu/robot-simulation/src/install/yaskawa_remote/lib/yaskawa_remote/task_server_node
-- Up-to-date: /home/ubuntu/robot-simulation/src/install/yaskawa_remote/share/yaskawa_remote/environment/pythonpath.sh
-- Up-to-date: /home/ubuntu/robot-simulation/src/install/yaskawa_remote/share/yaskawa_remote/environment/pythonpath.dsv
-- Up-to-date: /home/ubuntu/robot-simulation/src/install/yaskawa_remote/local/lib/python3.10/dist-packages/yaskawa_remote-0.0.0-py3.10.egg-info
-- Installing: /home/ubuntu/robot-simulation/src/install/yaskawa_remote/local/lib/python3.10/dist-packages/yaskawa_remote-0.0.0-py3.10.egg-info/top_level.txt
-- Installing: /home/ubuntu/robot-simulation/src/install/yaskawa_remote/local/lib/python3.10/dist-packages/yaskawa_remote-0.0.0-py3.10.egg-info/dependency_links.txt
-- Installing: /home/ubuntu/robot-simulation/src/install/yaskawa_remote/local/lib/python3.10/dist-packages/yaskawa_remote-0.0.0-py3.10.egg-info/PKG-INFO
-- Installing: /home/ubuntu/robot-simulation/src/install/yaskawa_remote/local/lib/python3.10/dist-packages/yaskawa_remote-0.0.0-py3.10.egg-info/SOURCES.txt
-- Up-to-date: /home/ubuntu/robot-simulation/src/install/yaskawa_remote/local/lib/python3.10/dist-packages/yaskawa_remote
-- Up-to-date: /home/ubuntu/robot-simulation/src/install/yaskawa_remote/local/lib/python3.10/dist-packages/yaskawa_remote/rest_api_yaskawa.py
-- Up-to-date: /home/ubuntu/robot-simulation/src/install/yaskawa_remote/local/lib/python3.10/dist-packages/yaskawa_remote/__init__.py
-- Up-to-date: /home/ubuntu/robot-simulation/src/install/yaskawa_remote/local/lib/python3.10/dist-packages/yaskawa_remote/alexa_interface.py
Listing '/home/ubuntu/robot-simulation/src/install/yaskawa_remote/local/lib/python3.10/dist-packages/yaskawa_remote'...
-- Up-to-date: /home/ubuntu/robot-simulation/src/install/yaskawa_remote/share/yaskawa_remote/launch
-- Up-to-date: /home/ubuntu/robot-simulation/src/install/yaskawa_remote/share/yaskawa_remote/launch/remote_interface.launch.py
-- Up-to-date: /home/ubuntu/robot-simulation/src/install/yaskawa_remote/lib/yaskawa_remote/rest_api_yaskawa.py
-- Up-to-date: /home/ubuntu/robot-simulation/src/install/yaskawa_remote/lib/libtask_server.so
-- Up-to-date: /home/ubuntu/robot-simulation/src/install/yaskawa_remote/share/ament_index/resource_index/package_run_dependencies/yaskawa_remote
-- Up-to-date: /home/ubuntu/robot-simulation/src/install/yaskawa_remote/share/ament_index/resource_index/parent_prefix_path/yaskawa_remote
-- Up-to-date: /home/ubuntu/robot-simulation/src/install/yaskawa_remote/share/yaskawa_remote/environment/ament_prefix_path.sh
-- Up-to-date: /home/ubuntu/robot-simulation/src/install/yaskawa_remote/share/yaskawa_remote/environment/ament_prefix_path.dsv
-- Up-to-date: /home/ubuntu/robot-simulation/src/install/yaskawa_remote/share/yaskawa_remote/environment/path.sh
-- Up-to-date: /home/ubuntu/robot-simulation/src/install/yaskawa_remote/share/yaskawa_remote/environment/path.dsv
-- Up-to-date: /home/ubuntu/robot-simulation/src/install/yaskawa_remote/share/yaskawa_remote/local_setup.bash
-- Up-to-date: /home/ubuntu/robot-simulation/src/install/yaskawa_remote/share/yaskawa_remote/local_setup.sh
-- Up-to-date: /home/ubuntu/robot-simulation/src/install/yaskawa_remote/share/yaskawa_remote/local_setup.zsh
-- Up-to-date: /home/ubuntu/robot-simulation/src/install/yaskawa_remote/share/yaskawa_remote/local_setup.dsv
-- Installing: /home/ubuntu/robot-simulation/src/install/yaskawa_remote/share/yaskawa_remote/package.dsv
-- Up-to-date: /home/ubuntu/robot-simulation/src/install/yaskawa_remote/share/ament_index/resource_index/packages/yaskawa_remote
-- Up-to-date: /home/ubuntu/robot-simulation/src/install/yaskawa_remote/share/ament_index/resource_index/rclcpp_components/yaskawa_remote
-- Up-to-date: /home/ubuntu/robot-simulation/src/install/yaskawa_remote/share/yaskawa_remote/cmake/yaskawa_remoteConfig.cmake
-- Up-to-date: /home/ubuntu/robot-simulation/src/install/yaskawa_remote/share/yaskawa_remote/cmake/yaskawa_remoteConfig-version.cmake
-- Up-to-date: /home/ubuntu/robot-simulation/src/install/yaskawa_remote/share/yaskawa_remote/package.xml
