[0.026s] Invoking command in '/home/ubuntu/robot-simulation/src/build/yaskawa_msgs': CMAKE_PREFIX_PATH=${CMAKE_PREFIX_PATH}:/opt/ros/humble /usr/bin/cmake /home/ubuntu/robot-simulation/src/yaskawa_msgs -DCMAKE_INSTALL_PREFIX=/home/ubuntu/robot-simulation/src/install/yaskawa_msgs
[0.163s] -- The C compiler identification is GNU 11.4.0
[0.255s] -- The CXX compiler identification is GNU 11.4.0
[0.273s] -- Detecting C compiler ABI info
[0.408s] -- Detecting C compiler ABI info - done
[0.427s] -- Check for working C compiler: /usr/bin/cc - skipped
[0.427s] -- Detecting C compile features
[0.428s] -- Detecting C compile features - done
[0.435s] -- Detecting CXX compiler ABI info
[0.571s] -- Detecting CXX compiler ABI info - done
[0.582s] -- Check for working CXX compiler: /usr/bin/c++ - skipped
[0.583s] -- Detecting CXX compile features
[0.583s] -- Detecting CXX compile features - done
[0.599s] -- Found ament_cmake: 1.3.9 (/opt/ros/humble/share/ament_cmake/cmake)
[0.880s] -- Found Python3: /usr/bin/python3 (found version "3.10.12") found components: Interpreter 
[1.058s] -- Found std_msgs: 4.2.4 (/opt/ros/humble/share/std_msgs/cmake)
[1.152s] -- Found rosidl_generator_c: 3.1.5 (/opt/ros/humble/share/rosidl_generator_c/cmake)
[1.168s] -- Found rosidl_adapter: 3.1.5 (/opt/ros/humble/share/rosidl_adapter/cmake)
[1.198s] -- Found rosidl_generator_cpp: 3.1.5 (/opt/ros/humble/share/rosidl_generator_cpp/cmake)
[1.292s] -- Using all available rosidl_typesupport_c: rosidl_typesupport_fastrtps_c;rosidl_typesupport_introspection_c
[1.349s] -- Using all available rosidl_typesupport_cpp: rosidl_typesupport_fastrtps_cpp;rosidl_typesupport_introspection_cpp
[1.492s] -- Found rosidl_default_generators: 1.2.0 (/opt/ros/humble/share/rosidl_default_generators/cmake)
[1.935s] -- Found ament_cmake_ros: 0.10.0 (/opt/ros/humble/share/ament_cmake_ros/cmake)
[2.348s] -- Using all available rosidl_typesupport_c: rosidl_typesupport_fastrtps_c;rosidl_typesupport_introspection_c
[2.522s] -- Using all available rosidl_typesupport_cpp: rosidl_typesupport_fastrtps_cpp;rosidl_typesupport_introspection_cpp
[2.553s] -- Found PythonInterp: /usr/bin/python3 (found suitable version "3.10.12", minimum required is "3.6") 
[2.556s] -- Found python_cmake_module: 0.10.0 (/opt/ros/humble/share/python_cmake_module/cmake)
[2.588s] -- Found PythonLibs: /usr/lib/x86_64-linux-gnu/libpython3.10.so (found suitable version "3.10.12", minimum required is "3.5") 
[2.588s] -- Using PYTHON_EXECUTABLE: /usr/bin/python3
[2.588s] -- Using PYTHON_INCLUDE_DIRS: /usr/include/python3.10
[2.588s] -- Using PYTHON_LIBRARIES: /usr/lib/x86_64-linux-gnu/libpython3.10.so
[2.613s] -- Found PythonExtra: .so  
[2.668s] -- Found ament_lint_auto: 0.12.11 (/opt/ros/humble/share/ament_lint_auto/cmake)
[2.705s] -- Added test 'lint_cmake' to check CMake code style
[2.707s] -- Added test 'xmllint' to check XML markup files
[2.711s] -- Configuring done
[2.768s] -- Generating done
[2.772s] -- Build files have been written to: /home/ubuntu/robot-simulation/src/build/yaskawa_msgs
[2.785s] Invoked command in '/home/ubuntu/robot-simulation/src/build/yaskawa_msgs' returned '0': CMAKE_PREFIX_PATH=${CMAKE_PREFIX_PATH}:/opt/ros/humble /usr/bin/cmake /home/ubuntu/robot-simulation/src/yaskawa_msgs -DCMAKE_INSTALL_PREFIX=/home/ubuntu/robot-simulation/src/install/yaskawa_msgs
[2.787s] Invoking command in '/home/ubuntu/robot-simulation/src/build/yaskawa_msgs': CMAKE_PREFIX_PATH=${CMAKE_PREFIX_PATH}:/opt/ros/humble /usr/bin/cmake --build /home/ubuntu/robot-simulation/src/build/yaskawa_msgs -- -j8 -l8
[2.829s] [  3%] [34m[1mGenerating C code for ROS interfaces[0m
[2.843s] [  6%] [34m[1mGenerating C++ code for ROS interfaces[0m
[2.851s] [  6%] Built target ament_cmake_python_copy_yaskawa_msgs
[3.235s] running egg_info
[3.236s] creating yaskawa_msgs.egg-info
[3.236s] writing yaskawa_msgs.egg-info/PKG-INFO
[3.236s] writing dependency_links to yaskawa_msgs.egg-info/dependency_links.txt
[3.237s] writing top-level names to yaskawa_msgs.egg-info/top_level.txt
[3.237s] writing manifest file 'yaskawa_msgs.egg-info/SOURCES.txt'
[3.240s] reading manifest file 'yaskawa_msgs.egg-info/SOURCES.txt'
[3.241s] writing manifest file 'yaskawa_msgs.egg-info/SOURCES.txt'
[3.277s] [  6%] Built target ament_cmake_python_build_yaskawa_msgs_egg
[3.411s] [  6%] Built target yaskawa_msgs__cpp
[3.423s] [  9%] [34m[1mGenerating C++ type support dispatch for ROS interfaces[0m
[3.423s] [ 12%] [34m[1mGenerating C++ type support for eProsima Fast-RTPS[0m
[3.423s] [ 16%] [34m[1mGenerating C++ introspection for ROS interfaces[0m
[3.477s] [ 19%] [32mBuilding C object CMakeFiles/yaskawa_msgs__rosidl_generator_c.dir/rosidl_generator_c/yaskawa_msgs/action/detail/yaskawa_tasks__functions.c.o[0m
[3.638s] [ 22%] [32m[1mLinking C shared library libyaskawa_msgs__rosidl_generator_c.so[0m
[3.679s] [ 22%] Built target yaskawa_msgs__rosidl_generator_c
[3.694s] [ 29%] [34m[1mGenerating C type support for eProsima Fast-RTPS[0m
[3.694s] [ 32%] [34m[1mGenerating C type support dispatch for ROS interfaces[0m
[3.695s] [ 32%] [34m[1mGenerating C introspection for ROS interfaces[0m
[3.849s] [ 35%] [32mBuilding CXX object CMakeFiles/yaskawa_msgs__rosidl_typesupport_cpp.dir/rosidl_typesupport_cpp/yaskawa_msgs/action/yaskawa_tasks__type_support.cpp.o[0m
[4.035s] [ 38%] [32mBuilding CXX object CMakeFiles/yaskawa_msgs__rosidl_typesupport_introspection_cpp.dir/rosidl_typesupport_introspection_cpp/yaskawa_msgs/action/detail/yaskawa_tasks__type_support.cpp.o[0m
[4.237s] [ 41%] [32mBuilding CXX object CMakeFiles/yaskawa_msgs__rosidl_typesupport_fastrtps_cpp.dir/rosidl_typesupport_fastrtps_cpp/yaskawa_msgs/action/detail/dds_fastrtps/yaskawa_tasks__type_support.cpp.o[0m
[4.271s] [ 45%] [32mBuilding CXX object CMakeFiles/yaskawa_msgs__rosidl_typesupport_c.dir/rosidl_typesupport_c/yaskawa_msgs/action/yaskawa_tasks__type_support.cpp.o[0m
[4.382s] [ 48%] [32m[1mLinking CXX shared library libyaskawa_msgs__rosidl_typesupport_c.so[0m
[4.458s] [ 51%] [32mBuilding C object CMakeFiles/yaskawa_msgs__rosidl_typesupport_introspection_c.dir/rosidl_typesupport_introspection_c/yaskawa_msgs/action/detail/yaskawa_tasks__type_support.c.o[0m
[4.484s] [ 51%] Built target yaskawa_msgs__rosidl_typesupport_c
[4.488s] [ 54%] [32mBuilding CXX object CMakeFiles/yaskawa_msgs__rosidl_typesupport_fastrtps_c.dir/rosidl_typesupport_fastrtps_c/yaskawa_msgs/action/detail/yaskawa_tasks__type_support_c.cpp.o[0m
[4.548s] [ 58%] [32m[1mLinking C shared library libyaskawa_msgs__rosidl_typesupport_introspection_c.so[0m
[4.596s] [ 58%] Built target yaskawa_msgs__rosidl_typesupport_introspection_c
[4.810s] [ 61%] [32m[1mLinking CXX shared library libyaskawa_msgs__rosidl_typesupport_cpp.so[0m
[4.929s] [ 61%] Built target yaskawa_msgs__rosidl_typesupport_cpp
[5.150s] [ 64%] [32m[1mLinking CXX shared library libyaskawa_msgs__rosidl_typesupport_introspection_cpp.so[0m
[5.225s] [ 67%] [32m[1mLinking CXX shared library libyaskawa_msgs__rosidl_typesupport_fastrtps_c.so[0m
[5.297s] [ 67%] Built target yaskawa_msgs__rosidl_typesupport_introspection_cpp
[5.383s] [ 67%] Built target yaskawa_msgs__rosidl_typesupport_fastrtps_c
[5.394s] [ 70%] [32m[1mLinking CXX shared library libyaskawa_msgs__rosidl_typesupport_fastrtps_cpp.so[0m
[5.514s] [ 70%] Built target yaskawa_msgs__rosidl_typesupport_fastrtps_cpp
[5.544s] [ 70%] Built target yaskawa_msgs
[5.568s] [ 74%] [34m[1mGenerating Python code for ROS interfaces[0m
[6.481s] [ 74%] Built target yaskawa_msgs__py
[6.504s] [ 77%] [32mBuilding C object CMakeFiles/yaskawa_msgs__rosidl_generator_py.dir/rosidl_generator_py/yaskawa_msgs/action/_yaskawa_tasks_s.c.o[0m
[6.693s] [ 80%] [32m[1mLinking C shared library rosidl_generator_py/yaskawa_msgs/libyaskawa_msgs__rosidl_generator_py.so[0m
[6.740s] [ 80%] Built target yaskawa_msgs__rosidl_generator_py
[6.770s] [ 83%] [32mBuilding C object CMakeFiles/yaskawa_msgs__rosidl_typesupport_c__pyext.dir/rosidl_generator_py/yaskawa_msgs/_yaskawa_msgs_s.ep.rosidl_typesupport_c.c.o[0m
[6.773s] [ 87%] [32mBuilding C object CMakeFiles/yaskawa_msgs__rosidl_typesupport_fastrtps_c__pyext.dir/rosidl_generator_py/yaskawa_msgs/_yaskawa_msgs_s.ep.rosidl_typesupport_fastrtps_c.c.o[0m
[6.775s] [ 90%] [32mBuilding C object CMakeFiles/yaskawa_msgs__rosidl_typesupport_introspection_c__pyext.dir/rosidl_generator_py/yaskawa_msgs/_yaskawa_msgs_s.ep.rosidl_typesupport_introspection_c.c.o[0m
[6.931s] [ 93%] [32m[1mLinking C shared library rosidl_generator_py/yaskawa_msgs/yaskawa_msgs_s__rosidl_typesupport_c.cpython-310-x86_64-linux-gnu.so[0m
[6.985s] [ 93%] Built target yaskawa_msgs__rosidl_typesupport_c__pyext
[7.001s] [ 96%] [32m[1mLinking C shared library rosidl_generator_py/yaskawa_msgs/yaskawa_msgs_s__rosidl_typesupport_introspection_c.cpython-310-x86_64-linux-gnu.so[0m
[7.001s] [100%] [32m[1mLinking C shared library rosidl_generator_py/yaskawa_msgs/yaskawa_msgs_s__rosidl_typesupport_fastrtps_c.cpython-310-x86_64-linux-gnu.so[0m
[7.056s] [100%] Built target yaskawa_msgs__rosidl_typesupport_introspection_c__pyext
[7.075s] [100%] Built target yaskawa_msgs__rosidl_typesupport_fastrtps_c__pyext
[7.089s] Invoked command in '/home/ubuntu/robot-simulation/src/build/yaskawa_msgs' returned '0': CMAKE_PREFIX_PATH=${CMAKE_PREFIX_PATH}:/opt/ros/humble /usr/bin/cmake --build /home/ubuntu/robot-simulation/src/build/yaskawa_msgs -- -j8 -l8
[7.170s] Invoking command in '/home/ubuntu/robot-simulation/src/build/yaskawa_msgs': CMAKE_PREFIX_PATH=${CMAKE_PREFIX_PATH}:/opt/ros/humble /usr/bin/cmake --install /home/ubuntu/robot-simulation/src/build/yaskawa_msgs
[7.180s] -- Install configuration: ""
[7.181s] -- Installing: /home/ubuntu/robot-simulation/src/install/yaskawa_msgs/share/ament_index/resource_index/rosidl_interfaces/yaskawa_msgs
[7.181s] -- Installing: /home/ubuntu/robot-simulation/src/install/yaskawa_msgs/include/yaskawa_msgs/yaskawa_msgs
[7.181s] -- Installing: /home/ubuntu/robot-simulation/src/install/yaskawa_msgs/include/yaskawa_msgs/yaskawa_msgs/action
[7.181s] -- Installing: /home/ubuntu/robot-simulation/src/install/yaskawa_msgs/include/yaskawa_msgs/yaskawa_msgs/action/detail
[7.181s] -- Installing: /home/ubuntu/robot-simulation/src/install/yaskawa_msgs/include/yaskawa_msgs/yaskawa_msgs/action/detail/yaskawa_tasks__functions.c
[7.182s] -- Installing: /home/ubuntu/robot-simulation/src/install/yaskawa_msgs/include/yaskawa_msgs/yaskawa_msgs/action/detail/yaskawa_tasks__struct.h
[7.182s] -- Installing: /home/ubuntu/robot-simulation/src/install/yaskawa_msgs/include/yaskawa_msgs/yaskawa_msgs/action/detail/yaskawa_tasks__type_support.h
[7.182s] -- Installing: /home/ubuntu/robot-simulation/src/install/yaskawa_msgs/include/yaskawa_msgs/yaskawa_msgs/action/detail/yaskawa_tasks__functions.h
[7.182s] -- Installing: /home/ubuntu/robot-simulation/src/install/yaskawa_msgs/include/yaskawa_msgs/yaskawa_msgs/action/yaskawa_tasks.h
[7.182s] -- Installing: /home/ubuntu/robot-simulation/src/install/yaskawa_msgs/include/yaskawa_msgs/yaskawa_msgs/msg
[7.182s] -- Installing: /home/ubuntu/robot-simulation/src/install/yaskawa_msgs/include/yaskawa_msgs/yaskawa_msgs/msg/rosidl_generator_c__visibility_control.h
[7.183s] -- Installing: /home/ubuntu/robot-simulation/src/install/yaskawa_msgs/share/yaskawa_msgs/environment/library_path.sh
[7.183s] -- Installing: /home/ubuntu/robot-simulation/src/install/yaskawa_msgs/share/yaskawa_msgs/environment/library_path.dsv
[7.183s] -- Installing: /home/ubuntu/robot-simulation/src/install/yaskawa_msgs/lib/libyaskawa_msgs__rosidl_generator_c.so
[7.184s] -- Set runtime path of "/home/ubuntu/robot-simulation/src/install/yaskawa_msgs/lib/libyaskawa_msgs__rosidl_generator_c.so" to ""
[7.185s] -- Up-to-date: /home/ubuntu/robot-simulation/src/install/yaskawa_msgs/include/yaskawa_msgs/yaskawa_msgs
[7.186s] -- Up-to-date: /home/ubuntu/robot-simulation/src/install/yaskawa_msgs/include/yaskawa_msgs/yaskawa_msgs/action
[7.186s] -- Up-to-date: /home/ubuntu/robot-simulation/src/install/yaskawa_msgs/include/yaskawa_msgs/yaskawa_msgs/action/detail
[7.186s] -- Installing: /home/ubuntu/robot-simulation/src/install/yaskawa_msgs/include/yaskawa_msgs/yaskawa_msgs/action/detail/yaskawa_tasks__rosidl_typesupport_fastrtps_c.h
[7.186s] -- Up-to-date: /home/ubuntu/robot-simulation/src/install/yaskawa_msgs/include/yaskawa_msgs/yaskawa_msgs/msg
[7.186s] -- Installing: /home/ubuntu/robot-simulation/src/install/yaskawa_msgs/include/yaskawa_msgs/yaskawa_msgs/msg/rosidl_typesupport_fastrtps_c__visibility_control.h
[7.186s] -- Installing: /home/ubuntu/robot-simulation/src/install/yaskawa_msgs/lib/libyaskawa_msgs__rosidl_typesupport_fastrtps_c.so
[7.187s] -- Set runtime path of "/home/ubuntu/robot-simulation/src/install/yaskawa_msgs/lib/libyaskawa_msgs__rosidl_typesupport_fastrtps_c.so" to ""
[7.187s] -- Up-to-date: /home/ubuntu/robot-simulation/src/install/yaskawa_msgs/include/yaskawa_msgs/yaskawa_msgs
[7.187s] -- Up-to-date: /home/ubuntu/robot-simulation/src/install/yaskawa_msgs/include/yaskawa_msgs/yaskawa_msgs/action
[7.187s] -- Up-to-date: /home/ubuntu/robot-simulation/src/install/yaskawa_msgs/include/yaskawa_msgs/yaskawa_msgs/action/detail
[7.187s] -- Installing: /home/ubuntu/robot-simulation/src/install/yaskawa_msgs/include/yaskawa_msgs/yaskawa_msgs/action/detail/yaskawa_tasks__builder.hpp
[7.188s] -- Installing: /home/ubuntu/robot-simulation/src/install/yaskawa_msgs/include/yaskawa_msgs/yaskawa_msgs/action/detail/yaskawa_tasks__struct.hpp
[7.188s] -- Installing: /home/ubuntu/robot-simulation/src/install/yaskawa_msgs/include/yaskawa_msgs/yaskawa_msgs/action/detail/yaskawa_tasks__traits.hpp
[7.188s] -- Installing: /home/ubuntu/robot-simulation/src/install/yaskawa_msgs/include/yaskawa_msgs/yaskawa_msgs/action/yaskawa_tasks.hpp
[7.188s] -- Up-to-date: /home/ubuntu/robot-simulation/src/install/yaskawa_msgs/include/yaskawa_msgs/yaskawa_msgs
[7.188s] -- Up-to-date: /home/ubuntu/robot-simulation/src/install/yaskawa_msgs/include/yaskawa_msgs/yaskawa_msgs/action
[7.188s] -- Up-to-date: /home/ubuntu/robot-simulation/src/install/yaskawa_msgs/include/yaskawa_msgs/yaskawa_msgs/action/detail
[7.189s] -- Installing: /home/ubuntu/robot-simulation/src/install/yaskawa_msgs/include/yaskawa_msgs/yaskawa_msgs/action/detail/dds_fastrtps
[7.189s] -- Installing: /home/ubuntu/robot-simulation/src/install/yaskawa_msgs/include/yaskawa_msgs/yaskawa_msgs/action/detail/yaskawa_tasks__rosidl_typesupport_fastrtps_cpp.hpp
[7.189s] -- Up-to-date: /home/ubuntu/robot-simulation/src/install/yaskawa_msgs/include/yaskawa_msgs/yaskawa_msgs/msg
[7.189s] -- Installing: /home/ubuntu/robot-simulation/src/install/yaskawa_msgs/include/yaskawa_msgs/yaskawa_msgs/msg/rosidl_typesupport_fastrtps_cpp__visibility_control.h
[7.189s] -- Installing: /home/ubuntu/robot-simulation/src/install/yaskawa_msgs/lib/libyaskawa_msgs__rosidl_typesupport_fastrtps_cpp.so
[7.189s] -- Set runtime path of "/home/ubuntu/robot-simulation/src/install/yaskawa_msgs/lib/libyaskawa_msgs__rosidl_typesupport_fastrtps_cpp.so" to ""
[7.189s] -- Up-to-date: /home/ubuntu/robot-simulation/src/install/yaskawa_msgs/include/yaskawa_msgs/yaskawa_msgs
[7.190s] -- Up-to-date: /home/ubuntu/robot-simulation/src/install/yaskawa_msgs/include/yaskawa_msgs/yaskawa_msgs/action
[7.190s] -- Up-to-date: /home/ubuntu/robot-simulation/src/install/yaskawa_msgs/include/yaskawa_msgs/yaskawa_msgs/action/detail
[7.190s] -- Installing: /home/ubuntu/robot-simulation/src/install/yaskawa_msgs/include/yaskawa_msgs/yaskawa_msgs/action/detail/yaskawa_tasks__rosidl_typesupport_introspection_c.h
[7.190s] -- Installing: /home/ubuntu/robot-simulation/src/install/yaskawa_msgs/include/yaskawa_msgs/yaskawa_msgs/action/detail/yaskawa_tasks__type_support.c
[7.190s] -- Up-to-date: /home/ubuntu/robot-simulation/src/install/yaskawa_msgs/include/yaskawa_msgs/yaskawa_msgs/msg
[7.190s] -- Installing: /home/ubuntu/robot-simulation/src/install/yaskawa_msgs/include/yaskawa_msgs/yaskawa_msgs/msg/rosidl_typesupport_introspection_c__visibility_control.h
[7.190s] -- Installing: /home/ubuntu/robot-simulation/src/install/yaskawa_msgs/lib/libyaskawa_msgs__rosidl_typesupport_introspection_c.so
[7.191s] -- Set runtime path of "/home/ubuntu/robot-simulation/src/install/yaskawa_msgs/lib/libyaskawa_msgs__rosidl_typesupport_introspection_c.so" to ""
[7.191s] -- Installing: /home/ubuntu/robot-simulation/src/install/yaskawa_msgs/lib/libyaskawa_msgs__rosidl_typesupport_c.so
[7.191s] -- Set runtime path of "/home/ubuntu/robot-simulation/src/install/yaskawa_msgs/lib/libyaskawa_msgs__rosidl_typesupport_c.so" to ""
[7.191s] -- Up-to-date: /home/ubuntu/robot-simulation/src/install/yaskawa_msgs/include/yaskawa_msgs/yaskawa_msgs
[7.191s] -- Up-to-date: /home/ubuntu/robot-simulation/src/install/yaskawa_msgs/include/yaskawa_msgs/yaskawa_msgs/action
[7.191s] -- Up-to-date: /home/ubuntu/robot-simulation/src/install/yaskawa_msgs/include/yaskawa_msgs/yaskawa_msgs/action/detail
[7.192s] -- Installing: /home/ubuntu/robot-simulation/src/install/yaskawa_msgs/include/yaskawa_msgs/yaskawa_msgs/action/detail/yaskawa_tasks__rosidl_typesupport_introspection_cpp.hpp
[7.192s] -- Installing: /home/ubuntu/robot-simulation/src/install/yaskawa_msgs/include/yaskawa_msgs/yaskawa_msgs/action/detail/yaskawa_tasks__type_support.cpp
[7.192s] -- Installing: /home/ubuntu/robot-simulation/src/install/yaskawa_msgs/lib/libyaskawa_msgs__rosidl_typesupport_introspection_cpp.so
[7.192s] -- Set runtime path of "/home/ubuntu/robot-simulation/src/install/yaskawa_msgs/lib/libyaskawa_msgs__rosidl_typesupport_introspection_cpp.so" to ""
[7.192s] -- Installing: /home/ubuntu/robot-simulation/src/install/yaskawa_msgs/lib/libyaskawa_msgs__rosidl_typesupport_cpp.so
[7.193s] -- Set runtime path of "/home/ubuntu/robot-simulation/src/install/yaskawa_msgs/lib/libyaskawa_msgs__rosidl_typesupport_cpp.so" to ""
[7.193s] -- Installing: /home/ubuntu/robot-simulation/src/install/yaskawa_msgs/share/yaskawa_msgs/environment/pythonpath.sh
[7.193s] -- Installing: /home/ubuntu/robot-simulation/src/install/yaskawa_msgs/share/yaskawa_msgs/environment/pythonpath.dsv
[7.194s] -- Installing: /home/ubuntu/robot-simulation/src/install/yaskawa_msgs/local/lib/python3.10/dist-packages/yaskawa_msgs-0.0.0-py3.10.egg-info
[7.194s] -- Installing: /home/ubuntu/robot-simulation/src/install/yaskawa_msgs/local/lib/python3.10/dist-packages/yaskawa_msgs-0.0.0-py3.10.egg-info/top_level.txt
[7.194s] -- Installing: /home/ubuntu/robot-simulation/src/install/yaskawa_msgs/local/lib/python3.10/dist-packages/yaskawa_msgs-0.0.0-py3.10.egg-info/dependency_links.txt
[7.194s] -- Installing: /home/ubuntu/robot-simulation/src/install/yaskawa_msgs/local/lib/python3.10/dist-packages/yaskawa_msgs-0.0.0-py3.10.egg-info/PKG-INFO
[7.194s] -- Installing: /home/ubuntu/robot-simulation/src/install/yaskawa_msgs/local/lib/python3.10/dist-packages/yaskawa_msgs-0.0.0-py3.10.egg-info/SOURCES.txt
[7.195s] -- Installing: /home/ubuntu/robot-simulation/src/install/yaskawa_msgs/local/lib/python3.10/dist-packages/yaskawa_msgs
[7.195s] -- Installing: /home/ubuntu/robot-simulation/src/install/yaskawa_msgs/local/lib/python3.10/dist-packages/yaskawa_msgs/_yaskawa_msgs_s.ep.rosidl_typesupport_c.c
[7.195s] -- Installing: /home/ubuntu/robot-simulation/src/install/yaskawa_msgs/local/lib/python3.10/dist-packages/yaskawa_msgs/action
[7.195s] -- Installing: /home/ubuntu/robot-simulation/src/install/yaskawa_msgs/local/lib/python3.10/dist-packages/yaskawa_msgs/action/_yaskawa_tasks.py
[7.195s] -- Installing: /home/ubuntu/robot-simulation/src/install/yaskawa_msgs/local/lib/python3.10/dist-packages/yaskawa_msgs/action/_yaskawa_tasks_s.c
[7.196s] -- Installing: /home/ubuntu/robot-simulation/src/install/yaskawa_msgs/local/lib/python3.10/dist-packages/yaskawa_msgs/action/__init__.py
[7.196s] -- Installing: /home/ubuntu/robot-simulation/src/install/yaskawa_msgs/local/lib/python3.10/dist-packages/yaskawa_msgs/yaskawa_msgs_s__rosidl_typesupport_introspection_c.cpython-310-x86_64-linux-gnu.so
[7.196s] -- Installing: /home/ubuntu/robot-simulation/src/install/yaskawa_msgs/local/lib/python3.10/dist-packages/yaskawa_msgs/libyaskawa_msgs__rosidl_generator_py.so
[7.196s] -- Installing: /home/ubuntu/robot-simulation/src/install/yaskawa_msgs/local/lib/python3.10/dist-packages/yaskawa_msgs/yaskawa_msgs_s__rosidl_typesupport_fastrtps_c.cpython-310-x86_64-linux-gnu.so
[7.196s] -- Installing: /home/ubuntu/robot-simulation/src/install/yaskawa_msgs/local/lib/python3.10/dist-packages/yaskawa_msgs/_yaskawa_msgs_s.ep.rosidl_typesupport_introspection_c.c
[7.197s] -- Installing: /home/ubuntu/robot-simulation/src/install/yaskawa_msgs/local/lib/python3.10/dist-packages/yaskawa_msgs/yaskawa_msgs_s__rosidl_typesupport_c.cpython-310-x86_64-linux-gnu.so
[7.197s] -- Installing: /home/ubuntu/robot-simulation/src/install/yaskawa_msgs/local/lib/python3.10/dist-packages/yaskawa_msgs/__init__.py
[7.197s] -- Installing: /home/ubuntu/robot-simulation/src/install/yaskawa_msgs/local/lib/python3.10/dist-packages/yaskawa_msgs/_yaskawa_msgs_s.ep.rosidl_typesupport_fastrtps_c.c
[7.266s] Listing '/home/ubuntu/robot-simulation/src/install/yaskawa_msgs/local/lib/python3.10/dist-packages/yaskawa_msgs'...
[7.266s] Compiling '/home/ubuntu/robot-simulation/src/install/yaskawa_msgs/local/lib/python3.10/dist-packages/yaskawa_msgs/__init__.py'...
[7.267s] Listing '/home/ubuntu/robot-simulation/src/install/yaskawa_msgs/local/lib/python3.10/dist-packages/yaskawa_msgs/action'...
[7.267s] Compiling '/home/ubuntu/robot-simulation/src/install/yaskawa_msgs/local/lib/python3.10/dist-packages/yaskawa_msgs/action/__init__.py'...
[7.267s] Compiling '/home/ubuntu/robot-simulation/src/install/yaskawa_msgs/local/lib/python3.10/dist-packages/yaskawa_msgs/action/_yaskawa_tasks.py'...
[7.273s] -- Installing: /home/ubuntu/robot-simulation/src/install/yaskawa_msgs/local/lib/python3.10/dist-packages/yaskawa_msgs/yaskawa_msgs_s__rosidl_typesupport_fastrtps_c.cpython-310-x86_64-linux-gnu.so
[7.273s] -- Set runtime path of "/home/ubuntu/robot-simulation/src/install/yaskawa_msgs/local/lib/python3.10/dist-packages/yaskawa_msgs/yaskawa_msgs_s__rosidl_typesupport_fastrtps_c.cpython-310-x86_64-linux-gnu.so" to ""
[7.274s] -- Installing: /home/ubuntu/robot-simulation/src/install/yaskawa_msgs/local/lib/python3.10/dist-packages/yaskawa_msgs/yaskawa_msgs_s__rosidl_typesupport_introspection_c.cpython-310-x86_64-linux-gnu.so
[7.274s] -- Set runtime path of "/home/ubuntu/robot-simulation/src/install/yaskawa_msgs/local/lib/python3.10/dist-packages/yaskawa_msgs/yaskawa_msgs_s__rosidl_typesupport_introspection_c.cpython-310-x86_64-linux-gnu.so" to ""
[7.275s] -- Installing: /home/ubuntu/robot-simulation/src/install/yaskawa_msgs/local/lib/python3.10/dist-packages/yaskawa_msgs/yaskawa_msgs_s__rosidl_typesupport_c.cpython-310-x86_64-linux-gnu.so
[7.275s] -- Set runtime path of "/home/ubuntu/robot-simulation/src/install/yaskawa_msgs/local/lib/python3.10/dist-packages/yaskawa_msgs/yaskawa_msgs_s__rosidl_typesupport_c.cpython-310-x86_64-linux-gnu.so" to ""
[7.275s] -- Installing: /home/ubuntu/robot-simulation/src/install/yaskawa_msgs/lib/libyaskawa_msgs__rosidl_generator_py.so
[7.276s] -- Set runtime path of "/home/ubuntu/robot-simulation/src/install/yaskawa_msgs/lib/libyaskawa_msgs__rosidl_generator_py.so" to ""
[7.276s] -- Installing: /home/ubuntu/robot-simulation/src/install/yaskawa_msgs/share/yaskawa_msgs/action/YaskawaTasks.idl
[7.276s] -- Installing: /home/ubuntu/robot-simulation/src/install/yaskawa_msgs/share/yaskawa_msgs/action/YaskawaTasks.action
[7.277s] -- Installing: /home/ubuntu/robot-simulation/src/install/yaskawa_msgs/share/ament_index/resource_index/package_run_dependencies/yaskawa_msgs
[7.277s] -- Installing: /home/ubuntu/robot-simulation/src/install/yaskawa_msgs/share/ament_index/resource_index/parent_prefix_path/yaskawa_msgs
[7.277s] -- Installing: /home/ubuntu/robot-simulation/src/install/yaskawa_msgs/share/yaskawa_msgs/environment/ament_prefix_path.sh
[7.277s] -- Installing: /home/ubuntu/robot-simulation/src/install/yaskawa_msgs/share/yaskawa_msgs/environment/ament_prefix_path.dsv
[7.278s] -- Installing: /home/ubuntu/robot-simulation/src/install/yaskawa_msgs/share/yaskawa_msgs/environment/path.sh
[7.278s] -- Installing: /home/ubuntu/robot-simulation/src/install/yaskawa_msgs/share/yaskawa_msgs/environment/path.dsv
[7.278s] -- Installing: /home/ubuntu/robot-simulation/src/install/yaskawa_msgs/share/yaskawa_msgs/local_setup.bash
[7.278s] -- Installing: /home/ubuntu/robot-simulation/src/install/yaskawa_msgs/share/yaskawa_msgs/local_setup.sh
[7.279s] -- Installing: /home/ubuntu/robot-simulation/src/install/yaskawa_msgs/share/yaskawa_msgs/local_setup.zsh
[7.279s] -- Installing: /home/ubuntu/robot-simulation/src/install/yaskawa_msgs/share/yaskawa_msgs/local_setup.dsv
[7.279s] -- Installing: /home/ubuntu/robot-simulation/src/install/yaskawa_msgs/share/yaskawa_msgs/package.dsv
[7.279s] -- Installing: /home/ubuntu/robot-simulation/src/install/yaskawa_msgs/share/ament_index/resource_index/packages/yaskawa_msgs
[7.279s] -- Installing: /home/ubuntu/robot-simulation/src/install/yaskawa_msgs/share/yaskawa_msgs/cmake/export_yaskawa_msgs__rosidl_generator_cExport.cmake
[7.280s] -- Installing: /home/ubuntu/robot-simulation/src/install/yaskawa_msgs/share/yaskawa_msgs/cmake/export_yaskawa_msgs__rosidl_generator_cExport-noconfig.cmake
[7.280s] -- Installing: /home/ubuntu/robot-simulation/src/install/yaskawa_msgs/share/yaskawa_msgs/cmake/export_yaskawa_msgs__rosidl_typesupport_fastrtps_cExport.cmake
[7.280s] -- Installing: /home/ubuntu/robot-simulation/src/install/yaskawa_msgs/share/yaskawa_msgs/cmake/export_yaskawa_msgs__rosidl_typesupport_fastrtps_cExport-noconfig.cmake
[7.280s] -- Installing: /home/ubuntu/robot-simulation/src/install/yaskawa_msgs/share/yaskawa_msgs/cmake/export_yaskawa_msgs__rosidl_generator_cppExport.cmake
[7.281s] -- Installing: /home/ubuntu/robot-simulation/src/install/yaskawa_msgs/share/yaskawa_msgs/cmake/export_yaskawa_msgs__rosidl_typesupport_fastrtps_cppExport.cmake
[7.281s] -- Installing: /home/ubuntu/robot-simulation/src/install/yaskawa_msgs/share/yaskawa_msgs/cmake/export_yaskawa_msgs__rosidl_typesupport_fastrtps_cppExport-noconfig.cmake
[7.281s] -- Installing: /home/ubuntu/robot-simulation/src/install/yaskawa_msgs/share/yaskawa_msgs/cmake/yaskawa_msgs__rosidl_typesupport_introspection_cExport.cmake
[7.281s] -- Installing: /home/ubuntu/robot-simulation/src/install/yaskawa_msgs/share/yaskawa_msgs/cmake/yaskawa_msgs__rosidl_typesupport_introspection_cExport-noconfig.cmake
[7.281s] -- Installing: /home/ubuntu/robot-simulation/src/install/yaskawa_msgs/share/yaskawa_msgs/cmake/yaskawa_msgs__rosidl_typesupport_cExport.cmake
[7.282s] -- Installing: /home/ubuntu/robot-simulation/src/install/yaskawa_msgs/share/yaskawa_msgs/cmake/yaskawa_msgs__rosidl_typesupport_cExport-noconfig.cmake
[7.282s] -- Installing: /home/ubuntu/robot-simulation/src/install/yaskawa_msgs/share/yaskawa_msgs/cmake/yaskawa_msgs__rosidl_typesupport_introspection_cppExport.cmake
[7.282s] -- Installing: /home/ubuntu/robot-simulation/src/install/yaskawa_msgs/share/yaskawa_msgs/cmake/yaskawa_msgs__rosidl_typesupport_introspection_cppExport-noconfig.cmake
[7.282s] -- Installing: /home/ubuntu/robot-simulation/src/install/yaskawa_msgs/share/yaskawa_msgs/cmake/yaskawa_msgs__rosidl_typesupport_cppExport.cmake
[7.282s] -- Installing: /home/ubuntu/robot-simulation/src/install/yaskawa_msgs/share/yaskawa_msgs/cmake/yaskawa_msgs__rosidl_typesupport_cppExport-noconfig.cmake
[7.283s] -- Installing: /home/ubuntu/robot-simulation/src/install/yaskawa_msgs/share/yaskawa_msgs/cmake/export_yaskawa_msgs__rosidl_generator_pyExport.cmake
[7.283s] -- Installing: /home/ubuntu/robot-simulation/src/install/yaskawa_msgs/share/yaskawa_msgs/cmake/export_yaskawa_msgs__rosidl_generator_pyExport-noconfig.cmake
[7.283s] -- Installing: /home/ubuntu/robot-simulation/src/install/yaskawa_msgs/share/yaskawa_msgs/cmake/rosidl_cmake-extras.cmake
[7.283s] -- Installing: /home/ubuntu/robot-simulation/src/install/yaskawa_msgs/share/yaskawa_msgs/cmake/ament_cmake_export_dependencies-extras.cmake
[7.284s] -- Installing: /home/ubuntu/robot-simulation/src/install/yaskawa_msgs/share/yaskawa_msgs/cmake/ament_cmake_export_include_directories-extras.cmake
[7.284s] -- Installing: /home/ubuntu/robot-simulation/src/install/yaskawa_msgs/share/yaskawa_msgs/cmake/ament_cmake_export_libraries-extras.cmake
[7.284s] -- Installing: /home/ubuntu/robot-simulation/src/install/yaskawa_msgs/share/yaskawa_msgs/cmake/ament_cmake_export_targets-extras.cmake
[7.284s] -- Installing: /home/ubuntu/robot-simulation/src/install/yaskawa_msgs/share/yaskawa_msgs/cmake/rosidl_cmake_export_typesupport_targets-extras.cmake
[7.284s] -- Installing: /home/ubuntu/robot-simulation/src/install/yaskawa_msgs/share/yaskawa_msgs/cmake/rosidl_cmake_export_typesupport_libraries-extras.cmake
[7.284s] -- Installing: /home/ubuntu/robot-simulation/src/install/yaskawa_msgs/share/yaskawa_msgs/cmake/yaskawa_msgsConfig.cmake
[7.285s] -- Installing: /home/ubuntu/robot-simulation/src/install/yaskawa_msgs/share/yaskawa_msgs/cmake/yaskawa_msgsConfig-version.cmake
[7.285s] -- Installing: /home/ubuntu/robot-simulation/src/install/yaskawa_msgs/share/yaskawa_msgs/package.xml
[7.289s] Invoked command in '/home/ubuntu/robot-simulation/src/build/yaskawa_msgs' returned '0': CMAKE_PREFIX_PATH=${CMAKE_PREFIX_PATH}:/opt/ros/humble /usr/bin/cmake --install /home/ubuntu/robot-simulation/src/build/yaskawa_msgs
