[0.029s] Invoking command in '/home/ubuntu/robot-simulation/src/build/yaskawa_mh5_controller': CMAKE_PREFIX_PATH=${CMAKE_PREFIX_PATH}:/opt/ros/humble /usr/bin/cmake --build /home/ubuntu/robot-simulation/src/build/yaskawa_mh5_controller -- -j8 -l8
[0.078s] Invoked command in '/home/ubuntu/robot-simulation/src/build/yaskawa_mh5_controller' returned '0': CMAKE_PREFIX_PATH=${CMAKE_PREFIX_PATH}:/opt/ros/humble /usr/bin/cmake --build /home/ubuntu/robot-simulation/src/build/yaskawa_mh5_controller -- -j8 -l8
[0.137s] Invoking command in '/home/ubuntu/robot-simulation/src/build/yaskawa_mh5_controller': CMAKE_PREFIX_PATH=${CMAKE_PREFIX_PATH}:/opt/ros/humble /usr/bin/cmake --install /home/ubuntu/robot-simulation/src/build/yaskawa_mh5_controller
[0.162s] -- Install configuration: ""
[0.162s] -- Up-to-date: /home/ubuntu/robot-simulation/src/install/yaskawa_mh5_controller/share/yaskawa_mh5_controller/config
[0.163s] -- Up-to-date: /home/ubuntu/robot-simulation/src/install/yaskawa_mh5_controller/share/yaskawa_mh5_controller/config/mh5_ros2_controller.yaml
[0.163s] -- Up-to-date: /home/ubuntu/robot-simulation/src/install/yaskawa_mh5_controller/share/yaskawa_mh5_controller/launch
[0.163s] -- Up-to-date: /home/ubuntu/robot-simulation/src/install/yaskawa_mh5_controller/share/yaskawa_mh5_controller/launch/controller.launch.py
[0.163s] -- Up-to-date: /home/ubuntu/robot-simulation/src/install/yaskawa_mh5_controller/share/ament_index/resource_index/package_run_dependencies/yaskawa_mh5_controller
[0.163s] -- Up-to-date: /home/ubuntu/robot-simulation/src/install/yaskawa_mh5_controller/share/ament_index/resource_index/parent_prefix_path/yaskawa_mh5_controller
[0.163s] -- Up-to-date: /home/ubuntu/robot-simulation/src/install/yaskawa_mh5_controller/share/yaskawa_mh5_controller/environment/ament_prefix_path.sh
[0.163s] -- Up-to-date: /home/ubuntu/robot-simulation/src/install/yaskawa_mh5_controller/share/yaskawa_mh5_controller/environment/ament_prefix_path.dsv
[0.163s] -- Up-to-date: /home/ubuntu/robot-simulation/src/install/yaskawa_mh5_controller/share/yaskawa_mh5_controller/environment/path.sh
[0.163s] -- Up-to-date: /home/ubuntu/robot-simulation/src/install/yaskawa_mh5_controller/share/yaskawa_mh5_controller/environment/path.dsv
[0.164s] -- Up-to-date: /home/ubuntu/robot-simulation/src/install/yaskawa_mh5_controller/share/yaskawa_mh5_controller/local_setup.bash
[0.164s] -- Up-to-date: /home/ubuntu/robot-simulation/src/install/yaskawa_mh5_controller/share/yaskawa_mh5_controller/local_setup.sh
[0.164s] -- Up-to-date: /home/ubuntu/robot-simulation/src/install/yaskawa_mh5_controller/share/yaskawa_mh5_controller/local_setup.zsh
[0.165s] -- Up-to-date: /home/ubuntu/robot-simulation/src/install/yaskawa_mh5_controller/share/yaskawa_mh5_controller/local_setup.dsv
[0.165s] -- Up-to-date: /home/ubuntu/robot-simulation/src/install/yaskawa_mh5_controller/share/yaskawa_mh5_controller/package.dsv
[0.165s] -- Up-to-date: /home/ubuntu/robot-simulation/src/install/yaskawa_mh5_controller/share/ament_index/resource_index/packages/yaskawa_mh5_controller
[0.165s] -- Up-to-date: /home/ubuntu/robot-simulation/src/install/yaskawa_mh5_controller/share/yaskawa_mh5_controller/cmake/yaskawa_mh5_controllerConfig.cmake
[0.165s] -- Up-to-date: /home/ubuntu/robot-simulation/src/install/yaskawa_mh5_controller/share/yaskawa_mh5_controller/cmake/yaskawa_mh5_controllerConfig-version.cmake
[0.166s] -- Up-to-date: /home/ubuntu/robot-simulation/src/install/yaskawa_mh5_controller/share/yaskawa_mh5_controller/package.xml
[0.190s] Invoked command in '/home/ubuntu/robot-simulation/src/build/yaskawa_mh5_controller' returned '0': CMAKE_PREFIX_PATH=${CMAKE_PREFIX_PATH}:/opt/ros/humble /usr/bin/cmake --install /home/ubuntu/robot-simulation/src/build/yaskawa_mh5_controller
