-- Install configuration: ""
-- Up-to-date: /home/ubuntu/robot-simulation/src/install/yaskawa_mh5_description/share/yaskawa_mh5_description//meshes
-- Up-to-date: /home/ubuntu/robot-simulation/src/install/yaskawa_mh5_description/share/yaskawa_mh5_description//meshes/mh5
-- Up-to-date: /home/ubuntu/robot-simulation/src/install/yaskawa_mh5_description/share/yaskawa_mh5_description//meshes/mh5/visual
-- Up-to-date: /home/ubuntu/robot-simulation/src/install/yaskawa_mh5_description/share/yaskawa_mh5_description//meshes/mh5/visual/MH5_R_AXIS.stl
-- Up-to-date: /home/ubuntu/robot-simulation/src/install/yaskawa_mh5_description/share/yaskawa_mh5_description//meshes/mh5/visual/MH5_BASE_AXIS.stl
-- Up-to-date: /home/ubuntu/robot-simulation/src/install/yaskawa_mh5_description/share/yaskawa_mh5_description//meshes/mh5/visual/MH5_B_AXIS.stl
-- Up-to-date: /home/ubuntu/robot-simulation/src/install/yaskawa_mh5_description/share/yaskawa_mh5_description//meshes/mh5/visual/MH5_L_AXIS.stl
-- Up-to-date: /home/ubuntu/robot-simulation/src/install/yaskawa_mh5_description/share/yaskawa_mh5_description//meshes/mh5/visual/MH5_U_AXIS.stl
-- Up-to-date: /home/ubuntu/robot-simulation/src/install/yaskawa_mh5_description/share/yaskawa_mh5_description//meshes/mh5/visual/MH5_T_AXIS.stl
-- Up-to-date: /home/ubuntu/robot-simulation/src/install/yaskawa_mh5_description/share/yaskawa_mh5_description//meshes/mh5/visual/MH5_S_AXIS.stl
-- Up-to-date: /home/ubuntu/robot-simulation/src/install/yaskawa_mh5_description/share/yaskawa_mh5_description//meshes/mh5/collision
-- Up-to-date: /home/ubuntu/robot-simulation/src/install/yaskawa_mh5_description/share/yaskawa_mh5_description//meshes/mh5/collision/BIN_PICKING_MODULE_1CH_ASM.stl
-- Up-to-date: /home/ubuntu/robot-simulation/src/install/yaskawa_mh5_description/share/yaskawa_mh5_description//meshes/mh5/collision/MH5_R_AXIS.stl
-- Up-to-date: /home/ubuntu/robot-simulation/src/install/yaskawa_mh5_description/share/yaskawa_mh5_description//meshes/mh5/collision/MH5_BASE_AXIS.stl
-- Up-to-date: /home/ubuntu/robot-simulation/src/install/yaskawa_mh5_description/share/yaskawa_mh5_description//meshes/mh5/collision/MH5_B_AXIS.stl
-- Up-to-date: /home/ubuntu/robot-simulation/src/install/yaskawa_mh5_description/share/yaskawa_mh5_description//meshes/mh5/collision/MH5_L_AXIS.stl
-- Up-to-date: /home/ubuntu/robot-simulation/src/install/yaskawa_mh5_description/share/yaskawa_mh5_description//meshes/mh5/collision/MH5_U_AXIS.stl
-- Up-to-date: /home/ubuntu/robot-simulation/src/install/yaskawa_mh5_description/share/yaskawa_mh5_description//meshes/mh5/collision/MH5_T_AXIS.stl
-- Up-to-date: /home/ubuntu/robot-simulation/src/install/yaskawa_mh5_description/share/yaskawa_mh5_description//meshes/mh5/collision/MH5_S_AXIS.stl
-- Up-to-date: /home/ubuntu/robot-simulation/src/install/yaskawa_mh5_description/share/yaskawa_mh5_description//urdf
-- Up-to-date: /home/ubuntu/robot-simulation/src/install/yaskawa_mh5_description/share/yaskawa_mh5_description//urdf/mh5_gazebo.urdf.xacro
-- Up-to-date: /home/ubuntu/robot-simulation/src/install/yaskawa_mh5_description/share/yaskawa_mh5_description//urdf/mh5.urdf.xacro
-- Up-to-date: /home/ubuntu/robot-simulation/src/install/yaskawa_mh5_description/share/yaskawa_mh5_description//urdf/mh5_ros2_controller.urdf.xacro
-- Up-to-date: /home/ubuntu/robot-simulation/src/install/yaskawa_mh5_description/share/yaskawa_mh5_description//launch
-- Up-to-date: /home/ubuntu/robot-simulation/src/install/yaskawa_mh5_description/share/yaskawa_mh5_description//launch/display.launch.py
-- Up-to-date: /home/ubuntu/robot-simulation/src/install/yaskawa_mh5_description/share/yaskawa_mh5_description//launch/gazebo.launch.py
-- Up-to-date: /home/ubuntu/robot-simulation/src/install/yaskawa_mh5_description/share/yaskawa_mh5_description//rviz
-- Up-to-date: /home/ubuntu/robot-simulation/src/install/yaskawa_mh5_description/share/yaskawa_mh5_description//rviz/display.rviz
-- Up-to-date: /home/ubuntu/robot-simulation/src/install/yaskawa_mh5_description/share/yaskawa_mh5_description//motoman_resources
-- Up-to-date: /home/ubuntu/robot-simulation/src/install/yaskawa_mh5_description/share/yaskawa_mh5_description//motoman_resources/models
-- Up-to-date: /home/ubuntu/robot-simulation/src/install/yaskawa_mh5_description/share/yaskawa_mh5_description//motoman_resources/models/common_materials.xacro
-- Up-to-date: /home/ubuntu/robot-simulation/src/install/yaskawa_mh5_description/share/yaskawa_mh5_description//motoman_resources/models/common_colors.xacro
-- Up-to-date: /home/ubuntu/robot-simulation/src/install/yaskawa_mh5_description/share/ament_index/resource_index/package_run_dependencies/yaskawa_mh5_description
-- Up-to-date: /home/ubuntu/robot-simulation/src/install/yaskawa_mh5_description/share/ament_index/resource_index/parent_prefix_path/yaskawa_mh5_description
-- Up-to-date: /home/ubuntu/robot-simulation/src/install/yaskawa_mh5_description/share/yaskawa_mh5_description/environment/ament_prefix_path.sh
-- Up-to-date: /home/ubuntu/robot-simulation/src/install/yaskawa_mh5_description/share/yaskawa_mh5_description/environment/ament_prefix_path.dsv
-- Up-to-date: /home/ubuntu/robot-simulation/src/install/yaskawa_mh5_description/share/yaskawa_mh5_description/environment/path.sh
-- Up-to-date: /home/ubuntu/robot-simulation/src/install/yaskawa_mh5_description/share/yaskawa_mh5_description/environment/path.dsv
-- Up-to-date: /home/ubuntu/robot-simulation/src/install/yaskawa_mh5_description/share/yaskawa_mh5_description/local_setup.bash
-- Up-to-date: /home/ubuntu/robot-simulation/src/install/yaskawa_mh5_description/share/yaskawa_mh5_description/local_setup.sh
-- Up-to-date: /home/ubuntu/robot-simulation/src/install/yaskawa_mh5_description/share/yaskawa_mh5_description/local_setup.zsh
-- Up-to-date: /home/ubuntu/robot-simulation/src/install/yaskawa_mh5_description/share/yaskawa_mh5_description/local_setup.dsv
-- Up-to-date: /home/ubuntu/robot-simulation/src/install/yaskawa_mh5_description/share/yaskawa_mh5_description/package.dsv
-- Up-to-date: /home/ubuntu/robot-simulation/src/install/yaskawa_mh5_description/share/ament_index/resource_index/packages/yaskawa_mh5_description
-- Up-to-date: /home/ubuntu/robot-simulation/src/install/yaskawa_mh5_description/share/yaskawa_mh5_description/cmake/yaskawa_mh5_descriptionConfig.cmake
-- Up-to-date: /home/ubuntu/robot-simulation/src/install/yaskawa_mh5_description/share/yaskawa_mh5_description/cmake/yaskawa_mh5_descriptionConfig-version.cmake
-- Up-to-date: /home/ubuntu/robot-simulation/src/install/yaskawa_mh5_description/share/yaskawa_mh5_description/package.xml
