[0.028s] Invoking command in '/home/ubuntu/robot-simulation/src/build/yaskawa_mh5_description': CMAKE_PREFIX_PATH=${CMAKE_PREFIX_PATH}:/opt/ros/humble /usr/bin/cmake --build /home/ubuntu/robot-simulation/src/build/yaskawa_mh5_description -- -j8 -l8
[0.078s] Invoked command in '/home/ubuntu/robot-simulation/src/build/yaskawa_mh5_description' returned '0': CMAKE_PREFIX_PATH=${CMAKE_PREFIX_PATH}:/opt/ros/humble /usr/bin/cmake --build /home/ubuntu/robot-simulation/src/build/yaskawa_mh5_description -- -j8 -l8
[0.146s] Invoking command in '/home/ubuntu/robot-simulation/src/build/yaskawa_mh5_description': CMAKE_PREFIX_PATH=${CMAKE_PREFIX_PATH}:/opt/ros/humble /usr/bin/cmake --install /home/ubuntu/robot-simulation/src/build/yaskawa_mh5_description
[0.162s] -- Install configuration: ""
[0.162s] -- Up-to-date: /home/ubuntu/robot-simulation/src/install/yaskawa_mh5_description/share/yaskawa_mh5_description//meshes
[0.163s] -- Up-to-date: /home/ubuntu/robot-simulation/src/install/yaskawa_mh5_description/share/yaskawa_mh5_description//meshes/mh5
[0.163s] -- Up-to-date: /home/ubuntu/robot-simulation/src/install/yaskawa_mh5_description/share/yaskawa_mh5_description//meshes/mh5/visual
[0.163s] -- Up-to-date: /home/ubuntu/robot-simulation/src/install/yaskawa_mh5_description/share/yaskawa_mh5_description//meshes/mh5/visual/MH5_R_AXIS.stl
[0.163s] -- Up-to-date: /home/ubuntu/robot-simulation/src/install/yaskawa_mh5_description/share/yaskawa_mh5_description//meshes/mh5/visual/MH5_BASE_AXIS.stl
[0.163s] -- Up-to-date: /home/ubuntu/robot-simulation/src/install/yaskawa_mh5_description/share/yaskawa_mh5_description//meshes/mh5/visual/MH5_B_AXIS.stl
[0.163s] -- Up-to-date: /home/ubuntu/robot-simulation/src/install/yaskawa_mh5_description/share/yaskawa_mh5_description//meshes/mh5/visual/MH5_L_AXIS.stl
[0.163s] -- Up-to-date: /home/ubuntu/robot-simulation/src/install/yaskawa_mh5_description/share/yaskawa_mh5_description//meshes/mh5/visual/MH5_U_AXIS.stl
[0.164s] -- Up-to-date: /home/ubuntu/robot-simulation/src/install/yaskawa_mh5_description/share/yaskawa_mh5_description//meshes/mh5/visual/MH5_T_AXIS.stl
[0.164s] -- Up-to-date: /home/ubuntu/robot-simulation/src/install/yaskawa_mh5_description/share/yaskawa_mh5_description//meshes/mh5/visual/MH5_S_AXIS.stl
[0.164s] -- Up-to-date: /home/ubuntu/robot-simulation/src/install/yaskawa_mh5_description/share/yaskawa_mh5_description//meshes/mh5/collision
[0.165s] -- Up-to-date: /home/ubuntu/robot-simulation/src/install/yaskawa_mh5_description/share/yaskawa_mh5_description//meshes/mh5/collision/BIN_PICKING_MODULE_1CH_ASM.stl
[0.165s] -- Up-to-date: /home/ubuntu/robot-simulation/src/install/yaskawa_mh5_description/share/yaskawa_mh5_description//meshes/mh5/collision/MH5_R_AXIS.stl
[0.165s] -- Up-to-date: /home/ubuntu/robot-simulation/src/install/yaskawa_mh5_description/share/yaskawa_mh5_description//meshes/mh5/collision/MH5_BASE_AXIS.stl
[0.165s] -- Up-to-date: /home/ubuntu/robot-simulation/src/install/yaskawa_mh5_description/share/yaskawa_mh5_description//meshes/mh5/collision/MH5_B_AXIS.stl
[0.166s] -- Up-to-date: /home/ubuntu/robot-simulation/src/install/yaskawa_mh5_description/share/yaskawa_mh5_description//meshes/mh5/collision/MH5_L_AXIS.stl
[0.166s] -- Up-to-date: /home/ubuntu/robot-simulation/src/install/yaskawa_mh5_description/share/yaskawa_mh5_description//meshes/mh5/collision/MH5_U_AXIS.stl
[0.166s] -- Up-to-date: /home/ubuntu/robot-simulation/src/install/yaskawa_mh5_description/share/yaskawa_mh5_description//meshes/mh5/collision/MH5_T_AXIS.stl
[0.167s] -- Up-to-date: /home/ubuntu/robot-simulation/src/install/yaskawa_mh5_description/share/yaskawa_mh5_description//meshes/mh5/collision/MH5_S_AXIS.stl
[0.168s] -- Up-to-date: /home/ubuntu/robot-simulation/src/install/yaskawa_mh5_description/share/yaskawa_mh5_description//urdf
[0.169s] -- Up-to-date: /home/ubuntu/robot-simulation/src/install/yaskawa_mh5_description/share/yaskawa_mh5_description//urdf/mh5_gazebo.urdf.xacro
[0.169s] -- Up-to-date: /home/ubuntu/robot-simulation/src/install/yaskawa_mh5_description/share/yaskawa_mh5_description//urdf/mh5.urdf.xacro
[0.169s] -- Up-to-date: /home/ubuntu/robot-simulation/src/install/yaskawa_mh5_description/share/yaskawa_mh5_description//urdf/mh5_ros2_controller.urdf.xacro
[0.170s] -- Up-to-date: /home/ubuntu/robot-simulation/src/install/yaskawa_mh5_description/share/yaskawa_mh5_description//launch
[0.170s] -- Up-to-date: /home/ubuntu/robot-simulation/src/install/yaskawa_mh5_description/share/yaskawa_mh5_description//launch/display.launch.py
[0.171s] -- Up-to-date: /home/ubuntu/robot-simulation/src/install/yaskawa_mh5_description/share/yaskawa_mh5_description//launch/gazebo.launch.py
[0.171s] -- Up-to-date: /home/ubuntu/robot-simulation/src/install/yaskawa_mh5_description/share/yaskawa_mh5_description//rviz
[0.171s] -- Up-to-date: /home/ubuntu/robot-simulation/src/install/yaskawa_mh5_description/share/yaskawa_mh5_description//rviz/display.rviz
[0.172s] -- Up-to-date: /home/ubuntu/robot-simulation/src/install/yaskawa_mh5_description/share/yaskawa_mh5_description//motoman_resources
[0.172s] -- Up-to-date: /home/ubuntu/robot-simulation/src/install/yaskawa_mh5_description/share/yaskawa_mh5_description//motoman_resources/models
[0.173s] -- Up-to-date: /home/ubuntu/robot-simulation/src/install/yaskawa_mh5_description/share/yaskawa_mh5_description//motoman_resources/models/common_materials.xacro
[0.173s] -- Up-to-date: /home/ubuntu/robot-simulation/src/install/yaskawa_mh5_description/share/yaskawa_mh5_description//motoman_resources/models/common_colors.xacro
[0.173s] -- Up-to-date: /home/ubuntu/robot-simulation/src/install/yaskawa_mh5_description/share/ament_index/resource_index/package_run_dependencies/yaskawa_mh5_description
[0.174s] -- Up-to-date: /home/ubuntu/robot-simulation/src/install/yaskawa_mh5_description/share/ament_index/resource_index/parent_prefix_path/yaskawa_mh5_description
[0.174s] -- Up-to-date: /home/ubuntu/robot-simulation/src/install/yaskawa_mh5_description/share/yaskawa_mh5_description/environment/ament_prefix_path.sh
[0.174s] -- Up-to-date: /home/ubuntu/robot-simulation/src/install/yaskawa_mh5_description/share/yaskawa_mh5_description/environment/ament_prefix_path.dsv
[0.174s] -- Up-to-date: /home/ubuntu/robot-simulation/src/install/yaskawa_mh5_description/share/yaskawa_mh5_description/environment/path.sh
[0.175s] -- Up-to-date: /home/ubuntu/robot-simulation/src/install/yaskawa_mh5_description/share/yaskawa_mh5_description/environment/path.dsv
[0.175s] -- Up-to-date: /home/ubuntu/robot-simulation/src/install/yaskawa_mh5_description/share/yaskawa_mh5_description/local_setup.bash
[0.176s] -- Up-to-date: /home/ubuntu/robot-simulation/src/install/yaskawa_mh5_description/share/yaskawa_mh5_description/local_setup.sh
[0.176s] -- Up-to-date: /home/ubuntu/robot-simulation/src/install/yaskawa_mh5_description/share/yaskawa_mh5_description/local_setup.zsh
[0.176s] -- Up-to-date: /home/ubuntu/robot-simulation/src/install/yaskawa_mh5_description/share/yaskawa_mh5_description/local_setup.dsv
[0.176s] -- Up-to-date: /home/ubuntu/robot-simulation/src/install/yaskawa_mh5_description/share/yaskawa_mh5_description/package.dsv
[0.177s] -- Up-to-date: /home/ubuntu/robot-simulation/src/install/yaskawa_mh5_description/share/ament_index/resource_index/packages/yaskawa_mh5_description
[0.178s] -- Up-to-date: /home/ubuntu/robot-simulation/src/install/yaskawa_mh5_description/share/yaskawa_mh5_description/cmake/yaskawa_mh5_descriptionConfig.cmake
[0.178s] -- Up-to-date: /home/ubuntu/robot-simulation/src/install/yaskawa_mh5_description/share/yaskawa_mh5_description/cmake/yaskawa_mh5_descriptionConfig-version.cmake
[0.178s] -- Up-to-date: /home/ubuntu/robot-simulation/src/install/yaskawa_mh5_description/share/yaskawa_mh5_description/package.xml
[0.179s] Invoked command in '/home/ubuntu/robot-simulation/src/build/yaskawa_mh5_description' returned '0': CMAKE_PREFIX_PATH=${CMAKE_PREFIX_PATH}:/opt/ros/humble /usr/bin/cmake --install /home/ubuntu/robot-simulation/src/build/yaskawa_mh5_description
