[0.027s] Invoking command in '/home/ubuntu/robot-simulation/src/build/yaskawa_mh5_bringup': CMAKE_PREFIX_PATH=${CMAKE_PREFIX_PATH}:/opt/ros/humble /usr/bin/cmake --build /home/ubuntu/robot-simulation/src/build/yaskawa_mh5_bringup -- -j8 -l8
[0.074s] Invoked command in '/home/ubuntu/robot-simulation/src/build/yaskawa_mh5_bringup' returned '0': CMAKE_PREFIX_PATH=${CMAKE_PREFIX_PATH}:/opt/ros/humble /usr/bin/cmake --build /home/ubuntu/robot-simulation/src/build/yaskawa_mh5_bringup -- -j8 -l8
[0.148s] Invoking command in '/home/ubuntu/robot-simulation/src/build/yaskawa_mh5_bringup': CMAKE_PREFIX_PATH=${CMAKE_PREFIX_PATH}:/opt/ros/humble /usr/bin/cmake --install /home/ubuntu/robot-simulation/src/build/yaskawa_mh5_bringup
[0.171s] -- Install configuration: ""
[0.172s] -- Up-to-date: /home/ubuntu/robot-simulation/src/install/yaskawa_mh5_bringup/share/yaskawa_mh5_bringup/launch
[0.172s] -- Up-to-date: /home/ubuntu/robot-simulation/src/install/yaskawa_mh5_bringup/share/yaskawa_mh5_bringup/launch/yaskawa_simulation.launch.py
[0.172s] -- Up-to-date: /home/ubuntu/robot-simulation/src/install/yaskawa_mh5_bringup/share/ament_index/resource_index/package_run_dependencies/yaskawa_mh5_bringup
[0.172s] -- Up-to-date: /home/ubuntu/robot-simulation/src/install/yaskawa_mh5_bringup/share/ament_index/resource_index/parent_prefix_path/yaskawa_mh5_bringup
[0.172s] -- Up-to-date: /home/ubuntu/robot-simulation/src/install/yaskawa_mh5_bringup/share/yaskawa_mh5_bringup/environment/ament_prefix_path.sh
[0.172s] -- Up-to-date: /home/ubuntu/robot-simulation/src/install/yaskawa_mh5_bringup/share/yaskawa_mh5_bringup/environment/ament_prefix_path.dsv
[0.172s] -- Up-to-date: /home/ubuntu/robot-simulation/src/install/yaskawa_mh5_bringup/share/yaskawa_mh5_bringup/environment/path.sh
[0.173s] -- Up-to-date: /home/ubuntu/robot-simulation/src/install/yaskawa_mh5_bringup/share/yaskawa_mh5_bringup/environment/path.dsv
[0.173s] -- Up-to-date: /home/ubuntu/robot-simulation/src/install/yaskawa_mh5_bringup/share/yaskawa_mh5_bringup/local_setup.bash
[0.173s] -- Up-to-date: /home/ubuntu/robot-simulation/src/install/yaskawa_mh5_bringup/share/yaskawa_mh5_bringup/local_setup.sh
[0.173s] -- Up-to-date: /home/ubuntu/robot-simulation/src/install/yaskawa_mh5_bringup/share/yaskawa_mh5_bringup/local_setup.zsh
[0.174s] -- Up-to-date: /home/ubuntu/robot-simulation/src/install/yaskawa_mh5_bringup/share/yaskawa_mh5_bringup/local_setup.dsv
[0.174s] -- Up-to-date: /home/ubuntu/robot-simulation/src/install/yaskawa_mh5_bringup/share/yaskawa_mh5_bringup/package.dsv
[0.174s] -- Up-to-date: /home/ubuntu/robot-simulation/src/install/yaskawa_mh5_bringup/share/ament_index/resource_index/packages/yaskawa_mh5_bringup
[0.175s] -- Up-to-date: /home/ubuntu/robot-simulation/src/install/yaskawa_mh5_bringup/share/yaskawa_mh5_bringup/cmake/yaskawa_mh5_bringupConfig.cmake
[0.176s] -- Up-to-date: /home/ubuntu/robot-simulation/src/install/yaskawa_mh5_bringup/share/yaskawa_mh5_bringup/cmake/yaskawa_mh5_bringupConfig-version.cmake
[0.176s] -- Up-to-date: /home/ubuntu/robot-simulation/src/install/yaskawa_mh5_bringup/share/yaskawa_mh5_bringup/package.xml
[0.185s] Invoked command in '/home/ubuntu/robot-simulation/src/build/yaskawa_mh5_bringup' returned '0': CMAKE_PREFIX_PATH=${CMAKE_PREFIX_PATH}:/opt/ros/humble /usr/bin/cmake --install /home/ubuntu/robot-simulation/src/build/yaskawa_mh5_bringup
