[0.014s] Invoking command in '/home/ubuntu/robot-simulation/src/build/yaskawa_mh5_moveit2': AMENT_PREFIX_PATH=/home/ubuntu/robot-simulation/src/install/yaskawa_mh5_description:${AMENT_PREFIX_PATH} CMAKE_PREFIX_PATH=/home/ubuntu/robot-simulation/src/install/yaskawa_mh5_description:/home/ubuntu/robot-simulation/install/yaskawa_remote:/home/ubuntu/robot-simulation/install/yaskawa_msgs:/home/ubuntu/robot-simulation/install/yaskawa_moveit_2:/home/ubuntu/robot-simulation/install/yaskawa_mh5_moveit2:/home/ubuntu/robot-simulation/install/yaskawa_mh5_description:/home/ubuntu/robot-simulation/install/yaskawa_mh5_controller:/home/ubuntu/robot-simulation/install/yaskawa_mh5_bringup:/home/ubuntu/robot-simulation/install/point_cloud_processing:/opt/ros/humble /usr/bin/cmake /home/ubuntu/robot-simulation/src/yaskawa_mh5_moveit2 -DCMAKE_INSTALL_PREFIX=/home/ubuntu/robot-simulation/src/install/yaskawa_mh5_moveit2
[0.081s] -- The C compiler identification is GNU 11.4.0
[0.154s] -- The CXX compiler identification is GNU 11.4.0
[0.162s] -- Detecting C compiler ABI info
[0.248s] -- Detecting C compiler ABI info - done
[0.256s] -- Check for working C compiler: /usr/bin/cc - skipped
[0.257s] -- Detecting C compile features
[0.257s] -- Detecting C compile features - done
[0.260s] -- Detecting CXX compiler ABI info
[0.353s] -- Detecting CXX compiler ABI info - done
[0.363s] -- Check for working CXX compiler: /usr/bin/c++ - skipped
[0.363s] -- Detecting CXX compile features
[0.364s] -- Detecting CXX compile features - done
[0.369s] -- Found ament_cmake: 1.3.9 (/opt/ros/humble/share/ament_cmake/cmake)
[0.556s] -- Found Python3: /usr/bin/python3 (found version "3.10.12") found components: Interpreter 
[0.684s] -- Found ament_lint_auto: 0.12.11 (/opt/ros/humble/share/ament_lint_auto/cmake)
[0.796s] -- Added test 'flake8' to check Python code syntax and style conventions
[0.797s] -- Added test 'lint_cmake' to check CMake code style
[0.798s] -- Added test 'pep257' to check Python code against some of the docstring style conventions in PEP 257
[0.800s] -- Added test 'xmllint' to check XML markup files
[0.803s] -- Configuring done
[0.807s] -- Generating done
[0.809s] -- Build files have been written to: /home/ubuntu/robot-simulation/src/build/yaskawa_mh5_moveit2
[0.816s] Invoked command in '/home/ubuntu/robot-simulation/src/build/yaskawa_mh5_moveit2' returned '0': AMENT_PREFIX_PATH=/home/ubuntu/robot-simulation/src/install/yaskawa_mh5_description:${AMENT_PREFIX_PATH} CMAKE_PREFIX_PATH=/home/ubuntu/robot-simulation/src/install/yaskawa_mh5_description:/home/ubuntu/robot-simulation/install/yaskawa_remote:/home/ubuntu/robot-simulation/install/yaskawa_msgs:/home/ubuntu/robot-simulation/install/yaskawa_moveit_2:/home/ubuntu/robot-simulation/install/yaskawa_mh5_moveit2:/home/ubuntu/robot-simulation/install/yaskawa_mh5_description:/home/ubuntu/robot-simulation/install/yaskawa_mh5_controller:/home/ubuntu/robot-simulation/install/yaskawa_mh5_bringup:/home/ubuntu/robot-simulation/install/point_cloud_processing:/opt/ros/humble /usr/bin/cmake /home/ubuntu/robot-simulation/src/yaskawa_mh5_moveit2 -DCMAKE_INSTALL_PREFIX=/home/ubuntu/robot-simulation/src/install/yaskawa_mh5_moveit2
[0.817s] Invoking command in '/home/ubuntu/robot-simulation/src/build/yaskawa_mh5_moveit2': AMENT_PREFIX_PATH=/home/ubuntu/robot-simulation/src/install/yaskawa_mh5_description:${AMENT_PREFIX_PATH} CMAKE_PREFIX_PATH=/home/ubuntu/robot-simulation/src/install/yaskawa_mh5_description:/home/ubuntu/robot-simulation/install/yaskawa_remote:/home/ubuntu/robot-simulation/install/yaskawa_msgs:/home/ubuntu/robot-simulation/install/yaskawa_moveit_2:/home/ubuntu/robot-simulation/install/yaskawa_mh5_moveit2:/home/ubuntu/robot-simulation/install/yaskawa_mh5_description:/home/ubuntu/robot-simulation/install/yaskawa_mh5_controller:/home/ubuntu/robot-simulation/install/yaskawa_mh5_bringup:/home/ubuntu/robot-simulation/install/point_cloud_processing:/opt/ros/humble /usr/bin/cmake --build /home/ubuntu/robot-simulation/src/build/yaskawa_mh5_moveit2 -- -j8 -l8
[0.861s] Invoked command in '/home/ubuntu/robot-simulation/src/build/yaskawa_mh5_moveit2' returned '0': AMENT_PREFIX_PATH=/home/ubuntu/robot-simulation/src/install/yaskawa_mh5_description:${AMENT_PREFIX_PATH} CMAKE_PREFIX_PATH=/home/ubuntu/robot-simulation/src/install/yaskawa_mh5_description:/home/ubuntu/robot-simulation/install/yaskawa_remote:/home/ubuntu/robot-simulation/install/yaskawa_msgs:/home/ubuntu/robot-simulation/install/yaskawa_moveit_2:/home/ubuntu/robot-simulation/install/yaskawa_mh5_moveit2:/home/ubuntu/robot-simulation/install/yaskawa_mh5_description:/home/ubuntu/robot-simulation/install/yaskawa_mh5_controller:/home/ubuntu/robot-simulation/install/yaskawa_mh5_bringup:/home/ubuntu/robot-simulation/install/point_cloud_processing:/opt/ros/humble /usr/bin/cmake --build /home/ubuntu/robot-simulation/src/build/yaskawa_mh5_moveit2 -- -j8 -l8
[0.887s] Invoking command in '/home/ubuntu/robot-simulation/src/build/yaskawa_mh5_moveit2': AMENT_PREFIX_PATH=/home/ubuntu/robot-simulation/src/install/yaskawa_mh5_description:${AMENT_PREFIX_PATH} CMAKE_PREFIX_PATH=/home/ubuntu/robot-simulation/src/install/yaskawa_mh5_description:/home/ubuntu/robot-simulation/install/yaskawa_remote:/home/ubuntu/robot-simulation/install/yaskawa_msgs:/home/ubuntu/robot-simulation/install/yaskawa_moveit_2:/home/ubuntu/robot-simulation/install/yaskawa_mh5_moveit2:/home/ubuntu/robot-simulation/install/yaskawa_mh5_description:/home/ubuntu/robot-simulation/install/yaskawa_mh5_controller:/home/ubuntu/robot-simulation/install/yaskawa_mh5_bringup:/home/ubuntu/robot-simulation/install/point_cloud_processing:/opt/ros/humble /usr/bin/cmake --install /home/ubuntu/robot-simulation/src/build/yaskawa_mh5_moveit2
[0.897s] -- Install configuration: ""
[0.897s] -- Installing: /home/ubuntu/robot-simulation/src/install/yaskawa_mh5_moveit2/share/yaskawa_mh5_moveit2/launch
[0.897s] -- Installing: /home/ubuntu/robot-simulation/src/install/yaskawa_mh5_moveit2/share/yaskawa_mh5_moveit2/launch/moveit.launch.py
[0.897s] -- Installing: /home/ubuntu/robot-simulation/src/install/yaskawa_mh5_moveit2/share/yaskawa_mh5_moveit2/config
[0.897s] -- Installing: /home/ubuntu/robot-simulation/src/install/yaskawa_mh5_moveit2/share/yaskawa_mh5_moveit2/config/initial_positions.yaml
[0.897s] -- Installing: /home/ubuntu/robot-simulation/src/install/yaskawa_mh5_moveit2/share/yaskawa_mh5_moveit2/config/joint_limits.yaml
[0.898s] -- Installing: /home/ubuntu/robot-simulation/src/install/yaskawa_mh5_moveit2/share/yaskawa_mh5_moveit2/config/moveit.rviz
[0.898s] -- Installing: /home/ubuntu/robot-simulation/src/install/yaskawa_mh5_moveit2/share/yaskawa_mh5_moveit2/config/moveit_controllers.yaml
[0.898s] -- Installing: /home/ubuntu/robot-simulation/src/install/yaskawa_mh5_moveit2/share/yaskawa_mh5_moveit2/config/yaskawa_mh5lf.srdf
[0.899s] -- Installing: /home/ubuntu/robot-simulation/src/install/yaskawa_mh5_moveit2/share/yaskawa_mh5_moveit2/config/pilz_cartesian_limits.yaml
[0.899s] -- Installing: /home/ubuntu/robot-simulation/src/install/yaskawa_mh5_moveit2/share/yaskawa_mh5_moveit2/config/kinematics.yaml
[0.900s] -- Installing: /home/ubuntu/robot-simulation/src/install/yaskawa_mh5_moveit2/share/ament_index/resource_index/package_run_dependencies/yaskawa_mh5_moveit2
[0.900s] -- Installing: /home/ubuntu/robot-simulation/src/install/yaskawa_mh5_moveit2/share/ament_index/resource_index/parent_prefix_path/yaskawa_mh5_moveit2
[0.900s] -- Installing: /home/ubuntu/robot-simulation/src/install/yaskawa_mh5_moveit2/share/yaskawa_mh5_moveit2/environment/ament_prefix_path.sh
[0.900s] -- Installing: /home/ubuntu/robot-simulation/src/install/yaskawa_mh5_moveit2/share/yaskawa_mh5_moveit2/environment/ament_prefix_path.dsv
[0.900s] -- Installing: /home/ubuntu/robot-simulation/src/install/yaskawa_mh5_moveit2/share/yaskawa_mh5_moveit2/environment/path.sh
[0.901s] -- Installing: /home/ubuntu/robot-simulation/src/install/yaskawa_mh5_moveit2/share/yaskawa_mh5_moveit2/environment/path.dsv
[0.901s] -- Installing: /home/ubuntu/robot-simulation/src/install/yaskawa_mh5_moveit2/share/yaskawa_mh5_moveit2/local_setup.bash
[0.901s] -- Installing: /home/ubuntu/robot-simulation/src/install/yaskawa_mh5_moveit2/share/yaskawa_mh5_moveit2/local_setup.sh
[0.901s] -- Installing: /home/ubuntu/robot-simulation/src/install/yaskawa_mh5_moveit2/share/yaskawa_mh5_moveit2/local_setup.zsh
[0.901s] -- Installing: /home/ubuntu/robot-simulation/src/install/yaskawa_mh5_moveit2/share/yaskawa_mh5_moveit2/local_setup.dsv
[0.901s] -- Installing: /home/ubuntu/robot-simulation/src/install/yaskawa_mh5_moveit2/share/yaskawa_mh5_moveit2/package.dsv
[0.901s] -- Installing: /home/ubuntu/robot-simulation/src/install/yaskawa_mh5_moveit2/share/ament_index/resource_index/packages/yaskawa_mh5_moveit2
[0.902s] -- Installing: /home/ubuntu/robot-simulation/src/install/yaskawa_mh5_moveit2/share/yaskawa_mh5_moveit2/cmake/yaskawa_mh5_moveit2Config.cmake
[0.902s] -- Installing: /home/ubuntu/robot-simulation/src/install/yaskawa_mh5_moveit2/share/yaskawa_mh5_moveit2/cmake/yaskawa_mh5_moveit2Config-version.cmake
[0.902s] -- Installing: /home/ubuntu/robot-simulation/src/install/yaskawa_mh5_moveit2/share/yaskawa_mh5_moveit2/package.xml
[0.905s] Invoked command in '/home/ubuntu/robot-simulation/src/build/yaskawa_mh5_moveit2' returned '0': AMENT_PREFIX_PATH=/home/ubuntu/robot-simulation/src/install/yaskawa_mh5_description:${AMENT_PREFIX_PATH} CMAKE_PREFIX_PATH=/home/ubuntu/robot-simulation/src/install/yaskawa_mh5_description:/home/ubuntu/robot-simulation/install/yaskawa_remote:/home/ubuntu/robot-simulation/install/yaskawa_msgs:/home/ubuntu/robot-simulation/install/yaskawa_moveit_2:/home/ubuntu/robot-simulation/install/yaskawa_mh5_moveit2:/home/ubuntu/robot-simulation/install/yaskawa_mh5_description:/home/ubuntu/robot-simulation/install/yaskawa_mh5_controller:/home/ubuntu/robot-simulation/install/yaskawa_mh5_bringup:/home/ubuntu/robot-simulation/install/point_cloud_processing:/opt/ros/humble /usr/bin/cmake --install /home/ubuntu/robot-simulation/src/build/yaskawa_mh5_moveit2
