-- Install configuration: ""
-- Up-to-date: /home/ubuntu/robot-simulation/src/install/yaskawa_mh5_moveit2/share/yaskawa_mh5_moveit2/launch
-- Up-to-date: /home/ubuntu/robot-simulation/src/install/yaskawa_mh5_moveit2/share/yaskawa_mh5_moveit2/launch/moveit.launch.py
-- Up-to-date: /home/ubuntu/robot-simulation/src/install/yaskawa_mh5_moveit2/share/yaskawa_mh5_moveit2/config
-- Up-to-date: /home/ubuntu/robot-simulation/src/install/yaskawa_mh5_moveit2/share/yaskawa_mh5_moveit2/config/initial_positions.yaml
-- Up-to-date: /home/ubuntu/robot-simulation/src/install/yaskawa_mh5_moveit2/share/yaskawa_mh5_moveit2/config/joint_limits.yaml
-- Up-to-date: /home/ubuntu/robot-simulation/src/install/yaskawa_mh5_moveit2/share/yaskawa_mh5_moveit2/config/moveit.rviz
-- Up-to-date: /home/ubuntu/robot-simulation/src/install/yaskawa_mh5_moveit2/share/yaskawa_mh5_moveit2/config/moveit_controllers.yaml
-- Up-to-date: /home/ubuntu/robot-simulation/src/install/yaskawa_mh5_moveit2/share/yaskawa_mh5_moveit2/config/yaskawa_mh5lf.srdf
-- Up-to-date: /home/ubuntu/robot-simulation/src/install/yaskawa_mh5_moveit2/share/yaskawa_mh5_moveit2/config/pilz_cartesian_limits.yaml
-- Up-to-date: /home/ubuntu/robot-simulation/src/install/yaskawa_mh5_moveit2/share/yaskawa_mh5_moveit2/config/kinematics.yaml
-- Up-to-date: /home/ubuntu/robot-simulation/src/install/yaskawa_mh5_moveit2/share/ament_index/resource_index/package_run_dependencies/yaskawa_mh5_moveit2
-- Up-to-date: /home/ubuntu/robot-simulation/src/install/yaskawa_mh5_moveit2/share/ament_index/resource_index/parent_prefix_path/yaskawa_mh5_moveit2
-- Up-to-date: /home/ubuntu/robot-simulation/src/install/yaskawa_mh5_moveit2/share/yaskawa_mh5_moveit2/environment/ament_prefix_path.sh
-- Up-to-date: /home/ubuntu/robot-simulation/src/install/yaskawa_mh5_moveit2/share/yaskawa_mh5_moveit2/environment/ament_prefix_path.dsv
-- Up-to-date: /home/ubuntu/robot-simulation/src/install/yaskawa_mh5_moveit2/share/yaskawa_mh5_moveit2/environment/path.sh
-- Up-to-date: /home/ubuntu/robot-simulation/src/install/yaskawa_mh5_moveit2/share/yaskawa_mh5_moveit2/environment/path.dsv
-- Up-to-date: /home/ubuntu/robot-simulation/src/install/yaskawa_mh5_moveit2/share/yaskawa_mh5_moveit2/local_setup.bash
-- Up-to-date: /home/ubuntu/robot-simulation/src/install/yaskawa_mh5_moveit2/share/yaskawa_mh5_moveit2/local_setup.sh
-- Up-to-date: /home/ubuntu/robot-simulation/src/install/yaskawa_mh5_moveit2/share/yaskawa_mh5_moveit2/local_setup.zsh
-- Up-to-date: /home/ubuntu/robot-simulation/src/install/yaskawa_mh5_moveit2/share/yaskawa_mh5_moveit2/local_setup.dsv
-- Up-to-date: /home/ubuntu/robot-simulation/src/install/yaskawa_mh5_moveit2/share/yaskawa_mh5_moveit2/package.dsv
-- Up-to-date: /home/ubuntu/robot-simulation/src/install/yaskawa_mh5_moveit2/share/ament_index/resource_index/packages/yaskawa_mh5_moveit2
-- Up-to-date: /home/ubuntu/robot-simulation/src/install/yaskawa_mh5_moveit2/share/yaskawa_mh5_moveit2/cmake/yaskawa_mh5_moveit2Config.cmake
-- Up-to-date: /home/ubuntu/robot-simulation/src/install/yaskawa_mh5_moveit2/share/yaskawa_mh5_moveit2/cmake/yaskawa_mh5_moveit2Config-version.cmake
-- Up-to-date: /home/ubuntu/robot-simulation/src/install/yaskawa_mh5_moveit2/share/yaskawa_mh5_moveit2/package.xml
