[0.036s] Invoking command in '/home/ubuntu/robot-simulation/src/build/yaskawa_mh5_moveit2': AMENT_PREFIX_PATH=/home/ubuntu/robot-simulation/src/install/yaskawa_mh5_description:${AMENT_PREFIX_PATH} CMAKE_PREFIX_PATH=/home/ubuntu/robot-simulation/src/install/yaskawa_mh5_description:/home/ubuntu/robot-simulation/install/yaskawa_remote:/home/ubuntu/robot-simulation/install/yaskawa_msgs:/home/ubuntu/robot-simulation/install/yaskawa_moveit_2:/home/ubuntu/robot-simulation/install/yaskawa_mh5_moveit2:/home/ubuntu/robot-simulation/install/yaskawa_mh5_description:/home/ubuntu/robot-simulation/install/yaskawa_mh5_controller:/home/ubuntu/robot-simulation/install/yaskawa_mh5_bringup:/home/ubuntu/robot-simulation/install/point_cloud_processing:/opt/ros/humble /usr/bin/cmake --build /home/ubuntu/robot-simulation/src/build/yaskawa_mh5_moveit2 -- -j8 -l8
[0.098s] Invoked command in '/home/ubuntu/robot-simulation/src/build/yaskawa_mh5_moveit2' returned '0': AMENT_PREFIX_PATH=/home/ubuntu/robot-simulation/src/install/yaskawa_mh5_description:${AMENT_PREFIX_PATH} CMAKE_PREFIX_PATH=/home/ubuntu/robot-simulation/src/install/yaskawa_mh5_description:/home/ubuntu/robot-simulation/install/yaskawa_remote:/home/ubuntu/robot-simulation/install/yaskawa_msgs:/home/ubuntu/robot-simulation/install/yaskawa_moveit_2:/home/ubuntu/robot-simulation/install/yaskawa_mh5_moveit2:/home/ubuntu/robot-simulation/install/yaskawa_mh5_description:/home/ubuntu/robot-simulation/install/yaskawa_mh5_controller:/home/ubuntu/robot-simulation/install/yaskawa_mh5_bringup:/home/ubuntu/robot-simulation/install/point_cloud_processing:/opt/ros/humble /usr/bin/cmake --build /home/ubuntu/robot-simulation/src/build/yaskawa_mh5_moveit2 -- -j8 -l8
[0.128s] Invoking command in '/home/ubuntu/robot-simulation/src/build/yaskawa_mh5_moveit2': AMENT_PREFIX_PATH=/home/ubuntu/robot-simulation/src/install/yaskawa_mh5_description:${AMENT_PREFIX_PATH} CMAKE_PREFIX_PATH=/home/ubuntu/robot-simulation/src/install/yaskawa_mh5_description:/home/ubuntu/robot-simulation/install/yaskawa_remote:/home/ubuntu/robot-simulation/install/yaskawa_msgs:/home/ubuntu/robot-simulation/install/yaskawa_moveit_2:/home/ubuntu/robot-simulation/install/yaskawa_mh5_moveit2:/home/ubuntu/robot-simulation/install/yaskawa_mh5_description:/home/ubuntu/robot-simulation/install/yaskawa_mh5_controller:/home/ubuntu/robot-simulation/install/yaskawa_mh5_bringup:/home/ubuntu/robot-simulation/install/point_cloud_processing:/opt/ros/humble /usr/bin/cmake --install /home/ubuntu/robot-simulation/src/build/yaskawa_mh5_moveit2
[0.136s] -- Install configuration: ""
[0.136s] -- Up-to-date: /home/ubuntu/robot-simulation/src/install/yaskawa_mh5_moveit2/share/yaskawa_mh5_moveit2/launch
[0.136s] -- Up-to-date: /home/ubuntu/robot-simulation/src/install/yaskawa_mh5_moveit2/share/yaskawa_mh5_moveit2/launch/moveit.launch.py
[0.136s] -- Up-to-date: /home/ubuntu/robot-simulation/src/install/yaskawa_mh5_moveit2/share/yaskawa_mh5_moveit2/config
[0.137s] -- Up-to-date: /home/ubuntu/robot-simulation/src/install/yaskawa_mh5_moveit2/share/yaskawa_mh5_moveit2/config/initial_positions.yaml
[0.137s] -- Up-to-date: /home/ubuntu/robot-simulation/src/install/yaskawa_mh5_moveit2/share/yaskawa_mh5_moveit2/config/joint_limits.yaml
[0.137s] -- Up-to-date: /home/ubuntu/robot-simulation/src/install/yaskawa_mh5_moveit2/share/yaskawa_mh5_moveit2/config/moveit.rviz
[0.137s] -- Up-to-date: /home/ubuntu/robot-simulation/src/install/yaskawa_mh5_moveit2/share/yaskawa_mh5_moveit2/config/moveit_controllers.yaml
[0.137s] -- Up-to-date: /home/ubuntu/robot-simulation/src/install/yaskawa_mh5_moveit2/share/yaskawa_mh5_moveit2/config/yaskawa_mh5lf.srdf
[0.137s] -- Up-to-date: /home/ubuntu/robot-simulation/src/install/yaskawa_mh5_moveit2/share/yaskawa_mh5_moveit2/config/pilz_cartesian_limits.yaml
[0.137s] -- Up-to-date: /home/ubuntu/robot-simulation/src/install/yaskawa_mh5_moveit2/share/yaskawa_mh5_moveit2/config/kinematics.yaml
[0.137s] -- Up-to-date: /home/ubuntu/robot-simulation/src/install/yaskawa_mh5_moveit2/share/ament_index/resource_index/package_run_dependencies/yaskawa_mh5_moveit2
[0.138s] -- Up-to-date: /home/ubuntu/robot-simulation/src/install/yaskawa_mh5_moveit2/share/ament_index/resource_index/parent_prefix_path/yaskawa_mh5_moveit2
[0.138s] -- Up-to-date: /home/ubuntu/robot-simulation/src/install/yaskawa_mh5_moveit2/share/yaskawa_mh5_moveit2/environment/ament_prefix_path.sh
[0.138s] -- Up-to-date: /home/ubuntu/robot-simulation/src/install/yaskawa_mh5_moveit2/share/yaskawa_mh5_moveit2/environment/ament_prefix_path.dsv
[0.138s] -- Up-to-date: /home/ubuntu/robot-simulation/src/install/yaskawa_mh5_moveit2/share/yaskawa_mh5_moveit2/environment/path.sh
[0.138s] -- Up-to-date: /home/ubuntu/robot-simulation/src/install/yaskawa_mh5_moveit2/share/yaskawa_mh5_moveit2/environment/path.dsv
[0.138s] -- Up-to-date: /home/ubuntu/robot-simulation/src/install/yaskawa_mh5_moveit2/share/yaskawa_mh5_moveit2/local_setup.bash
[0.139s] -- Up-to-date: /home/ubuntu/robot-simulation/src/install/yaskawa_mh5_moveit2/share/yaskawa_mh5_moveit2/local_setup.sh
[0.140s] -- Up-to-date: /home/ubuntu/robot-simulation/src/install/yaskawa_mh5_moveit2/share/yaskawa_mh5_moveit2/local_setup.zsh
[0.140s] -- Up-to-date: /home/ubuntu/robot-simulation/src/install/yaskawa_mh5_moveit2/share/yaskawa_mh5_moveit2/local_setup.dsv
[0.140s] -- Up-to-date: /home/ubuntu/robot-simulation/src/install/yaskawa_mh5_moveit2/share/yaskawa_mh5_moveit2/package.dsv
[0.141s] -- Up-to-date: /home/ubuntu/robot-simulation/src/install/yaskawa_mh5_moveit2/share/ament_index/resource_index/packages/yaskawa_mh5_moveit2
[0.141s] -- Up-to-date: /home/ubuntu/robot-simulation/src/install/yaskawa_mh5_moveit2/share/yaskawa_mh5_moveit2/cmake/yaskawa_mh5_moveit2Config.cmake
[0.141s] -- Up-to-date: /home/ubuntu/robot-simulation/src/install/yaskawa_mh5_moveit2/share/yaskawa_mh5_moveit2/cmake/yaskawa_mh5_moveit2Config-version.cmake
[0.141s] -- Up-to-date: /home/ubuntu/robot-simulation/src/install/yaskawa_mh5_moveit2/share/yaskawa_mh5_moveit2/package.xml
[0.141s] Invoked command in '/home/ubuntu/robot-simulation/src/build/yaskawa_mh5_moveit2' returned '0': AMENT_PREFIX_PATH=/home/ubuntu/robot-simulation/src/install/yaskawa_mh5_description:${AMENT_PREFIX_PATH} CMAKE_PREFIX_PATH=/home/ubuntu/robot-simulation/src/install/yaskawa_mh5_description:/home/ubuntu/robot-simulation/install/yaskawa_remote:/home/ubuntu/robot-simulation/install/yaskawa_msgs:/home/ubuntu/robot-simulation/install/yaskawa_moveit_2:/home/ubuntu/robot-simulation/install/yaskawa_mh5_moveit2:/home/ubuntu/robot-simulation/install/yaskawa_mh5_description:/home/ubuntu/robot-simulation/install/yaskawa_mh5_controller:/home/ubuntu/robot-simulation/install/yaskawa_mh5_bringup:/home/ubuntu/robot-simulation/install/point_cloud_processing:/opt/ros/humble /usr/bin/cmake --install /home/ubuntu/robot-simulation/src/build/yaskawa_mh5_moveit2
