-- The C compiler identification is GNU 11.4.0
-- The CXX compiler identification is GNU 11.4.0
-- Detecting C compiler ABI info
-- Detecting C compiler ABI info - done
-- Check for working C compiler: /usr/bin/cc - skipped
-- Detecting C compile features
-- Detecting C compile features - done
-- Detecting CXX compiler ABI info
-- Detecting CXX compiler ABI info - done
-- Check for working CXX compiler: /usr/bin/c++ - skipped
-- Detecting CXX compile features
-- Detecting CXX compile features - done
-- Found ament_cmake: 1.3.9 (/opt/ros/humble/share/ament_cmake/cmake)
-- Found Python3: /usr/bin/python3 (found version "3.10.12") found components: Interpreter 
-- Found rclcpp: 16.0.9 (/opt/ros/humble/share/rclcpp/cmake)
-- Found rosidl_generator_c: 3.1.5 (/opt/ros/humble/share/rosidl_generator_c/cmake)
-- Found rosidl_adapter: 3.1.5 (/opt/ros/humble/share/rosidl_adapter/cmake)
-- Found rosidl_generator_cpp: 3.1.5 (/opt/ros/humble/share/rosidl_generator_cpp/cmake)
-- Using all available rosidl_typesupport_c: rosidl_typesupport_fastrtps_c;rosidl_typesupport_introspection_c
-- Using all available rosidl_typesupport_cpp: rosidl_typesupport_fastrtps_cpp;rosidl_typesupport_introspection_cpp
-- Found rmw_implementation_cmake: 6.1.2 (/opt/ros/humble/share/rmw_implementation_cmake/cmake)
-- Found rmw_fastrtps_cpp: 6.2.6 (/opt/ros/humble/share/rmw_fastrtps_cpp/cmake)
-- Found OpenSSL: /usr/lib/x86_64-linux-gnu/libcrypto.so (found version "3.0.2")  
-- Found FastRTPS: /opt/ros/humble/include  
-- Using RMW implementation 'rmw_fastrtps_cpp' as default
-- Looking for pthread.h
-- Looking for pthread.h - found
-- Performing Test CMAKE_HAVE_LIBC_PTHREAD
-- Performing Test CMAKE_HAVE_LIBC_PTHREAD - Success
-- Found Threads: TRUE  
-- Found rclcpp_action: 16.0.9 (/opt/ros/humble/share/rclcpp_action/cmake)
-- Found rclcpp_components: 16.0.9 (/opt/ros/humble/share/rclcpp_components/cmake)
-- Found yaskawa_msgs: 0.0.0 (/home/ubuntu/robot-simulation/src/install/yaskawa_msgs/share/yaskawa_msgs/cmake)
-- Found moveit_ros_planning_interface: 2.5.5 (/opt/ros/humble/share/moveit_ros_planning_interface/cmake)
-- Found Boost: /usr/lib/x86_64-linux-gnu/cmake/Boost-1.74.0/BoostConfig.cmake (found version "1.74.0") found components: date_time filesystem program_options system thread 
-- Found Boost: /usr/lib/x86_64-linux-gnu/cmake/Boost-1.74.0/BoostConfig.cmake (found version "1.74.0") found components: chrono date_time filesystem iostreams program_options regex serialization system thread 
-- Found parameter_traits: 0.3.8 (/opt/ros/humble/share/parameter_traits/cmake)
-- Found rclcpp_lifecycle: 16.0.9 (/opt/ros/humble/share/rclcpp_lifecycle/cmake)
-- Found Boost: /usr/lib/x86_64-linux-gnu/cmake/Boost-1.74.0/BoostConfig.cmake (found version "1.74.0") found components: filesystem 
-- library: /usr/lib/x86_64-linux-gnu/libcurl.so
-- Found Eigen3: TRUE (found version "3.4.0") 
-- Ensuring Eigen3 include directory is part of orocos-kdl CMake target
-- Found Boost: /usr/lib/x86_64-linux-gnu/cmake/Boost-1.74.0/BoostConfig.cmake (found version "1.74.0") found components: system filesystem date_time program_options thread chrono 
-- Found Boost: /usr/lib/x86_64-linux-gnu/cmake/Boost-1.74.0/BoostConfig.cmake (found version "1.74.0") found components: thread system filesystem regex date_time program_options 
-- Found Boost: /usr/lib/x86_64-linux-gnu/cmake/Boost-1.74.0/BoostConfig.cmake (found version "1.74.0") found components: system filesystem date_time program_options thread 
-- Found rclpy: 3.3.13 (/opt/ros/humble/share/rclpy/cmake)
-- Found ament_lint_auto: 0.12.11 (/opt/ros/humble/share/ament_lint_auto/cmake)
-- Added test 'cppcheck' to perform static code analysis on C / C++ code
-- Configured cppcheck include dirs: /home/ubuntu/robot-simulation/src/yaskawa_remote/%<BUILD_INTERFACE:/home/ubuntu/robot-simulation/src/yaskawa_remote/include>;/home/ubuntu/robot-simulation/src/yaskawa_remote/%<INSTALL_INTERFACE:include>
-- Configured cppcheck exclude dirs and/or files: 
-- Added test 'flake8' to check Python code syntax and style conventions
-- Added test 'lint_cmake' to check CMake code style
-- Added test 'pep257' to check Python code against some of the docstring style conventions in PEP 257
-- Added test 'uncrustify' to check C / C++ code style
-- Configured uncrustify additional arguments: 
-- Added test 'xmllint' to check XML markup files
-- Configuring done
-- Generating done
-- Build files have been written to: /home/ubuntu/robot-simulation/src/build/yaskawa_remote
[ 25%] [32mBuilding CXX object CMakeFiles/task_server_node.dir/rclcpp_components/node_main_task_server_node.cpp.o[0m
[ 50%] [32mBuilding CXX object CMakeFiles/task_server.dir/src/task_server.cpp.o[0m
[ 50%] Built target ament_cmake_python_copy_yaskawa_remote
running egg_info
creating yaskawa_remote.egg-info
writing yaskawa_remote.egg-info/PKG-INFO
writing dependency_links to yaskawa_remote.egg-info/dependency_links.txt
writing top-level names to yaskawa_remote.egg-info/top_level.txt
writing manifest file 'yaskawa_remote.egg-info/SOURCES.txt'
reading manifest file 'yaskawa_remote.egg-info/SOURCES.txt'
writing manifest file 'yaskawa_remote.egg-info/SOURCES.txt'
[ 50%] Built target ament_cmake_python_build_yaskawa_remote_egg
[ 75%] [32m[1mLinking CXX executable task_server_node[0m
[ 75%] Built target task_server_node
[100%] [32m[1mLinking CXX shared library libtask_server.so[0m
[100%] Built target task_server
-- Install configuration: ""
-- Installing: /home/ubuntu/robot-simulation/src/install/yaskawa_remote/lib/yaskawa_remote/task_server_node
-- Set runtime path of "/home/ubuntu/robot-simulation/src/install/yaskawa_remote/lib/yaskawa_remote/task_server_node" to ""
-- Installing: /home/ubuntu/robot-simulation/src/install/yaskawa_remote/share/yaskawa_remote/environment/pythonpath.sh
-- Installing: /home/ubuntu/robot-simulation/src/install/yaskawa_remote/share/yaskawa_remote/environment/pythonpath.dsv
-- Installing: /home/ubuntu/robot-simulation/src/install/yaskawa_remote/local/lib/python3.10/dist-packages/yaskawa_remote-0.0.0-py3.10.egg-info
-- Installing: /home/ubuntu/robot-simulation/src/install/yaskawa_remote/local/lib/python3.10/dist-packages/yaskawa_remote-0.0.0-py3.10.egg-info/top_level.txt
-- Installing: /home/ubuntu/robot-simulation/src/install/yaskawa_remote/local/lib/python3.10/dist-packages/yaskawa_remote-0.0.0-py3.10.egg-info/dependency_links.txt
-- Installing: /home/ubuntu/robot-simulation/src/install/yaskawa_remote/local/lib/python3.10/dist-packages/yaskawa_remote-0.0.0-py3.10.egg-info/PKG-INFO
-- Installing: /home/ubuntu/robot-simulation/src/install/yaskawa_remote/local/lib/python3.10/dist-packages/yaskawa_remote-0.0.0-py3.10.egg-info/SOURCES.txt
-- Installing: /home/ubuntu/robot-simulation/src/install/yaskawa_remote/local/lib/python3.10/dist-packages/yaskawa_remote
-- Installing: /home/ubuntu/robot-simulation/src/install/yaskawa_remote/local/lib/python3.10/dist-packages/yaskawa_remote/rest_api_yaskawa.py
-- Installing: /home/ubuntu/robot-simulation/src/install/yaskawa_remote/local/lib/python3.10/dist-packages/yaskawa_remote/__init__.py
-- Installing: /home/ubuntu/robot-simulation/src/install/yaskawa_remote/local/lib/python3.10/dist-packages/yaskawa_remote/alexa_interface.py
Listing '/home/ubuntu/robot-simulation/src/install/yaskawa_remote/local/lib/python3.10/dist-packages/yaskawa_remote'...
Compiling '/home/ubuntu/robot-simulation/src/install/yaskawa_remote/local/lib/python3.10/dist-packages/yaskawa_remote/__init__.py'...
Compiling '/home/ubuntu/robot-simulation/src/install/yaskawa_remote/local/lib/python3.10/dist-packages/yaskawa_remote/alexa_interface.py'...
Compiling '/home/ubuntu/robot-simulation/src/install/yaskawa_remote/local/lib/python3.10/dist-packages/yaskawa_remote/rest_api_yaskawa.py'...
-- Installing: /home/ubuntu/robot-simulation/src/install/yaskawa_remote/share/yaskawa_remote/launch
-- Installing: /home/ubuntu/robot-simulation/src/install/yaskawa_remote/share/yaskawa_remote/launch/remote_interface.launch.py
-- Installing: /home/ubuntu/robot-simulation/src/install/yaskawa_remote/lib/yaskawa_remote/rest_api_yaskawa.py
-- Installing: /home/ubuntu/robot-simulation/src/install/yaskawa_remote/lib/libtask_server.so
-- Set runtime path of "/home/ubuntu/robot-simulation/src/install/yaskawa_remote/lib/libtask_server.so" to ""
-- Installing: /home/ubuntu/robot-simulation/src/install/yaskawa_remote/share/ament_index/resource_index/package_run_dependencies/yaskawa_remote
-- Installing: /home/ubuntu/robot-simulation/src/install/yaskawa_remote/share/ament_index/resource_index/parent_prefix_path/yaskawa_remote
-- Installing: /home/ubuntu/robot-simulation/src/install/yaskawa_remote/share/yaskawa_remote/environment/ament_prefix_path.sh
-- Installing: /home/ubuntu/robot-simulation/src/install/yaskawa_remote/share/yaskawa_remote/environment/ament_prefix_path.dsv
-- Installing: /home/ubuntu/robot-simulation/src/install/yaskawa_remote/share/yaskawa_remote/environment/path.sh
-- Installing: /home/ubuntu/robot-simulation/src/install/yaskawa_remote/share/yaskawa_remote/environment/path.dsv
-- Installing: /home/ubuntu/robot-simulation/src/install/yaskawa_remote/share/yaskawa_remote/local_setup.bash
-- Installing: /home/ubuntu/robot-simulation/src/install/yaskawa_remote/share/yaskawa_remote/local_setup.sh
-- Installing: /home/ubuntu/robot-simulation/src/install/yaskawa_remote/share/yaskawa_remote/local_setup.zsh
-- Installing: /home/ubuntu/robot-simulation/src/install/yaskawa_remote/share/yaskawa_remote/local_setup.dsv
-- Installing: /home/ubuntu/robot-simulation/src/install/yaskawa_remote/share/yaskawa_remote/package.dsv
-- Installing: /home/ubuntu/robot-simulation/src/install/yaskawa_remote/share/ament_index/resource_index/packages/yaskawa_remote
-- Installing: /home/ubuntu/robot-simulation/src/install/yaskawa_remote/share/ament_index/resource_index/rclcpp_components/yaskawa_remote
-- Installing: /home/ubuntu/robot-simulation/src/install/yaskawa_remote/share/yaskawa_remote/cmake/yaskawa_remoteConfig.cmake
-- Installing: /home/ubuntu/robot-simulation/src/install/yaskawa_remote/share/yaskawa_remote/cmake/yaskawa_remoteConfig-version.cmake
-- Installing: /home/ubuntu/robot-simulation/src/install/yaskawa_remote/share/yaskawa_remote/package.xml
