[0.016s] Invoking command in '/home/ubuntu/robot-simulation/src/build/yaskawa_remote': AMENT_PREFIX_PATH=/home/ubuntu/robot-simulation/src/install/yaskawa_msgs:${AMENT_PREFIX_PATH} CMAKE_PREFIX_PATH=/home/ubuntu/robot-simulation/src/install/yaskawa_msgs:/home/ubuntu/robot-simulation/install/yaskawa_remote:/home/ubuntu/robot-simulation/install/yaskawa_msgs:/home/ubuntu/robot-simulation/install/yaskawa_moveit_2:/home/ubuntu/robot-simulation/install/yaskawa_mh5_moveit2:/home/ubuntu/robot-simulation/install/yaskawa_mh5_description:/home/ubuntu/robot-simulation/install/yaskawa_mh5_controller:/home/ubuntu/robot-simulation/install/yaskawa_mh5_bringup:/home/ubuntu/robot-simulation/install/point_cloud_processing:/opt/ros/humble LD_LIBRARY_PATH=/home/ubuntu/robot-simulation/src/install/yaskawa_msgs/lib:${LD_LIBRARY_PATH} PYTHONPATH=/home/ubuntu/robot-simulation/src/install/yaskawa_msgs/local/lib/python3.10/dist-packages:${PYTHONPATH} /usr/bin/cmake /home/ubuntu/robot-simulation/src/yaskawa_remote -DCMAKE_INSTALL_PREFIX=/home/ubuntu/robot-simulation/src/install/yaskawa_remote
[0.096s] -- The C compiler identification is GNU 11.4.0
[0.176s] -- The CXX compiler identification is GNU 11.4.0
[0.188s] -- Detecting C compiler ABI info
[0.281s] -- Detecting C compiler ABI info - done
[0.299s] -- Check for working C compiler: /usr/bin/cc - skipped
[0.300s] -- Detecting C compile features
[0.301s] -- Detecting C compile features - done
[0.307s] -- Detecting CXX compiler ABI info
[0.436s] -- Detecting CXX compiler ABI info - done
[0.450s] -- Check for working CXX compiler: /usr/bin/c++ - skipped
[0.450s] -- Detecting CXX compile features
[0.451s] -- Detecting CXX compile features - done
[0.458s] -- Found ament_cmake: 1.3.9 (/opt/ros/humble/share/ament_cmake/cmake)
[0.678s] -- Found Python3: /usr/bin/python3 (found version "3.10.12") found components: Interpreter 
[0.814s] -- Found rclcpp: 16.0.9 (/opt/ros/humble/share/rclcpp/cmake)
[0.885s] -- Found rosidl_generator_c: 3.1.5 (/opt/ros/humble/share/rosidl_generator_c/cmake)
[0.894s] -- Found rosidl_adapter: 3.1.5 (/opt/ros/humble/share/rosidl_adapter/cmake)
[0.907s] -- Found rosidl_generator_cpp: 3.1.5 (/opt/ros/humble/share/rosidl_generator_cpp/cmake)
[0.926s] -- Using all available rosidl_typesupport_c: rosidl_typesupport_fastrtps_c;rosidl_typesupport_introspection_c
[0.957s] -- Using all available rosidl_typesupport_cpp: rosidl_typesupport_fastrtps_cpp;rosidl_typesupport_introspection_cpp
[1.116s] -- Found rmw_implementation_cmake: 6.1.2 (/opt/ros/humble/share/rmw_implementation_cmake/cmake)
[1.124s] -- Found rmw_fastrtps_cpp: 6.2.6 (/opt/ros/humble/share/rmw_fastrtps_cpp/cmake)
[1.329s] -- Found OpenSSL: /usr/lib/x86_64-linux-gnu/libcrypto.so (found version "3.0.2")  
[1.375s] -- Found FastRTPS: /opt/ros/humble/include  
[1.458s] -- Using RMW implementation 'rmw_fastrtps_cpp' as default
[1.488s] -- Looking for pthread.h
[1.609s] -- Looking for pthread.h - found
[1.609s] -- Performing Test CMAKE_HAVE_LIBC_PTHREAD
[1.762s] -- Performing Test CMAKE_HAVE_LIBC_PTHREAD - Success
[1.765s] -- Found Threads: TRUE  
[2.211s] -- Found rclcpp_action: 16.0.9 (/opt/ros/humble/share/rclcpp_action/cmake)
[2.469s] -- Found rclcpp_components: 16.0.9 (/opt/ros/humble/share/rclcpp_components/cmake)
[2.668s] -- Found yaskawa_msgs: 0.0.0 (/home/ubuntu/robot-simulation/src/install/yaskawa_msgs/share/yaskawa_msgs/cmake)
[2.810s] -- Found moveit_ros_planning_interface: 2.5.5 (/opt/ros/humble/share/moveit_ros_planning_interface/cmake)
[2.873s] -- Found Boost: /usr/lib/x86_64-linux-gnu/cmake/Boost-1.74.0/BoostConfig.cmake (found version "1.74.0") found components: date_time filesystem program_options system thread 
[4.648s] -- Found Boost: /usr/lib/x86_64-linux-gnu/cmake/Boost-1.74.0/BoostConfig.cmake (found version "1.74.0") found components: chrono date_time filesystem iostreams program_options regex serialization system thread 
[4.692s] -- Found parameter_traits: 0.3.8 (/opt/ros/humble/share/parameter_traits/cmake)
[4.754s] -- Found rclcpp_lifecycle: 16.0.9 (/opt/ros/humble/share/rclcpp_lifecycle/cmake)
[4.888s] -- Found Boost: /usr/lib/x86_64-linux-gnu/cmake/Boost-1.74.0/BoostConfig.cmake (found version "1.74.0") found components: filesystem 
[5.053s] -- library: /usr/lib/x86_64-linux-gnu/libcurl.so
[5.400s] -- Found Eigen3: TRUE (found version "3.4.0") 
[5.400s] -- Ensuring Eigen3 include directory is part of orocos-kdl CMake target
[6.122s] -- Found Boost: /usr/lib/x86_64-linux-gnu/cmake/Boost-1.74.0/BoostConfig.cmake (found version "1.74.0") found components: system filesystem date_time program_options thread chrono 
[6.779s] -- Found Boost: /usr/lib/x86_64-linux-gnu/cmake/Boost-1.74.0/BoostConfig.cmake (found version "1.74.0") found components: thread system filesystem regex date_time program_options 
[7.096s] -- Found Boost: /usr/lib/x86_64-linux-gnu/cmake/Boost-1.74.0/BoostConfig.cmake (found version "1.74.0") found components: system filesystem date_time program_options thread 
[7.638s] -- Found rclpy: 3.3.13 (/opt/ros/humble/share/rclpy/cmake)
[7.750s] -- Found ament_lint_auto: 0.12.11 (/opt/ros/humble/share/ament_lint_auto/cmake)
[7.875s] -- Added test 'cppcheck' to perform static code analysis on C / C++ code
[7.875s] -- Configured cppcheck include dirs: /home/ubuntu/robot-simulation/src/yaskawa_remote/%<BUILD_INTERFACE:/home/ubuntu/robot-simulation/src/yaskawa_remote/include>;/home/ubuntu/robot-simulation/src/yaskawa_remote/%<INSTALL_INTERFACE:include>
[7.875s] -- Configured cppcheck exclude dirs and/or files: 
[7.876s] -- Added test 'flake8' to check Python code syntax and style conventions
[7.877s] -- Added test 'lint_cmake' to check CMake code style
[7.877s] -- Added test 'pep257' to check Python code against some of the docstring style conventions in PEP 257
[7.879s] -- Added test 'uncrustify' to check C / C++ code style
[7.879s] -- Configured uncrustify additional arguments: 
[7.880s] -- Added test 'xmllint' to check XML markup files
[7.882s] -- Configuring done
[7.925s] -- Generating done
[7.929s] -- Build files have been written to: /home/ubuntu/robot-simulation/src/build/yaskawa_remote
[7.945s] Invoked command in '/home/ubuntu/robot-simulation/src/build/yaskawa_remote' returned '0': AMENT_PREFIX_PATH=/home/ubuntu/robot-simulation/src/install/yaskawa_msgs:${AMENT_PREFIX_PATH} CMAKE_PREFIX_PATH=/home/ubuntu/robot-simulation/src/install/yaskawa_msgs:/home/ubuntu/robot-simulation/install/yaskawa_remote:/home/ubuntu/robot-simulation/install/yaskawa_msgs:/home/ubuntu/robot-simulation/install/yaskawa_moveit_2:/home/ubuntu/robot-simulation/install/yaskawa_mh5_moveit2:/home/ubuntu/robot-simulation/install/yaskawa_mh5_description:/home/ubuntu/robot-simulation/install/yaskawa_mh5_controller:/home/ubuntu/robot-simulation/install/yaskawa_mh5_bringup:/home/ubuntu/robot-simulation/install/point_cloud_processing:/opt/ros/humble LD_LIBRARY_PATH=/home/ubuntu/robot-simulation/src/install/yaskawa_msgs/lib:${LD_LIBRARY_PATH} PYTHONPATH=/home/ubuntu/robot-simulation/src/install/yaskawa_msgs/local/lib/python3.10/dist-packages:${PYTHONPATH} /usr/bin/cmake /home/ubuntu/robot-simulation/src/yaskawa_remote -DCMAKE_INSTALL_PREFIX=/home/ubuntu/robot-simulation/src/install/yaskawa_remote
[7.948s] Invoking command in '/home/ubuntu/robot-simulation/src/build/yaskawa_remote': AMENT_PREFIX_PATH=/home/ubuntu/robot-simulation/src/install/yaskawa_msgs:${AMENT_PREFIX_PATH} CMAKE_PREFIX_PATH=/home/ubuntu/robot-simulation/src/install/yaskawa_msgs:/home/ubuntu/robot-simulation/install/yaskawa_remote:/home/ubuntu/robot-simulation/install/yaskawa_msgs:/home/ubuntu/robot-simulation/install/yaskawa_moveit_2:/home/ubuntu/robot-simulation/install/yaskawa_mh5_moveit2:/home/ubuntu/robot-simulation/install/yaskawa_mh5_description:/home/ubuntu/robot-simulation/install/yaskawa_mh5_controller:/home/ubuntu/robot-simulation/install/yaskawa_mh5_bringup:/home/ubuntu/robot-simulation/install/point_cloud_processing:/opt/ros/humble LD_LIBRARY_PATH=/home/ubuntu/robot-simulation/src/install/yaskawa_msgs/lib:${LD_LIBRARY_PATH} PYTHONPATH=/home/ubuntu/robot-simulation/src/install/yaskawa_msgs/local/lib/python3.10/dist-packages:${PYTHONPATH} /usr/bin/cmake --build /home/ubuntu/robot-simulation/src/build/yaskawa_remote -- -j8 -l8
[8.017s] [ 25%] [32mBuilding CXX object CMakeFiles/task_server_node.dir/rclcpp_components/node_main_task_server_node.cpp.o[0m
[8.022s] [ 50%] [32mBuilding CXX object CMakeFiles/task_server.dir/src/task_server.cpp.o[0m
[8.030s] [ 50%] Built target ament_cmake_python_copy_yaskawa_remote
[8.345s] running egg_info
[8.345s] creating yaskawa_remote.egg-info
[8.345s] writing yaskawa_remote.egg-info/PKG-INFO
[8.345s] writing dependency_links to yaskawa_remote.egg-info/dependency_links.txt
[8.346s] writing top-level names to yaskawa_remote.egg-info/top_level.txt
[8.346s] writing manifest file 'yaskawa_remote.egg-info/SOURCES.txt'
[8.348s] reading manifest file 'yaskawa_remote.egg-info/SOURCES.txt'
[8.349s] writing manifest file 'yaskawa_remote.egg-info/SOURCES.txt'
[8.400s] [ 50%] Built target ament_cmake_python_build_yaskawa_remote_egg
[12.317s] [ 75%] [32m[1mLinking CXX executable task_server_node[0m
[12.549s] [ 75%] Built target task_server_node
[14.970s] [01m[K/home/ubuntu/robot-simulation/src/yaskawa_remote/src/task_server.cpp:[m[K In member function ‘[01m[Krclcpp_action::GoalResponse yaskawa_remote::TaskServer::goalCallback(const GoalUUID&, std::shared_ptr<const yaskawa_msgs::action::YaskawaTasks_Goal_<std::allocator<void> > >)[m[K’:
[14.970s] [01m[K/home/ubuntu/robot-simulation/src/yaskawa_remote/src/task_server.cpp:30:77:[m[K [01;35m[Kwarning: [m[Kunused parameter ‘[01m[Kuuid[m[K’ [[01;35m[K]8;;https://gcc.gnu.org/onlinedocs/gcc/Warning-Options.html#index-Wunused-parameter-Wunused-parameter]8;;[m[K]
[14.970s]    30 |     rclcpp_action::GoalResponse goalCallback([01;35m[Kconst rclcpp_action::GoalUUID &uuid[m[K, std::shared_ptr<const yaskawa_msgs::action::YaskawaTasks::Goal> goal)
[14.970s]       |                                              [01;35m[K~~~~~~~~~~~~~~~~~~~~~~~~~~~~~~~^~~~[m[K
[14.971s] [01m[K/home/ubuntu/robot-simulation/src/yaskawa_remote/src/task_server.cpp:[m[K In member function ‘[01m[Krclcpp_action::CancelResponse yaskawa_remote::TaskServer::cancelCallback(std::shared_ptr<rclcpp_action::ServerGoalHandle<yaskawa_msgs::action::YaskawaTasks> >)[m[K’:
[14.971s] [01m[K/home/ubuntu/robot-simulation/src/yaskawa_remote/src/task_server.cpp:37:141:[m[K [01;35m[Kwarning: [m[Kunused parameter ‘[01m[Kgoal_handle[m[K’ [[01;35m[K]8;;https://gcc.gnu.org/onlinedocs/gcc/Warning-Options.html#index-Wunused-parameter-Wunused-parameter]8;;[m[K]
[14.971s]    37 |     rclcpp_action::CancelResponse cancelCallback([01;35m[Kconst std::shared_ptr<rclcpp_action::ServerGoalHandle<yaskawa_msgs::action::YaskawaTasks>> goal_handle[m[K)
[14.971s]       |                                                  [01;35m[K~~~~~~~~~~~~~~~~~~~~~~~~~~~~~~~~~~~~~~~~~~~~~~~~~~~~~~~~~~~~~~~~~~~~~~~~~~~~~~~~~~~~~~~~~~~^~~~~~~~~~~[m[K
[19.606s] [100%] [32m[1mLinking CXX shared library libtask_server.so[0m
[20.174s] [100%] Built target task_server
[20.189s] Invoked command in '/home/ubuntu/robot-simulation/src/build/yaskawa_remote' returned '0': AMENT_PREFIX_PATH=/home/ubuntu/robot-simulation/src/install/yaskawa_msgs:${AMENT_PREFIX_PATH} CMAKE_PREFIX_PATH=/home/ubuntu/robot-simulation/src/install/yaskawa_msgs:/home/ubuntu/robot-simulation/install/yaskawa_remote:/home/ubuntu/robot-simulation/install/yaskawa_msgs:/home/ubuntu/robot-simulation/install/yaskawa_moveit_2:/home/ubuntu/robot-simulation/install/yaskawa_mh5_moveit2:/home/ubuntu/robot-simulation/install/yaskawa_mh5_description:/home/ubuntu/robot-simulation/install/yaskawa_mh5_controller:/home/ubuntu/robot-simulation/install/yaskawa_mh5_bringup:/home/ubuntu/robot-simulation/install/point_cloud_processing:/opt/ros/humble LD_LIBRARY_PATH=/home/ubuntu/robot-simulation/src/install/yaskawa_msgs/lib:${LD_LIBRARY_PATH} PYTHONPATH=/home/ubuntu/robot-simulation/src/install/yaskawa_msgs/local/lib/python3.10/dist-packages:${PYTHONPATH} /usr/bin/cmake --build /home/ubuntu/robot-simulation/src/build/yaskawa_remote -- -j8 -l8
[20.227s] Invoking command in '/home/ubuntu/robot-simulation/src/build/yaskawa_remote': AMENT_PREFIX_PATH=/home/ubuntu/robot-simulation/src/install/yaskawa_msgs:${AMENT_PREFIX_PATH} CMAKE_PREFIX_PATH=/home/ubuntu/robot-simulation/src/install/yaskawa_msgs:/home/ubuntu/robot-simulation/install/yaskawa_remote:/home/ubuntu/robot-simulation/install/yaskawa_msgs:/home/ubuntu/robot-simulation/install/yaskawa_moveit_2:/home/ubuntu/robot-simulation/install/yaskawa_mh5_moveit2:/home/ubuntu/robot-simulation/install/yaskawa_mh5_description:/home/ubuntu/robot-simulation/install/yaskawa_mh5_controller:/home/ubuntu/robot-simulation/install/yaskawa_mh5_bringup:/home/ubuntu/robot-simulation/install/point_cloud_processing:/opt/ros/humble LD_LIBRARY_PATH=/home/ubuntu/robot-simulation/src/install/yaskawa_msgs/lib:${LD_LIBRARY_PATH} PYTHONPATH=/home/ubuntu/robot-simulation/src/install/yaskawa_msgs/local/lib/python3.10/dist-packages:${PYTHONPATH} /usr/bin/cmake --install /home/ubuntu/robot-simulation/src/build/yaskawa_remote
[20.236s] -- Install configuration: ""
[20.236s] -- Installing: /home/ubuntu/robot-simulation/src/install/yaskawa_remote/lib/yaskawa_remote/task_server_node
[20.237s] -- Set runtime path of "/home/ubuntu/robot-simulation/src/install/yaskawa_remote/lib/yaskawa_remote/task_server_node" to ""
[20.237s] -- Installing: /home/ubuntu/robot-simulation/src/install/yaskawa_remote/share/yaskawa_remote/environment/pythonpath.sh
[20.237s] -- Installing: /home/ubuntu/robot-simulation/src/install/yaskawa_remote/share/yaskawa_remote/environment/pythonpath.dsv
[20.237s] -- Installing: /home/ubuntu/robot-simulation/src/install/yaskawa_remote/local/lib/python3.10/dist-packages/yaskawa_remote-0.0.0-py3.10.egg-info
[20.238s] -- Installing: /home/ubuntu/robot-simulation/src/install/yaskawa_remote/local/lib/python3.10/dist-packages/yaskawa_remote-0.0.0-py3.10.egg-info/top_level.txt
[20.238s] -- Installing: /home/ubuntu/robot-simulation/src/install/yaskawa_remote/local/lib/python3.10/dist-packages/yaskawa_remote-0.0.0-py3.10.egg-info/dependency_links.txt
[20.238s] -- Installing: /home/ubuntu/robot-simulation/src/install/yaskawa_remote/local/lib/python3.10/dist-packages/yaskawa_remote-0.0.0-py3.10.egg-info/PKG-INFO
[20.238s] -- Installing: /home/ubuntu/robot-simulation/src/install/yaskawa_remote/local/lib/python3.10/dist-packages/yaskawa_remote-0.0.0-py3.10.egg-info/SOURCES.txt
[20.238s] -- Installing: /home/ubuntu/robot-simulation/src/install/yaskawa_remote/local/lib/python3.10/dist-packages/yaskawa_remote
[20.238s] -- Installing: /home/ubuntu/robot-simulation/src/install/yaskawa_remote/local/lib/python3.10/dist-packages/yaskawa_remote/rest_api_yaskawa.py
[20.238s] -- Installing: /home/ubuntu/robot-simulation/src/install/yaskawa_remote/local/lib/python3.10/dist-packages/yaskawa_remote/__init__.py
[20.238s] -- Installing: /home/ubuntu/robot-simulation/src/install/yaskawa_remote/local/lib/python3.10/dist-packages/yaskawa_remote/alexa_interface.py
[20.277s] Listing '/home/ubuntu/robot-simulation/src/install/yaskawa_remote/local/lib/python3.10/dist-packages/yaskawa_remote'...
[20.277s] Compiling '/home/ubuntu/robot-simulation/src/install/yaskawa_remote/local/lib/python3.10/dist-packages/yaskawa_remote/__init__.py'...
[20.277s] Compiling '/home/ubuntu/robot-simulation/src/install/yaskawa_remote/local/lib/python3.10/dist-packages/yaskawa_remote/alexa_interface.py'...
[20.277s] Compiling '/home/ubuntu/robot-simulation/src/install/yaskawa_remote/local/lib/python3.10/dist-packages/yaskawa_remote/rest_api_yaskawa.py'...
[20.282s] -- Installing: /home/ubuntu/robot-simulation/src/install/yaskawa_remote/share/yaskawa_remote/launch
[20.282s] -- Installing: /home/ubuntu/robot-simulation/src/install/yaskawa_remote/share/yaskawa_remote/launch/remote_interface.launch.py
[20.282s] -- Installing: /home/ubuntu/robot-simulation/src/install/yaskawa_remote/lib/yaskawa_remote/rest_api_yaskawa.py
[20.282s] -- Installing: /home/ubuntu/robot-simulation/src/install/yaskawa_remote/lib/libtask_server.so
[20.284s] -- Set runtime path of "/home/ubuntu/robot-simulation/src/install/yaskawa_remote/lib/libtask_server.so" to ""
[20.284s] -- Installing: /home/ubuntu/robot-simulation/src/install/yaskawa_remote/share/ament_index/resource_index/package_run_dependencies/yaskawa_remote
[20.284s] -- Installing: /home/ubuntu/robot-simulation/src/install/yaskawa_remote/share/ament_index/resource_index/parent_prefix_path/yaskawa_remote
[20.284s] -- Installing: /home/ubuntu/robot-simulation/src/install/yaskawa_remote/share/yaskawa_remote/environment/ament_prefix_path.sh
[20.284s] -- Installing: /home/ubuntu/robot-simulation/src/install/yaskawa_remote/share/yaskawa_remote/environment/ament_prefix_path.dsv
[20.285s] -- Installing: /home/ubuntu/robot-simulation/src/install/yaskawa_remote/share/yaskawa_remote/environment/path.sh
[20.285s] -- Installing: /home/ubuntu/robot-simulation/src/install/yaskawa_remote/share/yaskawa_remote/environment/path.dsv
[20.285s] -- Installing: /home/ubuntu/robot-simulation/src/install/yaskawa_remote/share/yaskawa_remote/local_setup.bash
[20.285s] -- Installing: /home/ubuntu/robot-simulation/src/install/yaskawa_remote/share/yaskawa_remote/local_setup.sh
[20.285s] -- Installing: /home/ubuntu/robot-simulation/src/install/yaskawa_remote/share/yaskawa_remote/local_setup.zsh
[20.285s] -- Installing: /home/ubuntu/robot-simulation/src/install/yaskawa_remote/share/yaskawa_remote/local_setup.dsv
[20.285s] -- Installing: /home/ubuntu/robot-simulation/src/install/yaskawa_remote/share/yaskawa_remote/package.dsv
[20.286s] -- Installing: /home/ubuntu/robot-simulation/src/install/yaskawa_remote/share/ament_index/resource_index/packages/yaskawa_remote
[20.286s] -- Installing: /home/ubuntu/robot-simulation/src/install/yaskawa_remote/share/ament_index/resource_index/rclcpp_components/yaskawa_remote
[20.286s] -- Installing: /home/ubuntu/robot-simulation/src/install/yaskawa_remote/share/yaskawa_remote/cmake/yaskawa_remoteConfig.cmake
[20.286s] -- Installing: /home/ubuntu/robot-simulation/src/install/yaskawa_remote/share/yaskawa_remote/cmake/yaskawa_remoteConfig-version.cmake
[20.286s] -- Installing: /home/ubuntu/robot-simulation/src/install/yaskawa_remote/share/yaskawa_remote/package.xml
[20.289s] Invoked command in '/home/ubuntu/robot-simulation/src/build/yaskawa_remote' returned '0': AMENT_PREFIX_PATH=/home/ubuntu/robot-simulation/src/install/yaskawa_msgs:${AMENT_PREFIX_PATH} CMAKE_PREFIX_PATH=/home/ubuntu/robot-simulation/src/install/yaskawa_msgs:/home/ubuntu/robot-simulation/install/yaskawa_remote:/home/ubuntu/robot-simulation/install/yaskawa_msgs:/home/ubuntu/robot-simulation/install/yaskawa_moveit_2:/home/ubuntu/robot-simulation/install/yaskawa_mh5_moveit2:/home/ubuntu/robot-simulation/install/yaskawa_mh5_description:/home/ubuntu/robot-simulation/install/yaskawa_mh5_controller:/home/ubuntu/robot-simulation/install/yaskawa_mh5_bringup:/home/ubuntu/robot-simulation/install/point_cloud_processing:/opt/ros/humble LD_LIBRARY_PATH=/home/ubuntu/robot-simulation/src/install/yaskawa_msgs/lib:${LD_LIBRARY_PATH} PYTHONPATH=/home/ubuntu/robot-simulation/src/install/yaskawa_msgs/local/lib/python3.10/dist-packages:${PYTHONPATH} /usr/bin/cmake --install /home/ubuntu/robot-simulation/src/build/yaskawa_remote
